java -cp /home/ubuntu/ycsb-0.17.0/mongodb-binding/conf:/home/ubuntu/ycsb-0.17.0/conf:/home/ubuntu/ycsb-0.17.0/lib/jackson-core-asl-1.9.4.jar:/home/ubuntu/ycsb-0.17.0/lib/jackson-mapper-asl-1.9.4.jar:/home/ubuntu/ycsb-0.17.0/lib/HdrHistogram-2.1.4.jar:/home/ubuntu/ycsb-0.17.0/lib/htrace-core4-4.1.0-incubating.jar:/home/ubuntu/ycsb-0.17.0/lib/core-0.17.0.jar:/home/ubuntu/ycsb-0.17.0/mongodb-binding/lib/logback-classic-1.1.2.jar:/home/ubuntu/ycsb-0.17.0/mongodb-binding/lib/slf4j-api-1.7.25.jar:/home/ubuntu/ycsb-0.17.0/mongodb-binding/lib/mongodb-async-driver-2.0.1.jar:/home/ubuntu/ycsb-0.17.0/mongodb-binding/lib/mongodb-binding-0.17.0.jar:/home/ubuntu/ycsb-0.17.0/mongodb-binding/lib/mongo-java-driver-3.8.0.jar:/home/ubuntu/ycsb-0.17.0/mongodb-binding/lib/snappy-java-1.1.7.1.jar:/home/ubuntu/ycsb-0.17.0/mongodb-binding/lib/logback-core-1.1.2.jar site.ycsb.Client -db site.ycsb.db.AsyncMongoDbClient -s -P workloads/workloada -threads 16 -p recordcount=3000000 -p operationcount=300000000 -p maxexecutiontime=3600 -p mongodb.url=mongodb://172.31.36.162:27017 -t
Command line: -db site.ycsb.db.AsyncMongoDbClient -s -P workloads/workloada -threads 16 -p recordcount=3000000 -p operationcount=300000000 -p maxexecutiontime=3600 -p mongodb.url=mongodb://172.31.36.162:27017 -t
YCSB Client 0.17.0

Loading workload...
Starting test.
Maximum execution time specified as: 3600 secs
2020-02-19 09:43:59:311 0 sec: 0 operations; est completion in 106751991167300 days 15 hours 
DBWrapper: report latency for each error is false and specific error codes to track for latency are: []
DBWrapper: report latency for each error is false and specific error codes to track for latency are: []
DBWrapper: report latency for each error is false and specific error codes to track for latency are: []
DBWrapper: report latency for each error is false and specific error codes to track for latency are: []
DBWrapper: report latency for each error is false and specific error codes to track for latency are: []
DBWrapper: report latency for each error is false and specific error codes to track for latency are: []
DBWrapper: report latency for each error is false and specific error codes to track for latency are: []
DBWrapper: report latency for each error is false and specific error codes to track for latency are: []
DBWrapper: report latency for each error is false and specific error codes to track for latency are: []
DBWrapper: report latency for each error is false and specific error codes to track for latency are: []
DBWrapper: report latency for each error is false and specific error codes to track for latency are: []
DBWrapper: report latency for each error is false and specific error codes to track for latency are: []
DBWrapper: report latency for each error is false and specific error codes to track for latency are: []
DBWrapper: report latency for each error is false and specific error codes to track for latency are: []
DBWrapper: report latency for each error is false and specific error codes to track for latency are: []
DBWrapper: report latency for each error is false and specific error codes to track for latency are: []
2020-02-19 09:44:09:296 10 sec: 48821 operations; 4883.57 current ops/sec; est completion in 17 hours 3 minutes [READ: Count=24364, Max=73855, Min=112, Avg=3217.95, 90=6363, 99=12607, 99.9=24831, 99.99=66815] [UPDATE: Count=24492, Max=81471, Min=150, Avg=3274.99, 90=6371, 99=12823, 99.9=30015, 99.99=81151] 
2020-02-19 09:44:19:296 20 sec: 99527 operations; 5070.6 current ops/sec; est completion in 16 hours 44 minutes [READ: Count=25218, Max=39903, Min=107, Avg=3116.18, 90=6063, 99=12639, 99.9=31967, 99.99=36959] [UPDATE: Count=25462, Max=37183, Min=139, Avg=3192.95, 90=6167, 99=13015, 99.9=31279, 99.99=35391] 
2020-02-19 09:44:29:296 30 sec: 154653 operations; 5512.6 current ops/sec; est completion in 16 hours 9 minutes [READ: Count=27572, Max=96703, Min=104, Avg=2856.94, 90=5527, 99=13039, 99.9=32095, 99.99=92671] [UPDATE: Count=27553, Max=100351, Min=147, Avg=2941.15, 90=5667, 99=12807, 99.9=33215, 99.99=96511] 
2020-02-19 09:44:39:296 40 sec: 217613 operations; 6296 current ops/sec; est completion in 15 hours 18 minutes [READ: Count=31369, Max=99647, Min=110, Avg=2533, 90=4643, 99=12983, 99.9=30255, 99.99=94463] [UPDATE: Count=31590, Max=99647, Min=145, Avg=2546.38, 90=4683, 99=12279, 99.9=29807, 99.99=93567] 
2020-02-19 09:44:49:296 50 sec: 272395 operations; 5478.2 current ops/sec; est completion in 15 hours 16 minutes [READ: Count=27110, Max=125887, Min=108, Avg=2905.93, 90=5459, 99=21279, 99.9=62655, 99.99=111231] [UPDATE: Count=27669, Max=126463, Min=144, Avg=2929.82, 90=5439, 99=21359, 99.9=42783, 99.99=97151] 
2020-02-19 09:44:59:296 60 sec: 308611 operations; 3621.6 current ops/sec; est completion in 16 hours 11 minutes [READ: Count=18028, Max=92671, Min=113, Avg=4402.32, 90=9055, 99=15415, 99.9=75967, 99.99=90175] [UPDATE: Count=18188, Max=92607, Min=143, Avg=4430.95, 90=9119, 99=15639, 99.9=71487, 99.99=90815] 
2020-02-19 09:45:09:296 70 sec: 359184 operations; 5057.3 current ops/sec; est completion in 16 hours 13 minutes [READ: Count=25320, Max=94079, Min=106, Avg=3170.38, 90=6535, 99=15263, 99.9=35295, 99.99=91135] [UPDATE: Count=25249, Max=94079, Min=146, Avg=3153.57, 90=6491, 99=14655, 99.9=34015, 99.99=87487] 
2020-02-19 09:45:19:296 80 sec: 419445 operations; 6026.1 current ops/sec; est completion in 15 hours 52 minutes [READ: Count=30063, Max=64479, Min=106, Avg=2636.27, 90=4779, 99=18287, 99.9=34143, 99.99=60159] [UPDATE: Count=30205, Max=64511, Min=146, Avg=2671.61, 90=4811, 99=19327, 99.9=33887, 99.99=59647] 
2020-02-19 09:45:29:296 90 sec: 477222 operations; 5777.7 current ops/sec; est completion in 15 hours 41 minutes [READ: Count=28791, Max=61471, Min=110, Avg=2778.96, 90=5319, 99=21007, 99.9=34783, 99.99=59711] [UPDATE: Count=28981, Max=60991, Min=149, Avg=2755.13, 90=5235, 99=14039, 99.9=34303, 99.99=59359] 
2020-02-19 09:45:39:296 100 sec: 526463 operations; 4924.1 current ops/sec; est completion in 15 hours 48 minutes [READ: Count=24519, Max=60863, Min=110, Avg=3213.19, 90=6551, 99=25183, 99.9=34399, 99.99=60319] [UPDATE: Count=24723, Max=62879, Min=147, Avg=3281.27, 90=6663, 99=25295, 99.9=34079, 99.99=59615] 
2020-02-19 09:45:49:296 110 sec: 579317 operations; 5285.4 current ops/sec; est completion in 15 hours 47 minutes [READ: Count=26321, Max=64991, Min=108, Avg=2991.97, 90=6111, 99=17855, 99.9=34463, 99.99=51807] [UPDATE: Count=26548, Max=64831, Min=147, Avg=3058.83, 90=6187, 99=17439, 99.9=34527, 99.99=42911] 
2020-02-19 09:45:59:296 120 sec: 614242 operations; 3492.5 current ops/sec; est completion in 16 hours 14 minutes [READ: Count=17571, Max=39807, Min=110, Avg=4559, 90=9671, 99=17903, 99.9=33055, 99.99=39679] [UPDATE: Count=17339, Max=41503, Min=140, Avg=4602.33, 90=9663, 99=17743, 99.9=33343, 99.99=41151] 
2020-02-19 09:46:09:296 130 sec: 657818 operations; 4357.6 current ops/sec; est completion in 16 hours 25 minutes [READ: Count=21797, Max=58751, Min=110, Avg=3684.05, 90=8327, 99=15375, 99.9=34399, 99.99=42335] [UPDATE: Count=21781, Max=58783, Min=144, Avg=3656.86, 90=8319, 99=14711, 99.9=34495, 99.99=42559] 
2020-02-19 09:46:19:296 140 sec: 716258 operations; 5844 current ops/sec; est completion in 16 hours 14 minutes [READ: Count=29199, Max=43071, Min=110, Avg=2715.41, 90=5359, 99=12311, 99.9=33279, 99.99=41183] [UPDATE: Count=29239, Max=41663, Min=148, Avg=2755.72, 90=5403, 99=12335, 99.9=32927, 99.99=40703] 
2020-02-19 09:46:29:296 150 sec: 770084 operations; 5382.6 current ops/sec; est completion in 16 hours 11 minutes [READ: Count=26903, Max=38719, Min=113, Avg=2948.96, 90=5931, 99=15271, 99.9=33215, 99.99=36479] [UPDATE: Count=26923, Max=41215, Min=148, Avg=2993.63, 90=5967, 99=14919, 99.9=33759, 99.99=38911] 
2020-02-19 09:46:39:296 160 sec: 825172 operations; 5508.8 current ops/sec; est completion in 16 hours 6 minutes [READ: Count=27499, Max=98303, Min=108, Avg=2867.5, 90=5727, 99=14871, 99.9=36351, 99.99=91647] [UPDATE: Count=27601, Max=94527, Min=148, Avg=2938.59, 90=5831, 99=15223, 99.9=36191, 99.99=91455] 
2020-02-19 09:46:49:296 170 sec: 871848 operations; 4667.6 current ops/sec; est completion in 16 hours 12 minutes [READ: Count=23323, Max=39967, Min=114, Avg=3401.15, 90=7315, 99=15311, 99.9=33343, 99.99=36543] [UPDATE: Count=23342, Max=40831, Min=149, Avg=3451.34, 90=7303, 99=15823, 99.9=33375, 99.99=39967] 
2020-02-19 09:46:59:296 180 sec: 919666 operations; 4781.8 current ops/sec; est completion in 16 hours 15 minutes [READ: Count=23771, Max=92671, Min=107, Avg=3332.82, 90=7711, 99=14951, 99.9=33631, 99.99=91711] [UPDATE: Count=24043, Max=92863, Min=146, Avg=3357.02, 90=7659, 99=14879, 99.9=35263, 99.99=92543] 
2020-02-19 09:47:09:296 190 sec: 959294 operations; 3962.8 current ops/sec; est completion in 16 hours 27 minutes [READ: Count=19993, Max=121343, Min=110, Avg=4053.71, 90=9111, 99=17039, 99.9=36127, 99.99=95039] [UPDATE: Count=19638, Max=94207, Min=143, Avg=4015.16, 90=9167, 99=16687, 99.9=32927, 99.99=90367] 
2020-02-19 09:47:19:296 200 sec: 1001355 operations; 4206.1 current ops/sec; est completion in 16 hours 35 minutes [READ: Count=20984, Max=103935, Min=110, Avg=3758.02, 90=8431, 99=16527, 99.9=35231, 99.99=98879] [UPDATE: Count=21084, Max=103743, Min=152, Avg=3845.67, 90=8479, 99=17263, 99.9=34751, 99.99=98239] 
2020-02-19 09:47:29:296 210 sec: 1059734 operations; 5837.9 current ops/sec; est completion in 16 hours 27 minutes [READ: Count=29344, Max=98431, Min=110, Avg=2716.16, 90=5331, 99=12175, 99.9=33407, 99.99=95615] [UPDATE: Count=29033, Max=96703, Min=150, Avg=2761.73, 90=5471, 99=12199, 99.9=32959, 99.99=92223] 
2020-02-19 09:47:39:296 220 sec: 1108027 operations; 4829.3 current ops/sec; est completion in 16 hours 29 minutes [READ: Count=24161, Max=46207, Min=111, Avg=3267.21, 90=6635, 99=15895, 99.9=34495, 99.99=40735] [UPDATE: Count=24124, Max=55487, Min=143, Avg=3354.34, 90=6971, 99=16975, 99.9=35647, 99.99=45663] 
2020-02-19 09:47:49:296 230 sec: 1164173 operations; 5614.6 current ops/sec; est completion in 16 hours 24 minutes [READ: Count=27851, Max=63871, Min=112, Avg=2801.92, 90=5619, 99=14911, 99.9=34847, 99.99=58623] [UPDATE: Count=28300, Max=62719, Min=147, Avg=2895.32, 90=5683, 99=16359, 99.9=36639, 99.99=58207] 
2020-02-19 09:47:59:296 240 sec: 1206620 operations; 4244.7 current ops/sec; est completion in 16 hours 30 minutes [READ: Count=21137, Max=108415, Min=114, Avg=3734.31, 90=8031, 99=25551, 99.9=92671, 99.99=97727] [UPDATE: Count=21307, Max=115583, Min=158, Avg=3799.3, 90=8239, 99=24959, 99.9=93887, 99.99=101631] 
2020-02-19 09:48:09:296 250 sec: 1253538 operations; 4691.8 current ops/sec; est completion in 16 hours 33 minutes [READ: Count=23374, Max=97343, Min=117, Avg=3383.94, 90=7335, 99=15663, 99.9=36607, 99.99=95679] [UPDATE: Count=23542, Max=97215, Min=165, Avg=3433.5, 90=7363, 99=15719, 99.9=38879, 99.99=94079] 
2020-02-19 09:48:19:296 260 sec: 1294414 operations; 4087.6 current ops/sec; est completion in 16 hours 39 minutes [READ: Count=20546, Max=92479, Min=107, Avg=3922.48, 90=8567, 99=16343, 99.9=69247, 99.99=89407] [UPDATE: Count=20330, Max=92223, Min=147, Avg=3906.35, 90=8455, 99=15959, 99.9=85119, 99.99=89983] 
2020-02-19 09:48:29:296 270 sec: 1355489 operations; 6107.5 current ops/sec; est completion in 16 hours 31 minutes [READ: Count=30608, Max=59775, Min=106, Avg=2598.57, 90=5055, 99=12943, 99.9=34335, 99.99=57759] [UPDATE: Count=30476, Max=59647, Min=142, Avg=2637.51, 90=5103, 99=12615, 99.9=32703, 99.99=58591] 
2020-02-19 09:48:39:296 280 sec: 1411178 operations; 5568.9 current ops/sec; est completion in 16 hours 27 minutes [READ: Count=27813, Max=95679, Min=110, Avg=2860.34, 90=5715, 99=13247, 99.9=51295, 99.99=93311] [UPDATE: Count=27889, Max=94463, Min=146, Avg=2882.11, 90=5855, 99=12823, 99.9=35519, 99.99=92991] 
2020-02-19 09:48:49:296 290 sec: 1467287 operations; 5610.9 current ops/sec; est completion in 16 hours 23 minutes [READ: Count=28239, Max=93247, Min=112, Avg=2799.63, 90=5631, 99=14575, 99.9=41471, 99.99=89791] [UPDATE: Count=27848, Max=93311, Min=148, Avg=2900.93, 90=5747, 99=15031, 99.9=51007, 99.99=90367] 
2020-02-19 09:48:59:296 300 sec: 1519121 operations; 5183.4 current ops/sec; est completion in 16 hours 22 minutes [READ: Count=25760, Max=103743, Min=111, Avg=3029.22, 90=6319, 99=13327, 99.9=29359, 99.99=93567] [UPDATE: Count=26074, Max=103551, Min=146, Avg=3139.65, 90=6503, 99=13343, 99.9=31119, 99.99=93951] 
2020-02-19 09:49:09:296 310 sec: 1553748 operations; 3462.7 current ops/sec; est completion in 16 hours 32 minutes [READ: Count=17269, Max=93503, Min=112, Avg=4604.27, 90=9679, 99=16895, 99.9=38047, 99.99=93375] [UPDATE: Count=17358, Max=93567, Min=149, Avg=4632.31, 90=9543, 99=17359, 99.9=41439, 99.99=92799] 
2020-02-19 09:49:19:296 320 sec: 1590443 operations; 3669.5 current ops/sec; est completion in 16 hours 40 minutes [READ: Count=18355, Max=107455, Min=105, Avg=4359.18, 90=9391, 99=15975, 99.9=93375, 99.99=105599] [UPDATE: Count=18346, Max=111807, Min=150, Avg=4360.55, 90=9343, 99=15895, 99.9=91007, 99.99=108415] 
2020-02-19 09:49:29:296 330 sec: 1649142 operations; 5869.9 current ops/sec; est completion in 16 hours 35 minutes [READ: Count=29273, Max=94463, Min=108, Avg=2690.5, 90=5531, 99=12167, 99.9=26111, 99.99=94015] [UPDATE: Count=29421, Max=96767, Min=149, Avg=2758.12, 90=5603, 99=12343, 99.9=26623, 99.99=94015] 
2020-02-19 09:49:39:296 340 sec: 1703086 operations; 5394.4 current ops/sec; est completion in 16 hours 32 minutes [READ: Count=26963, Max=40127, Min=111, Avg=2932.27, 90=6043, 99=11879, 99.9=27231, 99.99=34175] [UPDATE: Count=26981, Max=40063, Min=145, Avg=2997.24, 90=6171, 99=11887, 99.9=27871, 99.99=35711] 
2020-02-19 09:49:49:296 350 sec: 1754183 operations; 5109.7 current ops/sec; est completion in 16 hours 31 minutes [READ: Count=25583, Max=94335, Min=112, Avg=3118.8, 90=6623, 99=12223, 99.9=28175, 99.99=93247] [UPDATE: Count=25515, Max=94399, Min=148, Avg=3140.19, 90=6683, 99=12311, 99.9=23871, 99.99=93183] 
2020-02-19 09:49:59:296 360 sec: 1806914 operations; 5273.1 current ops/sec; est completion in 16 hours 30 minutes [READ: Count=26509, Max=52703, Min=111, Avg=3008.49, 90=6403, 99=16735, 99.9=31471, 99.99=42975] [UPDATE: Count=26220, Max=53055, Min=147, Avg=3057.36, 90=6471, 99=16751, 99.9=33791, 99.99=45311] 
2020-02-19 09:50:09:296 370 sec: 1851699 operations; 4478.5 current ops/sec; est completion in 16 hours 32 minutes [READ: Count=22417, Max=100991, Min=112, Avg=3537.85, 90=8115, 99=14663, 99.9=87999, 99.99=94783] [UPDATE: Count=22372, Max=100991, Min=144, Avg=3601.07, 90=8247, 99=15415, 99.9=74879, 99.99=97983] 
2020-02-19 09:50:19:296 380 sec: 1895739 operations; 4404 current ops/sec; est completion in 16 hours 35 minutes [READ: Count=22072, Max=95551, Min=108, Avg=3565.25, 90=8503, 99=14351, 99.9=33439, 99.99=91839] [UPDATE: Count=21964, Max=96319, Min=143, Avg=3698.26, 90=8663, 99=14591, 99.9=35039, 99.99=92607] 
2020-02-19 09:50:29:296 390 sec: 1941688 operations; 4594.9 current ops/sec; est completion in 16 hours 37 minutes [READ: Count=23172, Max=47551, Min=106, Avg=3470.72, 90=8215, 99=14719, 99.9=20719, 99.99=45567] [UPDATE: Count=22781, Max=39999, Min=150, Avg=3493.82, 90=8223, 99=14687, 99.9=20751, 99.99=34719] 
2020-02-19 09:50:39:296 400 sec: 1991798 operations; 5011 current ops/sec; est completion in 16 hours 37 minutes [READ: Count=25159, Max=99519, Min=106, Avg=3167.25, 90=6327, 99=12807, 99.9=35711, 99.99=94655] [UPDATE: Count=24947, Max=96895, Min=151, Avg=3215.69, 90=6419, 99=12999, 99.9=34175, 99.99=95679] 
2020-02-19 09:50:49:296 410 sec: 2045974 operations; 5417.6 current ops/sec; est completion in 16 hours 35 minutes [READ: Count=27052, Max=38751, Min=107, Avg=2915.82, 90=6115, 99=12631, 99.9=29375, 99.99=33951] [UPDATE: Count=27130, Max=40095, Min=141, Avg=2987.91, 90=6287, 99=12991, 99.9=29535, 99.99=34367] 
2020-02-19 09:50:59:296 420 sec: 2102047 operations; 5607.3 current ops/sec; est completion in 16 hours 32 minutes [READ: Count=28304, Max=44223, Min=111, Avg=2828.32, 90=5979, 99=11823, 99.9=29455, 99.99=40479] [UPDATE: Count=27763, Max=40671, Min=147, Avg=2875.39, 90=5999, 99=12063, 99.9=29999, 99.99=36671] 
2020-02-19 09:51:09:296 430 sec: 2143596 operations; 4154.9 current ops/sec; est completion in 16 hours 35 minutes [READ: Count=20721, Max=242559, Min=106, Avg=3741.95, 90=7879, 99=16239, 99.9=72127, 99.99=239999] [UPDATE: Count=20828, Max=243455, Min=150, Avg=3955.36, 90=8163, 99=16719, 99.9=123263, 99.99=243071] 
2020-02-19 09:51:19:299 440 sec: 2188150 operations; 4454.06 current ops/sec; est completion in 16 hours 38 minutes [READ: Count=22507, Max=107135, Min=111, Avg=3575.75, 90=8327, 99=14687, 99.9=84799, 99.99=105407] [UPDATE: Count=22047, Max=103359, Min=153, Avg=3603.42, 90=8359, 99=14631, 99.9=43199, 99.99=93183] 
2020-02-19 09:51:29:296 450 sec: 2227182 operations; 3904.37 current ops/sec; est completion in 16 hours 42 minutes [READ: Count=19460, Max=96383, Min=113, Avg=4076.82, 90=8831, 99=16527, 99.9=88831, 99.99=94719] [UPDATE: Count=19572, Max=96767, Min=146, Avg=4118.79, 90=8815, 99=16687, 99.9=89215, 99.99=94655] 
2020-02-19 09:51:39:296 460 sec: 2287728 operations; 6054.6 current ops/sec; est completion in 16 hours 37 minutes [READ: Count=30268, Max=53151, Min=107, Avg=2634.65, 90=5327, 99=11903, 99.9=31119, 99.99=51391] [UPDATE: Count=30278, Max=51423, Min=147, Avg=2647.7, 90=5299, 99=11983, 99.9=31311, 99.99=35295] 
2020-02-19 09:51:49:296 470 sec: 2337815 operations; 5008.7 current ops/sec; est completion in 16 hours 37 minutes [READ: Count=25108, Max=89151, Min=113, Avg=3171.92, 90=6427, 99=13583, 99.9=33471, 99.99=88575] [UPDATE: Count=24979, Max=88255, Min=149, Avg=3213.89, 90=6563, 99=13503, 99.9=32495, 99.99=86335] 
2020-02-19 09:51:59:296 480 sec: 2386800 operations; 4898.5 current ops/sec; est completion in 16 hours 37 minutes [READ: Count=24445, Max=68799, Min=105, Avg=3210.2, 90=6851, 99=14735, 99.9=33215, 99.99=60031] [UPDATE: Count=24541, Max=67903, Min=144, Avg=3319.65, 90=7011, 99=15351, 99.9=35071, 99.99=66623] 
2020-02-19 09:52:09:296 490 sec: 2444584 operations; 5778.4 current ops/sec; est completion in 16 hours 34 minutes [READ: Count=28719, Max=46175, Min=107, Avg=2746.38, 90=5599, 99=16655, 99.9=34719, 99.99=42527] [UPDATE: Count=29067, Max=48255, Min=142, Avg=2788.58, 90=5531, 99=16623, 99.9=35839, 99.99=45407] 
2020-02-19 09:52:19:296 500 sec: 2483010 operations; 3842.6 current ops/sec; est completion in 16 hours 38 minutes [READ: Count=19044, Max=100031, Min=116, Avg=4099.21, 90=8967, 99=14807, 99.9=37247, 99.99=98175] [UPDATE: Count=19379, Max=100223, Min=150, Avg=4219.77, 90=9055, 99=15535, 99.9=35679, 99.99=100031] 
2020-02-19 09:52:29:296 510 sec: 2525692 operations; 4268.2 current ops/sec; est completion in 16 hours 41 minutes [READ: Count=21563, Max=40543, Min=107, Avg=3686.49, 90=8559, 99=14983, 99.9=32527, 99.99=40383] [UPDATE: Count=21119, Max=39551, Min=146, Avg=3809.66, 90=8791, 99=15543, 99.9=32959, 99.99=38335] 
2020-02-19 09:52:39:296 520 sec: 2573916 operations; 4822.4 current ops/sec; est completion in 16 hours 41 minutes [READ: Count=23888, Max=43999, Min=111, Avg=3295.2, 90=6811, 99=13671, 99.9=35007, 99.99=41855] [UPDATE: Count=24336, Max=44223, Min=144, Avg=3338.09, 90=7011, 99=13863, 99.9=36319, 99.99=41055] 
2020-02-19 09:52:49:296 530 sec: 2634585 operations; 6066.9 current ops/sec; est completion in 16 hours 37 minutes [READ: Count=30143, Max=96383, Min=107, Avg=2631.14, 90=5091, 99=12639, 99.9=35231, 99.99=95039] [UPDATE: Count=30528, Max=96831, Min=146, Avg=2641.38, 90=5003, 99=13143, 99.9=34559, 99.99=92095] 
2020-02-19 09:52:59:296 540 sec: 2680625 operations; 4604 current ops/sec; est completion in 16 hours 38 minutes [READ: Count=22903, Max=57439, Min=104, Avg=3427.6, 90=7183, 99=19391, 99.9=34431, 99.99=54751] [UPDATE: Count=23140, Max=57215, Min=148, Avg=3519.4, 90=7251, 99=22175, 99.9=35583, 99.99=53471] 
2020-02-19 09:53:09:296 550 sec: 2731906 operations; 5128.1 current ops/sec; est completion in 16 hours 37 minutes [READ: Count=25758, Max=94079, Min=107, Avg=3068.81, 90=6171, 99=18415, 99.9=36095, 99.99=92479] [UPDATE: Count=25518, Max=93631, Min=149, Avg=3151.03, 90=6323, 99=21247, 99.9=35391, 99.99=92735] 
2020-02-19 09:53:19:296 560 sec: 2775530 operations; 4362.4 current ops/sec; est completion in 16 hours 39 minutes [READ: Count=21802, Max=96511, Min=108, Avg=3643.13, 90=8335, 99=17599, 99.9=36511, 99.99=93311] [UPDATE: Count=21823, Max=95551, Min=148, Avg=3705.9, 90=8335, 99=17919, 99.9=36383, 99.99=89087] 
2020-02-19 09:53:29:296 570 sec: 2818434 operations; 4290.4 current ops/sec; est completion in 16 hours 41 minutes [READ: Count=21423, Max=98111, Min=109, Avg=3697.07, 90=8495, 99=16687, 99.9=35871, 99.99=95935] [UPDATE: Count=21480, Max=102911, Min=145, Avg=3760.74, 90=8575, 99=17311, 99.9=39295, 99.99=97727] 
2020-02-19 09:53:39:296 580 sec: 2868405 operations; 4997.1 current ops/sec; est completion in 16 hours 41 minutes [READ: Count=24917, Max=94207, Min=97, Avg=3184.62, 90=6995, 99=14887, 99.9=36735, 99.99=90751] [UPDATE: Count=25054, Max=93823, Min=148, Avg=3216.77, 90=6983, 99=14799, 99.9=33759, 99.99=90815] 
2020-02-19 09:53:49:296 590 sec: 2924139 operations; 5573.4 current ops/sec; est completion in 16 hours 39 minutes [READ: Count=27860, Max=53631, Min=113, Avg=2839.75, 90=5479, 99=22303, 99.9=35103, 99.99=52543] [UPDATE: Count=27875, Max=53919, Min=154, Avg=2898, 90=5587, 99=23199, 99.9=36319, 99.99=53439] 
2020-02-19 09:53:59:296 600 sec: 2979434 operations; 5529.5 current ops/sec; est completion in 16 hours 36 minutes [READ: Count=27712, Max=67519, Min=109, Avg=2867.56, 90=5563, 99=19359, 99.9=36319, 99.99=65663] [UPDATE: Count=27589, Max=64767, Min=152, Avg=2917.31, 90=5631, 99=23535, 99.9=35231, 99.99=59263] 
2020-02-19 09:54:09:296 610 sec: 3033223 operations; 5378.9 current ops/sec; est completion in 16 hours 35 minutes [READ: Count=27026, Max=36767, Min=100, Avg=2941.02, 90=6187, 99=14223, 99.9=32527, 99.99=35455] [UPDATE: Count=26756, Max=37503, Min=140, Avg=2977.76, 90=6183, 99=13863, 99.9=33215, 99.99=36351] 
2020-02-19 09:54:19:296 620 sec: 3074266 operations; 4104.3 current ops/sec; est completion in 16 hours 38 minutes [READ: Count=20622, Max=92543, Min=106, Avg=3883.34, 90=8559, 99=22623, 99.9=41631, 99.99=90687] [UPDATE: Count=20421, Max=92735, Min=141, Avg=3943.73, 90=8639, 99=21807, 99.9=43743, 99.99=92607] 
2020-02-19 09:54:29:296 630 sec: 3119153 operations; 4488.7 current ops/sec; est completion in 16 hours 39 minutes [READ: Count=22434, Max=102335, Min=115, Avg=3560.82, 90=8303, 99=14439, 99.9=36671, 99.99=101247] [UPDATE: Count=22454, Max=102271, Min=148, Avg=3567.41, 90=8155, 99=14503, 99.9=33279, 99.99=93759] 
2020-02-19 09:54:39:296 640 sec: 3159354 operations; 4020.1 current ops/sec; est completion in 16 hours 42 minutes [READ: Count=19963, Max=38143, Min=110, Avg=3955.73, 90=8927, 99=15023, 99.9=29487, 99.99=36607] [UPDATE: Count=20237, Max=35967, Min=149, Avg=4001.32, 90=8943, 99=15287, 99.9=29311, 99.99=33631] 
2020-02-19 09:54:49:296 650 sec: 3210357 operations; 5100.3 current ops/sec; est completion in 16 hours 41 minutes [READ: Count=25464, Max=42111, Min=108, Avg=3127.67, 90=6539, 99=14631, 99.9=31967, 99.99=40191] [UPDATE: Count=25546, Max=42175, Min=142, Avg=3143.76, 90=6499, 99=14423, 99.9=31823, 99.99=40223] 
2020-02-19 09:54:59:296 660 sec: 3270386 operations; 6002.9 current ops/sec; est completion in 16 hours 38 minutes [READ: Count=29954, Max=200959, Min=109, Avg=2587.73, 90=4819, 99=10663, 99.9=30303, 99.99=199935] [UPDATE: Count=30068, Max=201087, Min=155, Avg=2738.47, 90=4967, 99=11231, 99.9=31631, 99.99=200319] 
2020-02-19 09:55:09:296 670 sec: 3321238 operations; 5085.2 current ops/sec; est completion in 16 hours 37 minutes [READ: Count=25546, Max=44831, Min=110, Avg=3106.87, 90=6695, 99=15439, 99.9=33951, 99.99=38047] [UPDATE: Count=25306, Max=44191, Min=143, Avg=3184.68, 90=6763, 99=17055, 99.9=34623, 99.99=42815] 
2020-02-19 09:55:19:296 680 sec: 3371515 operations; 5027.7 current ops/sec; est completion in 16 hours 37 minutes [READ: Count=25180, Max=100095, Min=110, Avg=3148.09, 90=6355, 99=25535, 99.9=49119, 99.99=98815] [UPDATE: Count=25101, Max=100799, Min=139, Avg=3213.16, 90=6451, 99=27055, 99.9=39231, 99.99=97087] 
2020-02-19 09:55:29:296 690 sec: 3418390 operations; 4687.5 current ops/sec; est completion in 16 hours 37 minutes [READ: Count=23599, Max=111743, Min=114, Avg=3392.93, 90=6931, 99=24975, 99.9=89215, 99.99=95679] [UPDATE: Count=23272, Max=111999, Min=147, Avg=3427.92, 90=6943, 99=23951, 99.9=89343, 99.99=94079] 
2020-02-19 09:55:39:296 700 sec: 3452818 operations; 3442.8 current ops/sec; est completion in 16 hours 42 minutes [READ: Count=17193, Max=93567, Min=113, Avg=4634.74, 90=9423, 99=17199, 99.9=34079, 99.99=88575] [UPDATE: Count=17248, Max=92543, Min=149, Avg=4659.08, 90=9431, 99=16511, 99.9=35103, 99.99=90047] 
2020-02-19 09:55:49:296 710 sec: 3510575 operations; 5775.7 current ops/sec; est completion in 16 hours 39 minutes [READ: Count=29174, Max=63423, Min=110, Avg=2767.55, 90=5287, 99=14679, 99.9=32527, 99.99=59327] [UPDATE: Count=28583, Max=64191, Min=156, Avg=2769.85, 90=5203, 99=13607, 99.9=32735, 99.99=60639] 
2020-02-19 09:55:59:296 720 sec: 3563032 operations; 5245.7 current ops/sec; est completion in 16 hours 38 minutes [READ: Count=26164, Max=97151, Min=107, Avg=3029.98, 90=6171, 99=13911, 99.9=45023, 99.99=95231] [UPDATE: Count=26281, Max=98367, Min=149, Avg=3066.83, 90=6179, 99=14271, 99.9=44191, 99.99=95487] 
2020-02-19 09:56:09:296 730 sec: 3618876 operations; 5584.4 current ops/sec; est completion in 16 hours 36 minutes [READ: Count=28147, Max=95039, Min=109, Avg=2853.85, 90=5783, 99=13343, 99.9=35231, 99.99=92479] [UPDATE: Count=27698, Max=95487, Min=146, Avg=2874.11, 90=5743, 99=13103, 99.9=35135, 99.99=92991] 
2020-02-19 09:56:19:296 740 sec: 3668408 operations; 4953.2 current ops/sec; est completion in 16 hours 36 minutes [READ: Count=24791, Max=96831, Min=112, Avg=3205.17, 90=6671, 99=16087, 99.9=36159, 99.99=93631] [UPDATE: Count=24745, Max=98623, Min=151, Avg=3251.96, 90=6679, 99=16351, 99.9=36479, 99.99=95423] 
2020-02-19 09:56:29:296 750 sec: 3713954 operations; 4554.6 current ops/sec; est completion in 16 hours 37 minutes [READ: Count=22742, Max=94015, Min=114, Avg=3499.13, 90=8287, 99=14271, 99.9=28591, 99.99=92031] [UPDATE: Count=22798, Max=94655, Min=151, Avg=3521.76, 90=8295, 99=14183, 99.9=24703, 99.99=92479] 
2020-02-19 09:56:39:296 760 sec: 3745425 operations; 3147.1 current ops/sec; est completion in 16 hours 41 minutes [READ: Count=15726, Max=102335, Min=111, Avg=5071.2, 90=10039, 99=17599, 99.9=90943, 99.99=100159] [UPDATE: Count=15745, Max=102975, Min=145, Avg=5095.18, 90=10287, 99=17503, 99.9=89151, 99.99=100031] 
2020-02-19 09:56:49:296 770 sec: 3801337 operations; 5591.2 current ops/sec; est completion in 16 hours 39 minutes [READ: Count=27931, Max=34943, Min=110, Avg=2841.9, 90=5931, 99=12471, 99.9=29759, 99.99=33151] [UPDATE: Count=27990, Max=35039, Min=144, Avg=2878.32, 90=5979, 99=12591, 99.9=30687, 99.99=34015] 
2020-02-19 09:56:59:296 780 sec: 3853542 operations; 5220.5 current ops/sec; est completion in 16 hours 39 minutes [READ: Count=25998, Max=58303, Min=110, Avg=3030.26, 90=6035, 99=14839, 99.9=34207, 99.99=38175] [UPDATE: Count=26204, Max=58239, Min=151, Avg=3096.52, 90=6183, 99=14775, 99.9=33727, 99.99=38495] 
2020-02-19 09:57:09:296 790 sec: 3915708 operations; 6216.6 current ops/sec; est completion in 16 hours 35 minutes [READ: Count=31012, Max=53375, Min=105, Avg=2552.6, 90=5139, 99=10935, 99.9=32895, 99.99=50975] [UPDATE: Count=31149, Max=53247, Min=140, Avg=2591.14, 90=5163, 99=11031, 99.9=32959, 99.99=50079] 
2020-02-19 09:57:19:296 800 sec: 3960220 operations; 4451.2 current ops/sec; est completion in 16 hours 36 minutes [READ: Count=22200, Max=99711, Min=107, Avg=3539.58, 90=7639, 99=19631, 99.9=34719, 99.99=93759] [UPDATE: Count=22311, Max=96895, Min=145, Avg=3639.17, 90=7695, 99=22895, 99.9=34687, 99.99=94143] 
2020-02-19 09:57:29:296 810 sec: 4010039 operations; 4981.9 current ops/sec; est completion in 16 hours 36 minutes [READ: Count=24782, Max=48447, Min=109, Avg=3182.04, 90=7003, 99=14991, 99.9=31791, 99.99=47071] [UPDATE: Count=25038, Max=50591, Min=149, Avg=3244.17, 90=7059, 99=15487, 99.9=33119, 99.99=44159] 
2020-02-19 09:57:39:296 820 sec: 4042480 operations; 3244.1 current ops/sec; est completion in 16 hours 40 minutes [READ: Count=16151, Max=61407, Min=114, Avg=4900.52, 90=9807, 99=17887, 99.9=35391, 99.99=58943] [UPDATE: Count=16289, Max=58847, Min=150, Avg=4958.9, 90=9975, 99=17631, 99.9=35839, 99.99=56191] 
2020-02-19 09:57:49:296 830 sec: 4100805 operations; 5832.5 current ops/sec; est completion in 16 hours 38 minutes [READ: Count=29007, Max=47679, Min=108, Avg=2691.5, 90=5339, 99=11999, 99.9=31695, 99.99=45951] [UPDATE: Count=29318, Max=48511, Min=152, Avg=2791.42, 90=5611, 99=12119, 99.9=31311, 99.99=44895] 
2020-02-19 09:57:59:296 840 sec: 4150050 operations; 4924.5 current ops/sec; est completion in 16 hours 38 minutes [READ: Count=24648, Max=40479, Min=115, Avg=3226.71, 90=7251, 99=14471, 99.9=35295, 99.99=38943] [UPDATE: Count=24598, Max=38751, Min=148, Avg=3270.04, 90=7351, 99=14495, 99.9=32479, 99.99=37823] 
2020-02-19 09:58:09:296 850 sec: 4208889 operations; 5883.9 current ops/sec; est completion in 16 hours 35 minutes [READ: Count=29309, Max=52159, Min=106, Avg=2690.83, 90=5131, 99=16239, 99.9=34175, 99.99=49695] [UPDATE: Count=29529, Max=50655, Min=147, Avg=2733.31, 90=5099, 99=16847, 99.9=33087, 99.99=49631] 
2020-02-19 09:58:19:296 860 sec: 4257365 operations; 4847.6 current ops/sec; est completion in 16 hours 35 minutes [READ: Count=24247, Max=62847, Min=106, Avg=3315.31, 90=6855, 99=27247, 99.9=35039, 99.99=61535] [UPDATE: Count=24229, Max=63743, Min=143, Avg=3295.85, 90=6767, 99=24927, 99.9=34975, 99.99=61215] 
2020-02-19 09:58:29:296 870 sec: 4303593 operations; 4622.8 current ops/sec; est completion in 16 hours 36 minutes [READ: Count=23022, Max=48255, Min=111, Avg=3423.04, 90=8287, 99=17247, 99.9=32463, 99.99=42463] [UPDATE: Count=23208, Max=59231, Min=147, Avg=3492.2, 90=8335, 99=17583, 99.9=35391, 99.99=54847] 
2020-02-19 09:58:39:296 880 sec: 4342857 operations; 3926.4 current ops/sec; est completion in 16 hours 38 minutes [READ: Count=19719, Max=41151, Min=113, Avg=4001.25, 90=8951, 99=15647, 99.9=32575, 99.99=37279] [UPDATE: Count=19544, Max=39359, Min=146, Avg=4146.17, 90=9119, 99=16543, 99.9=33407, 99.99=37311] 
2020-02-19 09:58:49:296 890 sec: 4390021 operations; 4716.4 current ops/sec; est completion in 16 hours 38 minutes [READ: Count=23785, Max=97215, Min=107, Avg=3346.85, 90=7639, 99=14943, 99.9=35167, 99.99=93823] [UPDATE: Count=23382, Max=94783, Min=147, Avg=3438.44, 90=7691, 99=15559, 99.9=36127, 99.99=94655] 
2020-02-19 09:58:59:296 900 sec: 4446305 operations; 5628.4 current ops/sec; est completion in 16 hours 37 minutes [READ: Count=28066, Max=62111, Min=116, Avg=2815.58, 90=5223, 99=18175, 99.9=34047, 99.99=47231] [UPDATE: Count=28214, Max=63423, Min=147, Avg=2849.28, 90=5215, 99=18783, 99.9=33855, 99.99=62687] 
2020-02-19 09:59:09:296 910 sec: 4505747 operations; 5944.2 current ops/sec; est completion in 16 hours 34 minutes [READ: Count=29538, Max=48479, Min=113, Avg=2666.76, 90=5455, 99=14071, 99.9=34175, 99.99=42751] [UPDATE: Count=29905, Max=51583, Min=147, Avg=2729.16, 90=5459, 99=15127, 99.9=35263, 99.99=41503] 
2020-02-19 09:59:19:296 920 sec: 4555777 operations; 5003 current ops/sec; est completion in 16 hours 34 minutes [READ: Count=24976, Max=98943, Min=108, Avg=3176.81, 90=6859, 99=13631, 99.9=36095, 99.99=98687] [UPDATE: Count=25058, Max=98879, Min=150, Avg=3216.91, 90=6867, 99=13471, 99.9=35359, 99.99=94911] 
2020-02-19 09:59:29:296 930 sec: 4607051 operations; 5127.4 current ops/sec; est completion in 16 hours 33 minutes [READ: Count=25583, Max=58495, Min=107, Avg=3081.28, 90=6255, 99=18831, 99.9=34559, 99.99=44447] [UPDATE: Count=25687, Max=58175, Min=154, Avg=3154.55, 90=6487, 99=19007, 99.9=35071, 99.99=41311] 
2020-02-19 09:59:39:296 940 sec: 4640722 operations; 3367.1 current ops/sec; est completion in 16 hours 37 minutes [READ: Count=16857, Max=55359, Min=111, Avg=4708.37, 90=9743, 99=24863, 99.9=37631, 99.99=41151] [UPDATE: Count=16818, Max=41407, Min=148, Avg=4794.18, 90=9735, 99=27343, 99.9=37247, 99.99=40831] 
2020-02-19 09:59:49:296 950 sec: 4677912 operations; 3719 current ops/sec; est completion in 16 hours 39 minutes [READ: Count=18590, Max=94783, Min=111, Avg=4271.43, 90=9031, 99=30767, 99.9=40575, 99.99=93055] [UPDATE: Count=18595, Max=96255, Min=145, Avg=4330.12, 90=9151, 99=30639, 99.9=43007, 99.99=95807] 
2020-02-19 09:59:59:296 960 sec: 4736464 operations; 5855.2 current ops/sec; est completion in 16 hours 37 minutes [READ: Count=29198, Max=40543, Min=110, Avg=2711.35, 90=5367, 99=15287, 99.9=33535, 99.99=39583] [UPDATE: Count=29364, Max=40383, Min=147, Avg=2750.53, 90=5391, 99=16055, 99.9=33119, 99.99=36447] 
2020-02-19 10:00:09:296 970 sec: 4791954 operations; 5549 current ops/sec; est completion in 16 hours 35 minutes [READ: Count=27709, Max=90047, Min=109, Avg=2859.55, 90=5475, 99=24351, 99.9=33535, 99.99=87039] [UPDATE: Count=27773, Max=89983, Min=146, Avg=2902.27, 90=5447, 99=23903, 99.9=34943, 99.99=86143] 
2020-02-19 10:00:19:296 980 sec: 4847293 operations; 5533.9 current ops/sec; est completion in 16 hours 34 minutes [READ: Count=27486, Max=51839, Min=107, Avg=2909.78, 90=6155, 99=15143, 99.9=32223, 99.99=46783] [UPDATE: Count=27856, Max=52095, Min=145, Avg=2871.61, 90=5951, 99=14231, 99.9=32239, 99.99=43135] 
2020-02-19 10:00:29:296 990 sec: 4895617 operations; 4832.4 current ops/sec; est completion in 16 hours 34 minutes [READ: Count=24188, Max=107007, Min=119, Avg=3271.25, 90=6551, 99=18799, 99.9=35903, 99.99=104895] [UPDATE: Count=24132, Max=107583, Min=155, Avg=3347.69, 90=6619, 99=19599, 99.9=59231, 99.99=105279] 
2020-02-19 10:00:39:296 1000 sec: 4936418 operations; 4080.1 current ops/sec; est completion in 16 hours 36 minutes [READ: Count=20373, Max=189823, Min=114, Avg=3839.31, 90=8647, 99=15887, 99.9=35103, 99.99=189183] [UPDATE: Count=20427, Max=190591, Min=148, Avg=3988.57, 90=8719, 99=17919, 99.9=36287, 99.99=189439] 
2020-02-19 10:00:49:296 1010 sec: 4968111 operations; 3169.3 current ops/sec; est completion in 16 hours 39 minutes [READ: Count=15960, Max=100095, Min=111, Avg=5062.84, 90=9967, 99=28527, 99.9=94527, 99.99=97087] [UPDATE: Count=15733, Max=101247, Min=143, Avg=5041.82, 90=9935, 99=27007, 99.9=93183, 99.99=98303] 
2020-02-19 10:00:59:296 1020 sec: 5017326 operations; 4921.5 current ops/sec; est completion in 16 hours 39 minutes [READ: Count=24676, Max=39903, Min=111, Avg=3184.76, 90=6511, 99=14799, 99.9=32959, 99.99=38303] [UPDATE: Count=24542, Max=45727, Min=148, Avg=3316.66, 90=6727, 99=16831, 99.9=35103, 99.99=41663] 
2020-02-19 10:01:09:296 1030 sec: 5077258 operations; 5993.2 current ops/sec; est completion in 16 hours 37 minutes [READ: Count=29884, Max=38847, Min=108, Avg=2627.44, 90=5023, 99=13063, 99.9=32223, 99.99=36639] [UPDATE: Count=30060, Max=40287, Min=144, Avg=2708.69, 90=5099, 99=13967, 99.9=33055, 99.99=36575] 
2020-02-19 10:01:19:296 1040 sec: 5134826 operations; 5756.8 current ops/sec; est completion in 16 hours 35 minutes [READ: Count=28765, Max=57375, Min=107, Avg=2746.28, 90=5467, 99=14703, 99.9=33567, 99.99=39135] [UPDATE: Count=28791, Max=67455, Min=144, Avg=2809.94, 90=5575, 99=15327, 99.9=35231, 99.99=41311] 
2020-02-19 10:01:29:296 1050 sec: 5186275 operations; 5144.9 current ops/sec; est completion in 16 hours 34 minutes [READ: Count=25787, Max=96767, Min=106, Avg=3085.45, 90=6251, 99=21599, 99.9=34591, 99.99=92991] [UPDATE: Count=25659, Max=96767, Min=151, Avg=3126.74, 90=6251, 99=20639, 99.9=34303, 99.99=89343] 
2020-02-19 10:01:39:296 1060 sec: 5230047 operations; 4377.2 current ops/sec; est completion in 16 hours 35 minutes [READ: Count=21806, Max=41311, Min=108, Avg=3634.89, 90=8407, 99=18991, 99.9=34911, 99.99=39583] [UPDATE: Count=21967, Max=47487, Min=154, Avg=3678.07, 90=8503, 99=17439, 99.9=36095, 99.99=44447] 
2020-02-19 10:01:49:296 1070 sec: 5267709 operations; 3766.2 current ops/sec; est completion in 16 hours 37 minutes [READ: Count=18871, Max=90879, Min=107, Avg=4253.8, 90=9343, 99=16239, 99.9=36799, 99.99=86847] [UPDATE: Count=18790, Max=90111, Min=149, Avg=4227.19, 90=9271, 99=16079, 99.9=36191, 99.99=85823] 
2020-02-19 10:01:59:296 1080 sec: 5316655 operations; 4894.6 current ops/sec; est completion in 16 hours 37 minutes [READ: Count=24306, Max=58591, Min=109, Avg=3221.85, 90=6963, 99=15783, 99.9=32895, 99.99=58335] [UPDATE: Count=24647, Max=62911, Min=143, Avg=3320.44, 90=7255, 99=15407, 99.9=33887, 99.99=62239] 
2020-02-19 10:02:09:296 1090 sec: 5373762 operations; 5710.7 current ops/sec; est completion in 16 hours 36 minutes [READ: Count=28889, Max=46239, Min=105, Avg=2766.5, 90=5307, 99=12039, 99.9=32991, 99.99=37183] [UPDATE: Count=28213, Max=46239, Min=147, Avg=2835.42, 90=5327, 99=12551, 99.9=34143, 99.99=38431] 
2020-02-19 10:02:19:296 1100 sec: 5431647 operations; 5788.5 current ops/sec; est completion in 16 hours 34 minutes [READ: Count=29140, Max=40607, Min=109, Avg=2741.15, 90=5579, 99=14535, 99.9=33887, 99.99=39807] [UPDATE: Count=28752, Max=41567, Min=151, Avg=2784.13, 90=5635, 99=14639, 99.9=34463, 99.99=38815] 
2020-02-19 10:02:29:296 1110 sec: 5485572 operations; 5392.5 current ops/sec; est completion in 16 hours 33 minutes [READ: Count=26885, Max=54303, Min=108, Avg=2945.8, 90=5951, 99=22559, 99.9=33631, 99.99=38911] [UPDATE: Count=27033, Max=56639, Min=150, Avg=2980.98, 90=6019, 99=18111, 99.9=33695, 99.99=38207] 
2020-02-19 10:02:39:296 1120 sec: 5531039 operations; 4546.7 current ops/sec; est completion in 16 hours 33 minutes [READ: Count=22815, Max=60671, Min=114, Avg=3495.56, 90=8155, 99=17551, 99.9=35903, 99.99=59263] [UPDATE: Count=22652, Max=54975, Min=153, Avg=3541.41, 90=8295, 99=17567, 99.9=35647, 99.99=53919] 
2020-02-19 10:02:49:296 1130 sec: 5570921 operations; 3988.2 current ops/sec; est completion in 16 hours 35 minutes [READ: Count=19906, Max=43199, Min=111, Avg=3971.76, 90=8823, 99=26927, 99.9=37023, 99.99=41823] [UPDATE: Count=19975, Max=43007, Min=142, Avg=4049.7, 90=8919, 99=27727, 99.9=36991, 99.99=40415] 
2020-02-19 10:02:59:296 1140 sec: 5617602 operations; 4668.1 current ops/sec; est completion in 16 hours 35 minutes [READ: Count=23240, Max=98815, Min=116, Avg=3394.75, 90=7419, 99=26271, 99.9=40447, 99.99=96127] [UPDATE: Count=23444, Max=98687, Min=149, Avg=3458.78, 90=7543, 99=26319, 99.9=40319, 99.99=96063] 
2020-02-19 10:03:09:296 1150 sec: 5672098 operations; 5449.6 current ops/sec; est completion in 16 hours 34 minutes [READ: Count=27466, Max=59295, Min=109, Avg=2897.34, 90=5519, 99=25471, 99.9=33439, 99.99=39583] [UPDATE: Count=27029, Max=59423, Min=151, Avg=2971.75, 90=5631, 99=25887, 99.9=33823, 99.99=36319] 
2020-02-19 10:03:19:296 1160 sec: 5727845 operations; 5574.7 current ops/sec; est completion in 16 hours 33 minutes [READ: Count=27845, Max=104383, Min=109, Avg=2863.46, 90=5707, 99=13991, 99.9=35615, 99.99=102015] [UPDATE: Count=27901, Max=101759, Min=154, Avg=2873.61, 90=5775, 99=13591, 99.9=33951, 99.99=93311] 
2020-02-19 10:03:29:296 1170 sec: 5783186 operations; 5534.1 current ops/sec; est completion in 16 hours 32 minutes [READ: Count=27648, Max=156159, Min=105, Avg=2834.8, 90=5555, 99=17599, 99.9=56959, 99.99=155519] [UPDATE: Count=27693, Max=154495, Min=147, Avg=2944.67, 90=5731, 99=18447, 99.9=86271, 99.99=108223] 
2020-02-19 10:03:39:296 1180 sec: 5826561 operations; 4337.5 current ops/sec; est completion in 16 hours 32 minutes [READ: Count=21674, Max=94015, Min=107, Avg=3620.84, 90=7667, 99=26159, 99.9=49343, 99.99=93247] [UPDATE: Count=21705, Max=93439, Min=148, Avg=3749.59, 90=7867, 99=28527, 99.9=54495, 99.99=93247] 
2020-02-19 10:03:49:296 1190 sec: 5871652 operations; 4509.1 current ops/sec; est completion in 16 hours 33 minutes [READ: Count=22855, Max=44671, Min=109, Avg=3538.92, 90=8279, 99=14671, 99.9=35327, 99.99=41407] [UPDATE: Count=22232, Max=44671, Min=147, Avg=3558.84, 90=8303, 99=14559, 99.9=32719, 99.99=39583] 
2020-02-19 10:03:59:296 1200 sec: 5909292 operations; 3764 current ops/sec; est completion in 16 hours 35 minutes [READ: Count=18808, Max=118143, Min=110, Avg=4252.93, 90=9087, 99=15439, 99.9=41119, 99.99=93183] [UPDATE: Count=18830, Max=91199, Min=142, Avg=4244.7, 90=9095, 99=15855, 99.9=33311, 99.99=91071] 
2020-02-19 10:04:09:296 1210 sec: 5958653 operations; 4936.1 current ops/sec; est completion in 16 hours 35 minutes [READ: Count=24778, Max=39807, Min=115, Avg=3202.55, 90=6563, 99=14279, 99.9=32415, 99.99=39359] [UPDATE: Count=24585, Max=42143, Min=144, Avg=3274.86, 90=6655, 99=14871, 99.9=35455, 99.99=41375] 
2020-02-19 10:04:19:296 1220 sec: 6017952 operations; 5929.9 current ops/sec; est completion in 16 hours 33 minutes [READ: Count=29851, Max=38303, Min=110, Avg=2655.07, 90=5207, 99=11039, 99.9=27247, 99.99=37087] [UPDATE: Count=29446, Max=38815, Min=146, Avg=2741.83, 90=5331, 99=11471, 99.9=27919, 99.99=32671] 
2020-02-19 10:04:29:296 1230 sec: 6067293 operations; 4934.1 current ops/sec; est completion in 16 hours 33 minutes [READ: Count=24726, Max=96767, Min=113, Avg=3236.15, 90=6563, 99=13207, 99.9=36703, 99.99=91135] [UPDATE: Count=24621, Max=94719, Min=153, Avg=3245.78, 90=6623, 99=12903, 99.9=34559, 99.99=91071] 
2020-02-19 10:04:39:296 1240 sec: 6120281 operations; 5298.8 current ops/sec; est completion in 16 hours 32 minutes [READ: Count=26423, Max=94719, Min=103, Avg=3018.44, 90=6291, 99=13359, 99.9=33503, 99.99=92735] [UPDATE: Count=26559, Max=94399, Min=147, Avg=3017.79, 90=6187, 99=13583, 99.9=33119, 99.99=91839] 
2020-02-19 10:04:49:296 1250 sec: 6161596 operations; 4131.5 current ops/sec; est completion in 16 hours 33 minutes [READ: Count=20652, Max=46943, Min=108, Avg=3861.02, 90=8591, 99=15639, 99.9=32367, 99.99=38975] [UPDATE: Count=20664, Max=48607, Min=145, Avg=3879.71, 90=8559, 99=15519, 99.9=31519, 99.99=44255] 
2020-02-19 10:04:59:296 1260 sec: 6196891 operations; 3529.5 current ops/sec; est completion in 16 hours 35 minutes [READ: Count=17710, Max=200063, Min=105, Avg=4575.67, 90=9463, 99=23487, 99.9=83839, 99.99=141055] [UPDATE: Count=17584, Max=197119, Min=140, Avg=4486.16, 90=9351, 99=19023, 99.9=77887, 99.99=140927] 
2020-02-19 10:05:09:296 1270 sec: 6249701 operations; 5281 current ops/sec; est completion in 16 hours 34 minutes [READ: Count=26541, Max=35711, Min=106, Avg=3000.89, 90=6031, 99=12631, 99.9=29007, 99.99=33407] [UPDATE: Count=26269, Max=34175, Min=146, Avg=3056.12, 90=6091, 99=12327, 99.9=29263, 99.99=32095] 
2020-02-19 10:05:19:296 1280 sec: 6307258 operations; 5755.7 current ops/sec; est completion in 16 hours 33 minutes [READ: Count=28713, Max=43839, Min=107, Avg=2760.6, 90=5479, 99=11551, 99.9=29567, 99.99=32575] [UPDATE: Count=28846, Max=45663, Min=143, Avg=2795.73, 90=5495, 99=11887, 99.9=28911, 99.99=37087] 
2020-02-19 10:05:29:296 1290 sec: 6360775 operations; 5351.7 current ops/sec; est completion in 16 hours 32 minutes [READ: Count=26817, Max=66943, Min=104, Avg=2974.97, 90=6063, 99=13479, 99.9=35615, 99.99=63263] [UPDATE: Count=26708, Max=65663, Min=143, Avg=3002.62, 90=6039, 99=13207, 99.9=35871, 99.99=62591] 
2020-02-19 10:05:39:296 1300 sec: 6409836 operations; 4906.1 current ops/sec; est completion in 16 hours 32 minutes [READ: Count=24613, Max=100991, Min=109, Avg=3210.32, 90=5927, 99=27295, 99.9=58719, 99.99=98687] [UPDATE: Count=24440, Max=101055, Min=142, Avg=3308.04, 90=6119, 99=28191, 99.9=59423, 99.99=94527] 
2020-02-19 10:05:49:296 1310 sec: 6450216 operations; 4038 current ops/sec; est completion in 16 hours 33 minutes [READ: Count=20295, Max=45919, Min=106, Avg=3939.09, 90=8751, 99=17679, 99.9=34271, 99.99=38527] [UPDATE: Count=20083, Max=43999, Min=144, Avg=3982.57, 90=8807, 99=18255, 99.9=33759, 99.99=39039] 
2020-02-19 10:05:59:296 1320 sec: 6497301 operations; 4708.5 current ops/sec; est completion in 16 hours 33 minutes [READ: Count=23510, Max=96063, Min=112, Avg=3384.35, 90=7707, 99=14551, 99.9=33695, 99.99=90943] [UPDATE: Count=23576, Max=91839, Min=152, Avg=3409.27, 90=7643, 99=14167, 99.9=32671, 99.99=85183] 
2020-02-19 10:06:09:296 1330 sec: 6544146 operations; 4684.5 current ops/sec; est completion in 16 hours 34 minutes [READ: Count=23359, Max=92735, Min=101, Avg=3402.37, 90=7587, 99=16575, 99.9=37791, 99.99=87743] [UPDATE: Count=23489, Max=92351, Min=149, Avg=3426.52, 90=7619, 99=15423, 99.9=36991, 99.99=87679] 
2020-02-19 10:06:19:296 1340 sec: 6561129 operations; 1698.3 current ops/sec; est completion in 16 hours 38 minutes [READ: Count=8527, Max=866815, Min=104, Avg=8983.32, 90=9695, 99=127039, 99.9=360447, 99.99=860671] [UPDATE: Count=8452, Max=906751, Min=147, Avg=9715.4, 90=10527, 99=133247, 99.9=720383, 99.99=874495] 
2020-02-19 10:06:29:296 1350 sec: 6563338 operations; 220.9 current ops/sec; est completion in 16 hours 45 minutes [READ: Count=1072, Max=626175, Min=112, Avg=70936.89, 90=120447, 99=335615, 99.9=446463, 99.99=626175] [UPDATE: Count=1137, Max=639999, Min=153, Avg=74463.32, 90=126847, 99=351999, 99.9=627199, 99.99=639999] 
2020-02-19 10:06:39:296 1360 sec: 6565716 operations; 237.8 current ops/sec; est completion in 16 hours 53 minutes [READ: Count=1238, Max=288255, Min=125, Avg=67723.78, 90=119295, 99=214015, 99.9=272895, 99.99=288255] [UPDATE: Count=1140, Max=314111, Min=175, Avg=66739.02, 90=113471, 99=200575, 99.9=287743, 99.99=314111] 
2020-02-19 10:06:49:296 1370 sec: 6568071 operations; 235.5 current ops/sec; est completion in 17 hours [READ: Count=1145, Max=274175, Min=119, Avg=67477.37, 90=113983, 99=179711, 99.9=220031, 99.99=274175] [UPDATE: Count=1210, Max=274175, Min=162, Avg=68083.26, 90=118911, 99=173823, 99.9=236927, 99.99=274175] 
2020-02-19 10:06:59:296 1380 sec: 6570382 operations; 231.1 current ops/sec; est completion in 17 hours 7 minutes [READ: Count=1127, Max=193407, Min=166, Avg=71187.27, 90=125887, 99=173695, 99.9=193151, 99.99=193407] [UPDATE: Count=1184, Max=221311, Min=233, Avg=67868.59, 90=119807, 99=172799, 99.9=194687, 99.99=221311] 
2020-02-19 10:07:09:296 1390 sec: 6572390 operations; 200.8 current ops/sec; est completion in 17 hours 14 minutes [READ: Count=1010, Max=385791, Min=113, Avg=79331.9, 90=140287, 99=293375, 99.9=359935, 99.99=385791] [UPDATE: Count=998, Max=407039, Min=158, Avg=79891.25, 90=140287, 99=300031, 99.9=373759, 99.99=407039] 
2020-02-19 10:07:19:296 1400 sec: 6574685 operations; 229.5 current ops/sec; est completion in 17 hours 21 minutes [READ: Count=1156, Max=213247, Min=121, Avg=68940.39, 90=126335, 99=166655, 99.9=193535, 99.99=213247] [UPDATE: Count=1139, Max=206207, Min=148, Avg=70519.78, 90=122303, 99=166783, 99.9=199935, 99.99=206207] 
2020-02-19 10:07:29:296 1410 sec: 6576669 operations; 198.4 current ops/sec; est completion in 17 hours 28 minutes [READ: Count=1012, Max=286719, Min=123, Avg=79445.02, 90=147199, 99=219135, 99.9=273407, 99.99=286719] [UPDATE: Count=972, Max=359423, Min=190, Avg=81368.31, 90=146303, 99=228607, 99.9=300031, 99.99=359423] 
2020-02-19 10:07:39:296 1420 sec: 6579032 operations; 236.3 current ops/sec; est completion in 17 hours 35 minutes [READ: Count=1211, Max=226687, Min=124, Avg=68354.59, 90=125887, 99=191103, 99.9=219135, 99.99=226687] [UPDATE: Count=1152, Max=207871, Min=158, Avg=67336.89, 90=119935, 99=186623, 99.9=206335, 99.99=207871] 
2020-02-19 10:07:49:296 1430 sec: 6581717 operations; 268.5 current ops/sec; est completion in 17 hours 42 minutes [READ: Count=1332, Max=227327, Min=156, Avg=60081.51, 90=106367, 99=147967, 99.9=200831, 99.99=227327] [UPDATE: Count=1353, Max=205567, Min=174, Avg=59320.99, 90=106367, 99=151807, 99.9=205055, 99.99=205567] 
2020-02-19 10:07:59:296 1440 sec: 6584518 operations; 280.1 current ops/sec; est completion in 17 hours 49 minutes [READ: Count=1377, Max=195583, Min=124, Avg=57341.36, 90=100159, 99=144639, 99.9=174463, 99.99=195583] [UPDATE: Count=1424, Max=193663, Min=146, Avg=57008.9, 90=100287, 99=149119, 99.9=167295, 99.99=193663] 
2020-02-19 10:08:09:296 1450 sec: 6587404 operations; 288.6 current ops/sec; est completion in 17 hours 56 minutes [READ: Count=1471, Max=206463, Min=116, Avg=55595.33, 90=99903, 99=146047, 99.9=184959, 99.99=206463] [UPDATE: Count=1415, Max=179967, Min=168, Avg=54823.97, 90=98943, 99=145663, 99.9=177791, 99.99=179967] 
2020-02-19 10:08:19:296 1460 sec: 6590148 operations; 274.4 current ops/sec; est completion in 18 hours 3 minutes [READ: Count=1379, Max=213247, Min=119, Avg=59158.94, 90=106751, 99=153343, 99.9=213247, 99.99=213247] [UPDATE: Count=1365, Max=206591, Min=171, Avg=57592.96, 90=106687, 99=159743, 99.9=193407, 99.99=206591] 
2020-02-19 10:08:29:296 1470 sec: 6592931 operations; 278.3 current ops/sec; est completion in 18 hours 10 minutes [READ: Count=1415, Max=160639, Min=127, Avg=58156.24, 90=100095, 99=133119, 99.9=160127, 99.99=160639] [UPDATE: Count=1368, Max=193407, Min=161, Avg=56844.99, 90=95295, 99=137727, 99.9=167551, 99.99=193407] 
2020-02-19 10:08:39:296 1480 sec: 6595708 operations; 277.7 current ops/sec; est completion in 18 hours 17 minutes [READ: Count=1404, Max=199807, Min=119, Avg=55915.45, 90=99647, 99=159999, 99.9=195583, 99.99=199807] [UPDATE: Count=1373, Max=180095, Min=159, Avg=59411.51, 90=106559, 99=146559, 99.9=169727, 99.99=180095] 
2020-02-19 10:08:49:296 1490 sec: 6598364 operations; 265.6 current ops/sec; est completion in 18 hours 24 minutes [READ: Count=1344, Max=186623, Min=145, Avg=60743.95, 90=106687, 99=159999, 99.9=180991, 99.99=186623] [UPDATE: Count=1312, Max=193407, Min=172, Avg=59513.02, 90=105599, 99=153727, 99.9=193151, 99.99=193407] 
2020-02-19 10:08:59:296 1500 sec: 6601162 operations; 279.8 current ops/sec; est completion in 18 hours 31 minutes [READ: Count=1390, Max=199295, Min=132, Avg=58023.24, 90=100287, 99=151679, 99.9=187007, 99.99=199295] [UPDATE: Count=1408, Max=174591, Min=190, Avg=56662.7, 90=103487, 99=140159, 99.9=173311, 99.99=174591] 
2020-02-19 10:09:09:296 1510 sec: 6603776 operations; 261.4 current ops/sec; est completion in 18 hours 38 minutes [READ: Count=1279, Max=219775, Min=108, Avg=61949.6, 90=111295, 99=146815, 99.9=193407, 99.99=219775] [UPDATE: Count=1335, Max=193407, Min=150, Avg=60221.39, 90=106687, 99=146815, 99.9=179967, 99.99=193407] 
2020-02-19 10:09:19:296 1520 sec: 6606319 operations; 254.3 current ops/sec; est completion in 18 hours 45 minutes [READ: Count=1285, Max=206975, Min=120, Avg=63291.87, 90=113215, 99=159871, 99.9=186495, 99.99=206975] [UPDATE: Count=1258, Max=186751, Min=177, Avg=62684.64, 90=113279, 99=153471, 99.9=186367, 99.99=186751] 
2020-02-19 10:09:29:296 1530 sec: 6609003 operations; 268.4 current ops/sec; est completion in 18 hours 52 minutes [READ: Count=1346, Max=213631, Min=117, Avg=59477.59, 90=107647, 99=157695, 99.9=208895, 99.99=213631] [UPDATE: Count=1338, Max=186623, Min=156, Avg=59743.89, 90=106687, 99=153471, 99.9=180223, 99.99=186623] 
2020-02-19 10:09:39:296 1540 sec: 6611710 operations; 270.7 current ops/sec; est completion in 18 hours 58 minutes [READ: Count=1325, Max=180991, Min=117, Avg=59118.7, 90=100863, 99=146687, 99.9=180095, 99.99=180991] [UPDATE: Count=1382, Max=193407, Min=148, Avg=58623.23, 90=106175, 99=159871, 99.9=186367, 99.99=193407] 
2020-02-19 10:09:49:296 1550 sec: 6614482 operations; 277.2 current ops/sec; est completion in 19 hours 5 minutes [READ: Count=1328, Max=199807, Min=114, Avg=57350.84, 90=104383, 99=152191, 99.9=169599, 99.99=199807] [UPDATE: Count=1444, Max=188799, Min=153, Avg=58670.2, 90=106367, 99=143615, 99.9=173311, 99.99=188799] 
2020-02-19 10:09:59:296 1560 sec: 6617282 operations; 280 current ops/sec; est completion in 19 hours 12 minutes [READ: Count=1409, Max=176511, Min=138, Avg=57113.56, 90=100159, 99=153215, 99.9=173055, 99.99=176511] [UPDATE: Count=1391, Max=206591, Min=160, Avg=57019.35, 90=98751, 99=147199, 99.9=191103, 99.99=206591] 
2020-02-19 10:10:09:296 1570 sec: 6619927 operations; 264.5 current ops/sec; est completion in 19 hours 19 minutes [READ: Count=1334, Max=185983, Min=125, Avg=59449.12, 90=106559, 99=146687, 99.9=173311, 99.99=185983] [UPDATE: Count=1311, Max=193407, Min=178, Avg=60778.66, 90=106751, 99=153343, 99.9=193279, 99.99=193407] 
2020-02-19 10:10:19:296 1580 sec: 6622804 operations; 287.7 current ops/sec; est completion in 19 hours 26 minutes [READ: Count=1394, Max=166655, Min=114, Avg=55185.29, 90=99455, 99=138239, 99.9=159871, 99.99=166655] [UPDATE: Count=1483, Max=213375, Min=146, Avg=56616.76, 90=99967, 99=153343, 99.9=187007, 99.99=213375] 
2020-02-19 10:10:29:296 1590 sec: 6625526 operations; 272.2 current ops/sec; est completion in 19 hours 33 minutes [READ: Count=1344, Max=253311, Min=115, Avg=58563.23, 90=106815, 99=151807, 99.9=200575, 99.99=253311] [UPDATE: Count=1378, Max=252927, Min=179, Avg=59006.39, 90=106687, 99=146559, 99.9=193663, 99.99=252927] 
2020-02-19 10:10:39:296 1600 sec: 6628101 operations; 257.5 current ops/sec; est completion in 19 hours 40 minutes [READ: Count=1303, Max=193535, Min=111, Avg=61453.57, 90=106687, 99=146687, 99.9=173439, 99.99=193535] [UPDATE: Count=1272, Max=193535, Min=146, Avg=62976.35, 90=108799, 99=153471, 99.9=179967, 99.99=193535] 
2020-02-19 10:10:49:296 1610 sec: 6630573 operations; 247.2 current ops/sec; est completion in 19 hours 47 minutes [READ: Count=1238, Max=200063, Min=129, Avg=63830.99, 90=113279, 99=153471, 99.9=179071, 99.99=200063] [UPDATE: Count=1234, Max=213375, Min=164, Avg=65261.95, 90=113215, 99=159999, 99.9=200063, 99.99=213375] 
2020-02-19 10:10:59:296 1620 sec: 6633130 operations; 255.7 current ops/sec; est completion in 19 hours 54 minutes [READ: Count=1280, Max=186239, Min=127, Avg=62321.42, 90=106943, 99=153343, 99.9=180095, 99.99=186239] [UPDATE: Count=1277, Max=172927, Min=168, Avg=62900.26, 90=106751, 99=146815, 99.9=167551, 99.99=172927] 
2020-02-19 10:11:09:296 1630 sec: 6635858 operations; 272.8 current ops/sec; est completion in 20 hours 1 minute [READ: Count=1377, Max=199807, Min=128, Avg=58031.3, 90=100095, 99=146175, 99.9=199679, 99.99=199807] [UPDATE: Count=1351, Max=232959, Min=155, Avg=59169.73, 90=100479, 99=146815, 99.9=199423, 99.99=232959] 
2020-02-19 10:11:19:296 1640 sec: 6638542 operations; 268.4 current ops/sec; est completion in 20 hours 7 minutes [READ: Count=1341, Max=172159, Min=180, Avg=58615.16, 90=99967, 99=153087, 99.9=166655, 99.99=172159] [UPDATE: Count=1343, Max=173439, Min=171, Avg=60939, 90=106303, 99=146687, 99.9=166783, 99.99=173439] 
2020-02-19 10:11:29:296 1650 sec: 6641132 operations; 259 current ops/sec; est completion in 20 hours 14 minutes [READ: Count=1257, Max=186751, Min=112, Avg=61894.98, 90=106751, 99=154367, 99.9=186111, 99.99=186751] [UPDATE: Count=1333, Max=232959, Min=168, Avg=61378.8, 90=113087, 99=166655, 99.9=219135, 99.99=232959] 
2020-02-19 10:11:39:296 1660 sec: 6643954 operations; 282.2 current ops/sec; est completion in 20 hours 21 minutes [READ: Count=1421, Max=186623, Min=117, Avg=56735.37, 90=99967, 99=142335, 99.9=166911, 99.99=186623] [UPDATE: Count=1401, Max=166783, Min=155, Avg=56769.56, 90=100095, 99=139263, 99.9=166527, 99.99=166783] 
2020-02-19 10:11:49:296 1670 sec: 6646571 operations; 261.7 current ops/sec; est completion in 20 hours 28 minutes [READ: Count=1283, Max=166783, Min=130, Avg=60954.5, 90=106559, 99=146815, 99.9=159871, 99.99=166783] [UPDATE: Count=1334, Max=167551, Min=159, Avg=61322.12, 90=106687, 99=146559, 99.9=159743, 99.99=167551] 
2020-02-19 10:11:59:296 1680 sec: 6649228 operations; 265.7 current ops/sec; est completion in 20 hours 35 minutes [READ: Count=1367, Max=200063, Min=131, Avg=59872.67, 90=106687, 99=146303, 99.9=186239, 99.99=200063] [UPDATE: Count=1292, Max=199807, Min=159, Avg=60494.5, 90=106623, 99=151807, 99.9=186623, 99.99=199807] 
2020-02-19 10:12:09:296 1690 sec: 6651988 operations; 276 current ops/sec; est completion in 20 hours 42 minutes [READ: Count=1403, Max=206463, Min=116, Avg=57681.76, 90=106559, 99=159999, 99.9=206079, 99.99=206463] [UPDATE: Count=1355, Max=206335, Min=160, Avg=58222.58, 90=106239, 99=146815, 99.9=200831, 99.99=206335] 
2020-02-19 10:12:19:296 1700 sec: 6654435 operations; 244.7 current ops/sec; est completion in 20 hours 49 minutes [READ: Count=1187, Max=452863, Min=124, Avg=62826.3, 90=113215, 99=159871, 99.9=433663, 99.99=452863] [UPDATE: Count=1260, Max=493567, Min=157, Avg=65089.15, 90=113343, 99=192639, 99.9=480255, 99.99=493567] 
2020-02-19 10:12:29:296 1710 sec: 6656277 operations; 184.2 current ops/sec; est completion in 20 hours 56 minutes [READ: Count=939, Max=821247, Min=116, Avg=85962.36, 90=139647, 99=620543, 99.9=807423, 99.99=821247] [UPDATE: Count=903, Max=827903, Min=149, Avg=91810.53, 90=160255, 99=569855, 99.9=800255, 99.99=827903] 
2020-02-19 10:12:39:296 1720 sec: 6658639 operations; 236.2 current ops/sec; est completion in 21 hours 2 minutes [READ: Count=1199, Max=493311, Min=114, Avg=65914.59, 90=109439, 99=353279, 99.9=493055, 99.99=493311] [UPDATE: Count=1163, Max=493311, Min=161, Avg=69662.01, 90=113663, 99=439551, 99.9=486399, 99.99=493311] 
2020-02-19 10:12:49:296 1730 sec: 6660943 operations; 230.4 current ops/sec; est completion in 21 hours 9 minutes [READ: Count=1139, Max=762367, Min=113, Avg=67411.05, 90=110719, 99=466943, 99.9=739839, 99.99=762367] [UPDATE: Count=1165, Max=757759, Min=153, Avg=70096.23, 90=113215, 99=491519, 99.9=748031, 99.99=757759] 
2020-02-19 10:12:59:296 1740 sec: 6662888 operations; 194.5 current ops/sec; est completion in 21 hours 16 minutes [READ: Count=988, Max=775167, Min=125, Avg=80674.02, 90=126719, 99=594431, 99.9=761855, 99.99=775167] [UPDATE: Count=957, Max=775167, Min=159, Avg=85503.9, 90=133759, 99=607231, 99.9=761855, 99.99=775167] 
2020-02-19 10:13:09:296 1750 sec: 6665021 operations; 213.3 current ops/sec; est completion in 21 hours 23 minutes [READ: Count=1110, Max=599551, Min=112, Avg=72315.71, 90=120127, 99=440063, 99.9=586751, 99.99=599551] [UPDATE: Count=1023, Max=754175, Min=159, Avg=77882.66, 90=120895, 99=573951, 99.9=741375, 99.99=754175] 
2020-02-19 10:13:19:296 1760 sec: 6667128 operations; 210.7 current ops/sec; est completion in 21 hours 30 minutes [READ: Count=1080, Max=744959, Min=115, Avg=69211.71, 90=119551, 99=540159, 99.9=641023, 99.99=744959] [UPDATE: Count=1027, Max=1100799, Min=153, Avg=82815.01, 90=142847, 99=646655, 99.9=740863, 99.99=1100799] 
2020-02-19 10:13:29:296 1770 sec: 6669512 operations; 238.4 current ops/sec; est completion in 21 hours 37 minutes [READ: Count=1168, Max=992255, Min=119, Avg=64640.85, 90=106815, 99=453375, 99.9=973823, 99.99=992255] [UPDATE: Count=1216, Max=999935, Min=170, Avg=69417.82, 90=113279, 99=460799, 99.9=973311, 99.99=999935] 
2020-02-19 10:13:39:296 1780 sec: 6671474 operations; 196.2 current ops/sec; est completion in 21 hours 44 minutes [READ: Count=938, Max=853503, Min=111, Avg=77363.66, 90=140031, 99=513791, 99.9=846847, 99.99=853503] [UPDATE: Count=1025, Max=920575, Min=153, Avg=85546.5, 90=153471, 99=526335, 99.9=908287, 99.99=920575] 
2020-02-19 10:13:49:296 1790 sec: 6674145 operations; 267.1 current ops/sec; est completion in 21 hours 51 minutes [READ: Count=1320, Max=179967, Min=120, Avg=59601.6, 90=101119, 99=153215, 99.9=173823, 99.99=179967] [UPDATE: Count=1350, Max=199935, Min=163, Avg=60171.74, 90=106431, 99=146943, 99.9=199935, 99.99=199935] 
2020-02-19 10:13:59:296 1800 sec: 6676917 operations; 277.2 current ops/sec; est completion in 21 hours 57 minutes [READ: Count=1376, Max=186751, Min=117, Avg=57987.4, 90=100351, 99=146559, 99.9=186751, 99.99=186751] [UPDATE: Count=1398, Max=187903, Min=163, Avg=57554.34, 90=105791, 99=146687, 99.9=186751, 99.99=187903] 
2020-02-19 10:14:09:296 1810 sec: 6679744 operations; 282.7 current ops/sec; est completion in 22 hours 4 minutes [READ: Count=1453, Max=195199, Min=117, Avg=56315.9, 90=106431, 99=153343, 99.9=193407, 99.99=195199] [UPDATE: Count=1372, Max=219391, Min=150, Avg=56497.15, 90=106623, 99=154623, 99.9=213375, 99.99=219391] 
2020-02-19 10:14:19:296 1820 sec: 6682604 operations; 286 current ops/sec; est completion in 22 hours 11 minutes [READ: Count=1419, Max=178943, Min=125, Avg=54636.61, 90=99647, 99=146303, 99.9=173439, 99.99=178943] [UPDATE: Count=1443, Max=188543, Min=154, Avg=57425.5, 90=100031, 99=146687, 99.9=180095, 99.99=188543] 
2020-02-19 10:14:29:296 1830 sec: 6685340 operations; 273.6 current ops/sec; est completion in 22 hours 18 minutes [READ: Count=1332, Max=415487, Min=116, Avg=58020.76, 90=105087, 99=170751, 99.9=369407, 99.99=415487] [UPDATE: Count=1404, Max=415487, Min=155, Avg=59030.24, 90=106303, 99=166911, 99.9=389375, 99.99=415487] 
2020-02-19 10:14:39:296 1840 sec: 6687909 operations; 256.9 current ops/sec; est completion in 22 hours 24 minutes [READ: Count=1325, Max=560639, Min=115, Avg=59588.48, 90=105983, 99=346623, 99.9=499967, 99.99=560639] [UPDATE: Count=1242, Max=601087, Min=148, Avg=65166.43, 90=113343, 99=393471, 99.9=587263, 99.99=601087] 
2020-02-19 10:14:49:296 1850 sec: 6690784 operations; 287.5 current ops/sec; est completion in 22 hours 31 minutes [READ: Count=1493, Max=173823, Min=108, Avg=56355.34, 90=100031, 99=146687, 99.9=172415, 99.99=173823] [UPDATE: Count=1385, Max=166655, Min=160, Avg=54825.74, 90=99903, 99=139519, 99.9=159871, 99.99=166655] 
2020-02-19 10:14:59:296 1860 sec: 6693083 operations; 229.9 current ops/sec; est completion in 22 hours 38 minutes [READ: Count=1189, Max=519423, Min=112, Avg=64666.51, 90=111039, 99=399871, 99.9=500223, 99.99=519423] [UPDATE: Count=1107, Max=526847, Min=159, Avg=71024.5, 90=120127, 99=432895, 99.9=519935, 99.99=526847] 
2020-02-19 10:15:09:296 1870 sec: 6694618 operations; 153.5 current ops/sec; est completion in 22 hours 45 minutes [READ: Count=763, Max=972287, Min=115, Avg=94490.87, 90=227455, 99=740863, 99.9=943615, 99.99=972287] [UPDATE: Count=772, Max=965631, Min=152, Avg=116300.23, 90=303615, 99=793087, 99.9=953855, 99.99=965631] 
2020-02-19 10:15:19:296 1880 sec: 6696588 operations; 197 current ops/sec; est completion in 22 hours 52 minutes [READ: Count=969, Max=620543, Min=118, Avg=74034.17, 90=126591, 99=453375, 99.9=613887, 99.99=620543] [UPDATE: Count=1001, Max=633855, Min=149, Avg=90829.28, 90=226559, 99=559615, 99.9=633343, 99.99=633855] 
2020-02-19 10:15:29:296 1890 sec: 6698641 operations; 205.3 current ops/sec; est completion in 22 hours 59 minutes [READ: Count=1040, Max=820223, Min=115, Avg=74054.71, 90=132863, 99=526847, 99.9=801279, 99.99=820223] [UPDATE: Count=1013, Max=787967, Min=151, Avg=81781.26, 90=140031, 99=526847, 99.9=760831, 99.99=787967] 
2020-02-19 10:15:39:296 1900 sec: 6700668 operations; 202.7 current ops/sec; est completion in 23 hours 6 minutes [READ: Count=1032, Max=699391, Min=109, Avg=73739.32, 90=133503, 99=499967, 99.9=693759, 99.99=699391] [UPDATE: Count=995, Max=713215, Min=149, Avg=84316.97, 90=179967, 99=518655, 99.9=713215, 99.99=713215] 
2020-02-19 10:15:49:296 1910 sec: 6702761 operations; 209.3 current ops/sec; est completion in 23 hours 12 minutes [READ: Count=1023, Max=674303, Min=111, Avg=70733.33, 90=120895, 99=506879, 99.9=673791, 99.99=674303] [UPDATE: Count=1071, Max=775679, Min=147, Avg=81656.33, 90=140031, 99=521215, 99.9=681471, 99.99=775679] 
2020-02-19 10:15:59:296 1920 sec: 6704747 operations; 198.6 current ops/sec; est completion in 23 hours 19 minutes [READ: Count=995, Max=607231, Min=118, Avg=76160.63, 90=133503, 99=520191, 99.9=607231, 99.99=607231] [UPDATE: Count=990, Max=617471, Min=148, Avg=84877.57, 90=181503, 99=520447, 99.9=600575, 99.99=617471] 
2020-02-19 10:16:09:296 1930 sec: 6706117 operations; 137 current ops/sec; est completion in 23 hours 26 minutes [READ: Count=673, Max=559615, Min=131, Avg=108878.72, 90=205055, 99=455423, 99.9=520191, 99.99=559615] [UPDATE: Count=697, Max=548863, Min=192, Avg=124149.38, 90=248831, 99=479999, 99.9=504063, 99.99=548863] 
2020-02-19 10:16:19:296 1940 sec: 6708391 operations; 227.4 current ops/sec; est completion in 23 hours 33 minutes [READ: Count=1150, Max=239999, Min=112, Avg=66421.14, 90=126527, 99=193023, 99.9=222591, 99.99=239999] [UPDATE: Count=1125, Max=277759, Min=177, Avg=74792.54, 90=135935, 99=203903, 99.9=257407, 99.99=277759] 
2020-02-19 10:16:29:296 1950 sec: 6710399 operations; 200.8 current ops/sec; est completion in 23 hours 40 minutes [READ: Count=1044, Max=289791, Min=126, Avg=75459.16, 90=139903, 99=219903, 99.9=280063, 99.99=289791] [UPDATE: Count=965, Max=280063, Min=165, Avg=84178.84, 90=145151, 99=220159, 99.9=266751, 99.99=280063] 
2020-02-19 10:16:39:296 1960 sec: 6712395 operations; 199.6 current ops/sec; est completion in 23 hours 47 minutes [READ: Count=1032, Max=267775, Min=135, Avg=71552.25, 90=142847, 99=207743, 99.9=260479, 99.99=267775] [UPDATE: Count=962, Max=348415, Min=155, Avg=88888.26, 90=156543, 99=223231, 99.9=286463, 99.99=348415] 
2020-02-19 10:16:49:296 1970 sec: 6714328 operations; 193.3 current ops/sec; est completion in 23 hours 54 minutes [READ: Count=954, Max=326655, Min=145, Avg=73950.33, 90=136831, 99=226175, 99.9=306943, 99.99=326655] [UPDATE: Count=979, Max=287487, Min=194, Avg=92024.2, 90=170751, 99=256767, 99.9=283135, 99.99=287487] 
2020-02-19 10:16:59:296 1980 sec: 6716139 operations; 181.1 current ops/sec; est completion in 1 day [READ: Count=869, Max=269823, Min=137, Avg=79631.9, 90=147071, 99=219903, 99.9=260095, 99.99=269823] [UPDATE: Count=942, Max=276991, Min=150, Avg=96242.3, 90=170111, 99=260223, 99.9=273919, 99.99=276991] 
2020-02-19 10:17:09:296 1990 sec: 6717972 operations; 183.3 current ops/sec; est completion in 1 day [READ: Count=930, Max=412159, Min=112, Avg=78026.12, 90=153215, 99=243327, 99.9=283903, 99.99=412159] [UPDATE: Count=905, Max=412671, Min=175, Avg=96704.08, 90=186623, 99=277247, 99.9=384255, 99.99=412671] 
2020-02-19 10:17:19:296 2000 sec: 6719788 operations; 181.6 current ops/sec; est completion in 1 day [READ: Count=893, Max=266239, Min=112, Avg=79133.66, 90=153471, 99=229375, 99.9=246655, 99.99=266239] [UPDATE: Count=921, Max=276735, Min=153, Avg=97185.55, 90=177663, 99=250239, 99.9=276735, 99.99=276735] 
2020-02-19 10:17:29:296 2010 sec: 6721586 operations; 179.8 current ops/sec; est completion in 1 day [READ: Count=894, Max=352767, Min=148, Avg=83470.05, 90=151679, 99=239231, 99.9=319999, 99.99=352767] [UPDATE: Count=904, Max=315647, Min=173, Avg=93999.69, 90=160127, 99=266239, 99.9=308223, 99.99=315647] 
2020-02-19 10:17:39:296 2020 sec: 6723204 operations; 161.8 current ops/sec; est completion in 1 day [READ: Count=800, Max=374015, Min=134, Avg=90553.88, 90=167167, 99=273407, 99.9=353023, 99.99=374015] [UPDATE: Count=818, Max=447487, Min=214, Avg=107308.33, 90=193151, 99=296191, 99.9=343551, 99.99=447487] 
2020-02-19 10:17:49:296 2030 sec: 6724819 operations; 161.5 current ops/sec; est completion in 1 day [READ: Count=780, Max=308479, Min=116, Avg=90348.43, 90=169983, 99=253183, 99.9=289791, 99.99=308479] [UPDATE: Count=835, Max=373503, Min=182, Avg=106092.68, 90=190463, 99=277503, 99.9=331007, 99.99=373503] 
2020-02-19 10:17:59:296 2040 sec: 6726441 operations; 162.2 current ops/sec; est completion in 1 day [READ: Count=807, Max=339455, Min=115, Avg=90065.36, 90=166527, 99=260095, 99.9=330495, 99.99=339455] [UPDATE: Count=815, Max=350463, Min=181, Avg=106934.87, 90=199423, 99=287999, 99.9=325631, 99.99=350463] 
2020-02-19 10:18:09:296 2050 sec: 6728102 operations; 166.1 current ops/sec; est completion in 1 day [READ: Count=837, Max=436991, Min=149, Avg=87132.87, 90=160127, 99=282623, 99.9=359935, 99.99=436991] [UPDATE: Count=824, Max=453375, Min=283, Avg=106381.51, 90=209791, 99=365567, 99.9=437503, 99.99=453375] 
2020-02-19 10:18:19:296 2060 sec: 6729848 operations; 174.6 current ops/sec; est completion in 1 day [READ: Count=889, Max=453119, Min=114, Avg=83448.13, 90=152063, 99=239359, 99.9=427007, 99.99=453119] [UPDATE: Count=859, Max=432639, Min=214, Avg=100537.15, 90=182655, 99=384255, 99.9=427263, 99.99=432639] 
2020-02-19 10:18:29:296 2070 sec: 6731603 operations; 175.5 current ops/sec; est completion in 1 day 1 hour [READ: Count=849, Max=776703, Min=128, Avg=84873.07, 90=139903, 99=679423, 99.9=771071, 99.99=776703] [UPDATE: Count=904, Max=819199, Min=149, Avg=94876.36, 90=153343, 99=706559, 99.9=808959, 99.99=819199] 
2020-02-19 10:18:39:296 2080 sec: 6733096 operations; 149.3 current ops/sec; est completion in 1 day 1 hour [READ: Count=756, Max=928767, Min=116, Avg=103795.04, 90=306175, 99=753663, 99.9=888831, 99.99=928767] [UPDATE: Count=737, Max=934399, Min=148, Avg=112047.18, 90=397311, 99=753663, 99.9=875519, 99.99=934399] 
2020-02-19 10:18:49:296 2090 sec: 6734563 operations; 146.7 current ops/sec; est completion in 1 day 1 hour [READ: Count=702, Max=967167, Min=119, Avg=96719.6, 90=159999, 99=734207, 99.9=793599, 99.99=967167] [UPDATE: Count=765, Max=1000447, Min=161, Avg=121328.78, 90=376063, 99=700415, 99.9=993279, 99.99=1000447] 
2020-02-19 10:18:59:296 2100 sec: 6736444 operations; 188.1 current ops/sec; est completion in 1 day 1 hour [READ: Count=965, Max=946687, Min=123, Avg=78514.77, 90=132735, 99=407039, 99.9=926719, 99.99=946687] [UPDATE: Count=916, Max=953855, Min=155, Avg=91580.94, 90=140031, 99=693759, 99.9=953855, 99.99=953855] 
2020-02-19 10:19:09:296 2110 sec: 6738080 operations; 163.6 current ops/sec; est completion in 1 day 1 hour [READ: Count=846, Max=754175, Min=112, Avg=91969.38, 90=247167, 99=546815, 99.9=727551, 99.99=754175] [UPDATE: Count=790, Max=814591, Min=152, Avg=105296.44, 90=305151, 99=598527, 99.9=687615, 99.99=814591] 
2020-02-19 10:19:19:296 2120 sec: 6739655 operations; 157.5 current ops/sec; est completion in 1 day 1 hour [READ: Count=801, Max=846847, Min=112, Avg=89828.34, 90=253055, 99=580095, 99.9=825855, 99.99=846847] [UPDATE: Count=774, Max=845823, Min=161, Avg=109175.01, 90=360191, 99=671231, 99.9=814591, 99.99=845823] 
2020-02-19 10:19:29:296 2130 sec: 6741322 operations; 166.7 current ops/sec; est completion in 1 day 1 hour [READ: Count=834, Max=607743, Min=112, Avg=90738.23, 90=193023, 99=553983, 99.9=607231, 99.99=607743] [UPDATE: Count=833, Max=653823, Min=152, Avg=102522.31, 90=348159, 99=605183, 99.9=645119, 99.99=653823] 
2020-02-19 10:19:39:296 2140 sec: 6743325 operations; 200.3 current ops/sec; est completion in 1 day 1 hour [READ: Count=985, Max=608767, Min=109, Avg=77190.09, 90=139775, 99=445951, 99.9=588799, 99.99=608767] [UPDATE: Count=1018, Max=589311, Min=151, Avg=84426.49, 90=217215, 99=473343, 99.9=580607, 99.99=589311] 
2020-02-19 10:19:49:296 2150 sec: 6744691 operations; 136.6 current ops/sec; est completion in 1 day 1 hour [READ: Count=672, Max=1013759, Min=121, Avg=108246.36, 90=321023, 99=722943, 99.9=980479, 99.99=1013759] [UPDATE: Count=694, Max=1082367, Min=153, Avg=125208.93, 90=387071, 99=973311, 99.9=1020415, 99.99=1082367] 
2020-02-19 10:19:59:296 2160 sec: 6746571 operations; 188 current ops/sec; est completion in 1 day 2 hours [READ: Count=945, Max=799743, Min=107, Avg=81876.59, 90=140031, 99=620031, 99.9=693247, 99.99=799743] [UPDATE: Count=935, Max=766975, Min=154, Avg=85273.09, 90=160383, 99=534527, 99.9=695807, 99.99=766975] 
2020-02-19 10:20:09:296 2170 sec: 6748199 operations; 162.8 current ops/sec; est completion in 1 day 2 hours [READ: Count=801, Max=766975, Min=110, Avg=94162.05, 90=246527, 99=620543, 99.9=762367, 99.99=766975] [UPDATE: Count=827, Max=762367, Min=159, Avg=103536.92, 90=280831, 99=598015, 99.9=740351, 99.99=762367] 
2020-02-19 10:20:19:296 2180 sec: 6750022 operations; 182.3 current ops/sec; est completion in 1 day 2 hours [READ: Count=927, Max=913407, Min=121, Avg=82942.52, 90=119423, 99=707071, 99.9=873471, 99.99=913407] [UPDATE: Count=896, Max=933375, Min=156, Avg=95465.33, 90=134143, 99=705535, 99.9=895487, 99.99=933375] 
2020-02-19 10:20:29:296 2190 sec: 6751958 operations; 193.6 current ops/sec; est completion in 1 day 2 hours [READ: Count=1006, Max=1046015, Min=111, Avg=80478.42, 90=125247, 99=481791, 99.9=1019391, 99.99=1046015] [UPDATE: Count=930, Max=1019903, Min=144, Avg=82946.37, 90=139007, 99=566783, 99.9=1019391, 99.99=1019903] 
2020-02-19 10:20:39:296 2200 sec: 6753735 operations; 177.7 current ops/sec; est completion in 1 day 2 hours [READ: Count=922, Max=940543, Min=114, Avg=85999.16, 90=152447, 99=713727, 99.9=873471, 99.99=940543] [UPDATE: Count=855, Max=946687, Min=159, Avg=96585.35, 90=219135, 99=840191, 99.9=927743, 99.99=946687] 
2020-02-19 10:20:49:296 2210 sec: 6755481 operations; 174.6 current ops/sec; est completion in 1 day 2 hours [READ: Count=909, Max=853503, Min=114, Avg=83992.16, 90=133375, 99=711167, 99.9=833535, 99.99=853503] [UPDATE: Count=837, Max=879103, Min=154, Avg=100089.95, 90=213503, 99=707071, 99.9=820223, 99.99=879103] 
2020-02-19 10:20:59:296 2220 sec: 6757493 operations; 201.2 current ops/sec; est completion in 1 day 2 hours [READ: Count=1016, Max=714751, Min=117, Avg=69924.29, 90=126335, 99=576511, 99.9=712191, 99.99=714751] [UPDATE: Count=996, Max=720383, Min=156, Avg=85094.37, 90=166655, 99=579583, 99.9=708095, 99.99=720383] 
2020-02-19 10:21:09:296 2230 sec: 6759483 operations; 199 current ops/sec; est completion in 1 day 2 hours [READ: Count=1030, Max=941055, Min=113, Avg=75613.29, 90=121023, 99=552447, 99.9=940543, 99.99=941055] [UPDATE: Count=960, Max=993279, Min=165, Avg=88171.64, 90=140159, 99=728063, 99.9=985087, 99.99=993279] 
2020-02-19 10:21:19:296 2240 sec: 6761112 operations; 162.9 current ops/sec; est completion in 1 day 2 hours [READ: Count=809, Max=780287, Min=118, Avg=90886.68, 90=139007, 99=686079, 99.9=767999, 99.99=780287] [UPDATE: Count=820, Max=780287, Min=151, Avg=106290.56, 90=313343, 99=587263, 99.9=760319, 99.99=780287] 
2020-02-19 10:21:29:296 2250 sec: 6762915 operations; 180.3 current ops/sec; est completion in 1 day 3 hours [READ: Count=900, Max=1226751, Min=114, Avg=84610.04, 90=174463, 99=566783, 99.9=1207295, 99.99=1226751] [UPDATE: Count=903, Max=1213439, Min=152, Avg=93405.08, 90=231167, 99=589311, 99.9=1190911, 99.99=1213439] 
2020-02-19 10:21:39:296 2260 sec: 6764644 operations; 172.9 current ops/sec; est completion in 1 day 3 hours [READ: Count=846, Max=1026559, Min=112, Avg=87785.86, 90=148351, 99=646655, 99.9=733183, 99.99=1026559] [UPDATE: Count=883, Max=1019391, Min=153, Avg=93927.02, 90=174207, 99=613887, 99.9=733183, 99.99=1019391] 
2020-02-19 10:21:49:296 2270 sec: 6766337 operations; 169.3 current ops/sec; est completion in 1 day 3 hours [READ: Count=870, Max=772607, Min=112, Avg=92867.9, 90=173823, 99=706559, 99.9=768511, 99.99=772607] [UPDATE: Count=823, Max=787967, Min=148, Avg=99799.84, 90=248575, 99=712191, 99.9=762879, 99.99=787967] 
2020-02-19 10:21:59:296 2280 sec: 6768303 operations; 196.6 current ops/sec; est completion in 1 day 3 hours [READ: Count=1009, Max=726527, Min=111, Avg=77834, 90=133375, 99=555519, 99.9=719359, 99.99=726527] [UPDATE: Count=957, Max=747519, Min=152, Avg=85429.59, 90=157439, 99=568831, 99.9=733695, 99.99=747519] 
2020-02-19 10:22:09:296 2290 sec: 6770363 operations; 206 current ops/sec; est completion in 1 day 3 hours [READ: Count=1018, Max=646143, Min=110, Avg=76137.52, 90=139775, 99=446463, 99.9=620543, 99.99=646143] [UPDATE: Count=1042, Max=640511, Min=156, Avg=78871.79, 90=140159, 99=416511, 99.9=612863, 99.99=640511] 
2020-02-19 10:22:19:296 2300 sec: 6772286 operations; 192.3 current ops/sec; est completion in 1 day 3 hours [READ: Count=983, Max=563199, Min=110, Avg=77648.02, 90=146047, 99=453375, 99.9=539647, 99.99=563199] [UPDATE: Count=940, Max=562687, Min=160, Avg=87360.27, 90=213631, 99=441087, 99.9=517631, 99.99=562687] 
2020-02-19 10:22:29:296 2310 sec: 6774540 operations; 225.4 current ops/sec; est completion in 1 day 3 hours [READ: Count=1152, Max=960511, Min=129, Avg=65901.51, 90=112703, 99=441599, 99.9=763391, 99.99=960511] [UPDATE: Count=1102, Max=973823, Min=160, Avg=77806.13, 90=126399, 99=614399, 99.9=973311, 99.99=973823] 
2020-02-19 10:22:39:296 2320 sec: 6777332 operations; 279.2 current ops/sec; est completion in 1 day 3 hours [READ: Count=1391, Max=680959, Min=117, Avg=54731.84, 90=99263, 99=345343, 99.9=641023, 99.99=680959] [UPDATE: Count=1401, Max=700927, Min=152, Avg=58014.2, 90=99007, 99=440063, 99.9=694271, 99.99=700927] 
2020-02-19 10:22:49:296 2330 sec: 6780209 operations; 287.7 current ops/sec; est completion in 1 day 3 hours [READ: Count=1481, Max=386815, Min=117, Avg=54072.24, 90=99839, 99=259583, 99.9=373247, 99.99=386815] [UPDATE: Count=1396, Max=373503, Min=153, Avg=57304.44, 90=105663, 99=253311, 99.9=372479, 99.99=373503] 
2020-02-19 10:22:59:296 2340 sec: 6782744 operations; 253.5 current ops/sec; est completion in 1 day 4 hours [READ: Count=1198, Max=524287, Min=106, Avg=60611.05, 90=113407, 99=293375, 99.9=499455, 99.99=524287] [UPDATE: Count=1337, Max=553471, Min=148, Avg=67206.57, 90=123903, 99=372479, 99.9=520191, 99.99=553471] 
2020-02-19 10:23:09:296 2350 sec: 6785778 operations; 303.4 current ops/sec; est completion in 1 day 4 hours [READ: Count=1548, Max=169983, Min=124, Avg=52319.08, 90=99647, 99=144127, 99.9=156159, 99.99=169983] [UPDATE: Count=1486, Max=173055, Min=158, Avg=53058.94, 90=100735, 99=153471, 99.9=172287, 99.99=173055] 
2020-02-19 10:23:19:296 2360 sec: 6788398 operations; 262 current ops/sec; est completion in 1 day 4 hours [READ: Count=1305, Max=219903, Min=120, Avg=58677.1, 90=106943, 99=153215, 99.9=206847, 99.99=219903] [UPDATE: Count=1315, Max=239999, Min=157, Avg=63793.87, 90=113215, 99=169983, 99.9=213887, 99.99=239999] 
2020-02-19 10:23:29:296 2370 sec: 6791068 operations; 267 current ops/sec; est completion in 1 day 4 hours [READ: Count=1358, Max=240639, Min=121, Avg=57563.89, 90=112639, 99=163327, 99.9=209919, 99.99=240639] [UPDATE: Count=1312, Max=240511, Min=156, Avg=62339.2, 90=113343, 99=170367, 99.9=240127, 99.99=240511] 
2020-02-19 10:23:39:296 2380 sec: 6793502 operations; 243.4 current ops/sec; est completion in 1 day 4 hours [READ: Count=1206, Max=233087, Min=120, Avg=61916.65, 90=106943, 99=173439, 99.9=225791, 99.99=233087] [UPDATE: Count=1228, Max=262911, Min=182, Avg=69146.53, 90=119743, 99=196223, 99.9=240767, 99.99=262911] 
2020-02-19 10:23:49:296 2390 sec: 6796168 operations; 266.6 current ops/sec; est completion in 1 day 4 hours [READ: Count=1345, Max=213375, Min=113, Avg=56845.81, 90=106623, 99=169599, 99.9=209151, 99.99=213375] [UPDATE: Count=1321, Max=231295, Min=154, Avg=63511.33, 90=113471, 99=184959, 99.9=206079, 99.99=231295] 
2020-02-19 10:23:59:296 2400 sec: 6798638 operations; 247 current ops/sec; est completion in 1 day 4 hours [READ: Count=1253, Max=223359, Min=117, Avg=62609.55, 90=120255, 99=186623, 99.9=215679, 99.99=223359] [UPDATE: Count=1217, Max=253183, Min=164, Avg=66710.35, 90=119743, 99=183423, 99.9=233215, 99.99=253183] 
2020-02-19 10:24:09:296 2410 sec: 6801158 operations; 252 current ops/sec; est completion in 1 day 4 hours [READ: Count=1277, Max=249983, Min=102, Avg=58648.75, 90=109567, 99=173439, 99.9=221823, 99.99=249983] [UPDATE: Count=1243, Max=272895, Min=147, Avg=68592.36, 90=126655, 99=216703, 99.9=260351, 99.99=272895] 
2020-02-19 10:24:19:296 2420 sec: 6803920 operations; 276.2 current ops/sec; est completion in 1 day 4 hours [READ: Count=1397, Max=200063, Min=115, Avg=55708.28, 90=102143, 99=163071, 99.9=196223, 99.99=200063] [UPDATE: Count=1365, Max=210175, Min=153, Avg=60195.78, 90=109567, 99=164223, 99.9=189951, 99.99=210175] 
2020-02-19 10:24:29:296 2430 sec: 6806525 operations; 260.5 current ops/sec; est completion in 1 day 5 hours [READ: Count=1275, Max=333311, Min=116, Avg=59689.76, 90=113343, 99=184703, 99.9=296447, 99.99=333311] [UPDATE: Count=1330, Max=345855, Min=156, Avg=63152.81, 90=116159, 99=203647, 99.9=326911, 99.99=345855] 
2020-02-19 10:24:39:296 2440 sec: 6809011 operations; 248.6 current ops/sec; est completion in 1 day 5 hours [READ: Count=1233, Max=733183, Min=127, Avg=60726.95, 90=105855, 99=407551, 99.9=647167, 99.99=733183] [UPDATE: Count=1253, Max=713727, Min=149, Avg=63468.08, 90=100223, 99=529919, 99.9=713727, 99.99=713727] 
2020-02-19 10:24:49:296 2450 sec: 6811461 operations; 245 current ops/sec; est completion in 1 day 5 hours [READ: Count=1256, Max=693247, Min=113, Avg=63191.09, 90=106495, 99=432639, 99.9=693247, 99.99=693247] [UPDATE: Count=1194, Max=749055, Min=153, Avg=71959.47, 90=119551, 99=567807, 99.9=688639, 99.99=749055] 
2020-02-19 10:24:59:296 2460 sec: 6813706 operations; 224.5 current ops/sec; est completion in 1 day 5 hours [READ: Count=1122, Max=676863, Min=112, Avg=65753.52, 90=132863, 99=423423, 99.9=674303, 99.99=676863] [UPDATE: Count=1123, Max=723967, Min=155, Avg=74642.84, 90=168063, 99=453375, 99.9=713727, 99.99=723967] 
2020-02-19 10:25:09:296 2470 sec: 6815642 operations; 193.6 current ops/sec; est completion in 1 day 5 hours [READ: Count=948, Max=566783, Min=118, Avg=84049.18, 90=217983, 99=546303, 99.9=560127, 99.99=566783] [UPDATE: Count=988, Max=634879, Min=155, Avg=84112.47, 90=241151, 99=540159, 99.9=593407, 99.99=634879] 
2020-02-19 10:25:19:296 2480 sec: 6818020 operations; 237.8 current ops/sec; est completion in 1 day 5 hours [READ: Count=1185, Max=539647, Min=114, Avg=64555.69, 90=112319, 99=406015, 99.9=519167, 99.99=539647] [UPDATE: Count=1193, Max=557055, Min=145, Avg=69647.85, 90=117439, 99=453375, 99.9=539647, 99.99=557055] 
2020-02-19 10:25:29:296 2490 sec: 6820349 operations; 232.9 current ops/sec; est completion in 1 day 5 hours [READ: Count=1167, Max=446207, Min=112, Avg=64751.11, 90=114431, 99=403711, 99.9=439295, 99.99=446207] [UPDATE: Count=1162, Max=518399, Min=152, Avg=73005.63, 90=166527, 99=426751, 99.9=497663, 99.99=518399] 
2020-02-19 10:25:39:296 2500 sec: 6822629 operations; 228 current ops/sec; est completion in 1 day 5 hours [READ: Count=1145, Max=778751, Min=111, Avg=71670.26, 90=140031, 99=633343, 99.9=765951, 99.99=778751] [UPDATE: Count=1135, Max=778751, Min=150, Avg=67952.73, 90=121855, 99=598527, 99.9=733183, 99.99=778751] 
2020-02-19 10:25:49:296 2510 sec: 6825052 operations; 242.3 current ops/sec; est completion in 1 day 5 hours [READ: Count=1194, Max=580607, Min=112, Avg=64326.62, 90=116927, 99=340223, 99.9=572415, 99.99=580607] [UPDATE: Count=1229, Max=633855, Min=144, Avg=68185.37, 90=124095, 99=449791, 99.9=602623, 99.99=633855] 
2020-02-19 10:25:59:296 2520 sec: 6827473 operations; 242.1 current ops/sec; est completion in 1 day 6 hours [READ: Count=1233, Max=707071, Min=111, Avg=63203.78, 90=113023, 99=465919, 99.9=679423, 99.99=707071] [UPDATE: Count=1188, Max=647167, Min=153, Avg=69335.81, 90=120127, 99=503807, 99.9=626687, 99.99=647167] 
2020-02-19 10:26:09:296 2530 sec: 6829934 operations; 246.1 current ops/sec; est completion in 1 day 6 hours [READ: Count=1215, Max=580607, Min=112, Avg=63472.56, 90=113343, 99=427519, 99.9=580095, 99.99=580607] [UPDATE: Count=1246, Max=591871, Min=148, Avg=66417.82, 90=119935, 99=439551, 99.9=591871, 99.99=591871] 
2020-02-19 10:26:19:296 2540 sec: 6832324 operations; 239 current ops/sec; est completion in 1 day 6 hours [READ: Count=1189, Max=786431, Min=117, Avg=66782.65, 90=109951, 99=440575, 99.9=786431, 99.99=786431] [UPDATE: Count=1201, Max=771071, Min=149, Avg=66941.76, 90=113279, 99=486655, 99.9=762367, 99.99=771071] 
2020-02-19 10:26:29:296 2550 sec: 6834598 operations; 227.4 current ops/sec; est completion in 1 day 6 hours [READ: Count=1131, Max=646655, Min=110, Avg=68556.01, 90=128063, 99=513279, 99.9=613375, 99.99=646655] [UPDATE: Count=1143, Max=579071, Min=151, Avg=72063.13, 90=153983, 99=445183, 99.9=566783, 99.99=579071] 
2020-02-19 10:26:39:296 2560 sec: 6837128 operations; 253 current ops/sec; est completion in 1 day 6 hours [READ: Count=1252, Max=566783, Min=116, Avg=60777.32, 90=106623, 99=420863, 99.9=565759, 99.99=566783] [UPDATE: Count=1278, Max=566783, Min=155, Avg=65849.17, 90=113407, 99=422655, 99.9=513279, 99.99=566783] 
2020-02-19 10:26:49:296 2570 sec: 6839399 operations; 227.1 current ops/sec; est completion in 1 day 6 hours [READ: Count=1147, Max=580607, Min=112, Avg=64687.91, 90=120255, 99=388607, 99.9=572927, 99.99=580607] [UPDATE: Count=1124, Max=657919, Min=147, Avg=76097.4, 90=185215, 99=519167, 99.9=657919, 99.99=657919] 
2020-02-19 10:26:59:296 2580 sec: 6842370 operations; 297.1 current ops/sec; est completion in 1 day 6 hours [READ: Count=1458, Max=701439, Min=116, Avg=54805.63, 90=93183, 99=146815, 99.9=693247, 99.99=701439] [UPDATE: Count=1513, Max=681983, Min=164, Avg=53172.53, 90=93119, 99=146303, 99.9=600063, 99.99=681983] 
2020-02-19 10:27:09:296 2590 sec: 6844880 operations; 251 current ops/sec; est completion in 1 day 6 hours [READ: Count=1253, Max=575999, Min=111, Avg=60960.61, 90=106879, 99=361471, 99.9=466687, 99.99=575999] [UPDATE: Count=1257, Max=575999, Min=155, Avg=61717.67, 90=111487, 99=371199, 99.9=525823, 99.99=575999] 
2020-02-19 10:27:19:296 2600 sec: 6847113 operations; 223.3 current ops/sec; est completion in 1 day 6 hours [READ: Count=1089, Max=880639, Min=141, Avg=70110.85, 90=113023, 99=610303, 99.9=780287, 99.99=880639] [UPDATE: Count=1144, Max=1026559, Min=175, Avg=78114.11, 90=119679, 99=720895, 99.9=991743, 99.99=1026559] 
2020-02-19 10:27:29:296 2610 sec: 6849598 operations; 248.5 current ops/sec; est completion in 1 day 7 hours [READ: Count=1223, Max=519935, Min=107, Avg=60871.81, 90=112511, 99=359679, 99.9=516863, 99.99=519935] [UPDATE: Count=1262, Max=644095, Min=158, Avg=67040.62, 90=127103, 99=389119, 99.9=513535, 99.99=644095] 
2020-02-19 10:27:39:296 2620 sec: 6852578 operations; 298 current ops/sec; est completion in 1 day 7 hours [READ: Count=1470, Max=394751, Min=113, Avg=52141.37, 90=93247, 99=255999, 99.9=394495, 99.99=394751] [UPDATE: Count=1510, Max=402431, Min=155, Avg=55881.5, 90=103103, 99=281087, 99.9=381439, 99.99=402431] 
2020-02-19 10:27:49:296 2630 sec: 6855182 operations; 260.4 current ops/sec; est completion in 1 day 7 hours [READ: Count=1314, Max=526847, Min=123, Avg=60391.13, 90=106303, 99=238975, 99.9=503295, 99.99=526847] [UPDATE: Count=1290, Max=572415, Min=171, Avg=62379.87, 90=107519, 99=255231, 99.9=517375, 99.99=572415] 
2020-02-19 10:27:59:296 2640 sec: 6857756 operations; 257.4 current ops/sec; est completion in 1 day 7 hours [READ: Count=1303, Max=525823, Min=106, Avg=61758.44, 90=106687, 99=373247, 99.9=525823, 99.99=525823] [UPDATE: Count=1271, Max=548351, Min=153, Avg=62104.44, 90=113023, 99=385279, 99.9=547839, 99.99=548351] 
2020-02-19 10:28:09:296 2650 sec: 6860416 operations; 266 current ops/sec; est completion in 1 day 7 hours [READ: Count=1374, Max=466687, Min=109, Avg=57868.02, 90=106751, 99=266751, 99.9=453631, 99.99=466687] [UPDATE: Count=1286, Max=471295, Min=149, Avg=63331.61, 90=114111, 99=360191, 99.9=466687, 99.99=471295] 
2020-02-19 10:28:19:296 2660 sec: 6862774 operations; 235.8 current ops/sec; est completion in 1 day 7 hours [READ: Count=1230, Max=396543, Min=115, Avg=65952.92, 90=133503, 99=312063, 99.9=386047, 99.99=396543] [UPDATE: Count=1128, Max=445951, Min=161, Avg=69794.94, 90=139775, 99=299007, 99.9=396799, 99.99=445951] 
2020-02-19 10:28:29:296 2670 sec: 6865970 operations; 319.6 current ops/sec; est completion in 1 day 7 hours [READ: Count=1575, Max=183295, Min=116, Avg=49682.36, 90=93183, 99=127551, 99.9=166783, 99.99=183295] [UPDATE: Count=1621, Max=203903, Min=149, Avg=50407.13, 90=94655, 99=139007, 99.9=173183, 99.99=203903] 
2020-02-19 10:28:39:296 2680 sec: 6868737 operations; 276.7 current ops/sec; est completion in 1 day 7 hours [READ: Count=1390, Max=198783, Min=149, Avg=55914.84, 90=100991, 99=149759, 99.9=192895, 99.99=198783] [UPDATE: Count=1377, Max=218239, Min=178, Avg=59616.28, 90=110079, 99=166271, 99.9=217215, 99.99=218239] 
2020-02-19 10:28:49:296 2690 sec: 6871470 operations; 273.3 current ops/sec; est completion in 1 day 7 hours [READ: Count=1346, Max=191743, Min=114, Avg=55285.11, 90=103103, 99=154879, 99.9=191615, 99.99=191743] [UPDATE: Count=1387, Max=207871, Min=168, Avg=61579.44, 90=107647, 99=153983, 99.9=204671, 99.99=207871] 
2020-02-19 10:28:59:296 2700 sec: 6873975 operations; 250.5 current ops/sec; est completion in 1 day 7 hours [READ: Count=1231, Max=239231, Min=123, Avg=61870.49, 90=107775, 99=160383, 99.9=227071, 99.99=239231] [UPDATE: Count=1274, Max=259839, Min=151, Avg=66105.14, 90=119679, 99=194047, 99.9=239359, 99.99=259839] 
2020-02-19 10:29:09:296 2710 sec: 6876647 operations; 267.2 current ops/sec; est completion in 1 day 8 hours [READ: Count=1326, Max=232319, Min=116, Avg=55833.29, 90=106367, 99=160127, 99.9=215039, 99.99=232319] [UPDATE: Count=1346, Max=221183, Min=145, Avg=63817.15, 90=123071, 99=167295, 99.9=193151, 99.99=221183] 
2020-02-19 10:29:19:296 2720 sec: 6879379 operations; 273.2 current ops/sec; est completion in 1 day 8 hours [READ: Count=1339, Max=239615, Min=125, Avg=55049.31, 90=100863, 99=168191, 99.9=193151, 99.99=239615] [UPDATE: Count=1394, Max=253311, Min=151, Avg=62029.34, 90=116415, 99=173183, 99.9=223359, 99.99=253311] 
2020-02-19 10:29:29:296 2730 sec: 6882062 operations; 268.3 current ops/sec; est completion in 1 day 8 hours [READ: Count=1343, Max=253183, Min=114, Avg=55739.16, 90=100991, 99=156671, 99.9=222975, 99.99=253183] [UPDATE: Count=1339, Max=282879, Min=156, Avg=63105.75, 90=113343, 99=184319, 99.9=238463, 99.99=282879] 
2020-02-19 10:29:39:296 2740 sec: 6884926 operations; 286.4 current ops/sec; est completion in 1 day 8 hours [READ: Count=1423, Max=232319, Min=125, Avg=53136.73, 90=97343, 99=159871, 99.9=198911, 99.99=232319] [UPDATE: Count=1441, Max=240511, Min=161, Avg=58909.58, 90=106751, 99=177023, 99.9=238335, 99.99=240511] 
2020-02-19 10:29:49:296 2750 sec: 6887429 operations; 250.3 current ops/sec; est completion in 1 day 8 hours [READ: Count=1222, Max=319999, Min=117, Avg=59667.14, 90=106943, 99=202367, 99.9=286975, 99.99=319999] [UPDATE: Count=1281, Max=298751, Min=155, Avg=67864.74, 90=122047, 99=196863, 99.9=297727, 99.99=298751] 
2020-02-19 10:29:59:296 2760 sec: 6890134 operations; 270.5 current ops/sec; est completion in 1 day 8 hours [READ: Count=1390, Max=620031, Min=104, Avg=57029.38, 90=100095, 99=159871, 99.9=607231, 99.99=620031] [UPDATE: Count=1315, Max=584191, Min=141, Avg=58453.75, 90=105855, 99=166783, 99.9=583167, 99.99=584191] 
2020-02-19 10:30:09:296 2770 sec: 6892226 operations; 209.2 current ops/sec; est completion in 1 day 8 hours [READ: Count=1084, Max=653311, Min=118, Avg=69880.12, 90=116223, 99=461311, 99.9=573439, 99.99=653311] [UPDATE: Count=1008, Max=705535, Min=154, Avg=82107.83, 90=212095, 99=540671, 99.9=692735, 99.99=705535] 
2020-02-19 10:30:19:296 2780 sec: 6894451 operations; 222.5 current ops/sec; est completion in 1 day 8 hours [READ: Count=1118, Max=640511, Min=110, Avg=71612.9, 90=119871, 99=581631, 99.9=633855, 99.99=640511] [UPDATE: Count=1107, Max=666623, Min=149, Avg=77056.42, 90=131711, 99=589823, 99.9=650239, 99.99=666623] 
2020-02-19 10:30:29:296 2790 sec: 6896674 operations; 222.3 current ops/sec; est completion in 1 day 8 hours [READ: Count=1083, Max=931327, Min=111, Avg=70570.23, 90=120063, 99=539647, 99.9=920575, 99.99=931327] [UPDATE: Count=1140, Max=920575, Min=148, Avg=73053.84, 90=132607, 99=511231, 99.9=913919, 99.99=920575] 
2020-02-19 10:30:39:296 2800 sec: 6898789 operations; 211.5 current ops/sec; est completion in 1 day 9 hours [READ: Count=1056, Max=706047, Min=109, Avg=72370.71, 90=121151, 99=478975, 99.9=699903, 99.99=706047] [UPDATE: Count=1059, Max=829951, Min=152, Avg=77934.6, 90=139391, 99=541695, 99.9=810495, 99.99=829951] 
2020-02-19 10:30:49:296 2810 sec: 6900773 operations; 198.4 current ops/sec; est completion in 1 day 9 hours [READ: Count=984, Max=733695, Min=116, Avg=74353.7, 90=133247, 99=534527, 99.9=655359, 99.99=733695] [UPDATE: Count=1000, Max=747007, Min=152, Avg=86977.91, 90=185087, 99=602111, 99.9=733695, 99.99=747007] 
2020-02-19 10:30:59:296 2820 sec: 6902771 operations; 199.8 current ops/sec; est completion in 1 day 9 hours [READ: Count=1059, Max=634879, Min=118, Avg=76209.78, 90=138367, 99=474879, 99.9=627199, 99.99=634879] [UPDATE: Count=939, Max=634879, Min=151, Avg=84046.66, 90=145791, 99=555007, 99.9=627199, 99.99=634879] 
2020-02-19 10:31:09:296 2830 sec: 6904691 operations; 192 current ops/sec; est completion in 1 day 9 hours [READ: Count=962, Max=633343, Min=111, Avg=75460.4, 90=181631, 99=474367, 99.9=633343, 99.99=633343] [UPDATE: Count=958, Max=1026559, Min=149, Avg=92897.96, 90=252799, 99=599039, 99.9=960511, 99.99=1026559] 
2020-02-19 10:31:19:296 2840 sec: 6906831 operations; 214 current ops/sec; est completion in 1 day 9 hours [READ: Count=1059, Max=787967, Min=111, Avg=72485.07, 90=127935, 99=426751, 99.9=781823, 99.99=787967] [UPDATE: Count=1081, Max=787967, Min=144, Avg=73051.56, 90=133247, 99=439551, 99.9=747007, 99.99=787967] 
2020-02-19 10:31:29:296 2850 sec: 6908949 operations; 211.8 current ops/sec; est completion in 1 day 9 hours [READ: Count=1048, Max=705535, Min=117, Avg=73595.75, 90=119935, 99=506367, 99.9=673791, 99.99=705535] [UPDATE: Count=1070, Max=632831, Min=157, Avg=79118.05, 90=133375, 99=506623, 99.9=590335, 99.99=632831] 
2020-02-19 10:31:39:296 2860 sec: 6911228 operations; 227.9 current ops/sec; est completion in 1 day 9 hours [READ: Count=1167, Max=553471, Min=115, Avg=65141.93, 90=116223, 99=425471, 99.9=533503, 99.99=553471] [UPDATE: Count=1112, Max=553471, Min=157, Avg=74666.56, 90=132991, 99=448511, 99.9=533503, 99.99=553471] 
2020-02-19 10:31:49:296 2870 sec: 6913306 operations; 207.8 current ops/sec; est completion in 1 day 9 hours [READ: Count=1045, Max=648191, Min=110, Avg=75121.67, 90=126847, 99=493823, 99.9=619519, 99.99=648191] [UPDATE: Count=1033, Max=688639, Min=153, Avg=80912.78, 90=146303, 99=504063, 99.9=640511, 99.99=688639] 
Traceback (most recent call last):
  File "./bin/ycsb", line 347, in <module>
    sys.exit(main())
  File "./bin/ycsb", line 338, in main
    return subprocess.call(ycsb_command)
  File "/usr/lib/python2.7/subprocess.py", line 172, in call
    return Popen(*popenargs, **kwargs).wait()
  File "/usr/lib/python2.7/subprocess.py", line 1099, in wait
    pid, sts = _eintr_retry_call(os.waitpid, self.pid, 0)
  File "/usr/lib/python2.7/subprocess.py", line 125, in _eintr_retry_call
    return func(*args)
KeyboardInterrupt
