java -cp /home/ubuntu/ycsb-0.17.0/mongodb-binding/conf:/home/ubuntu/ycsb-0.17.0/conf:/home/ubuntu/ycsb-0.17.0/lib/jackson-core-asl-1.9.4.jar:/home/ubuntu/ycsb-0.17.0/lib/jackson-mapper-asl-1.9.4.jar:/home/ubuntu/ycsb-0.17.0/lib/HdrHistogram-2.1.4.jar:/home/ubuntu/ycsb-0.17.0/lib/htrace-core4-4.1.0-incubating.jar:/home/ubuntu/ycsb-0.17.0/lib/core-0.17.0.jar:/home/ubuntu/ycsb-0.17.0/mongodb-binding/lib/logback-classic-1.1.2.jar:/home/ubuntu/ycsb-0.17.0/mongodb-binding/lib/slf4j-api-1.7.25.jar:/home/ubuntu/ycsb-0.17.0/mongodb-binding/lib/mongodb-async-driver-2.0.1.jar:/home/ubuntu/ycsb-0.17.0/mongodb-binding/lib/mongodb-binding-0.17.0.jar:/home/ubuntu/ycsb-0.17.0/mongodb-binding/lib/mongo-java-driver-3.8.0.jar:/home/ubuntu/ycsb-0.17.0/mongodb-binding/lib/snappy-java-1.1.7.1.jar:/home/ubuntu/ycsb-0.17.0/mongodb-binding/lib/logback-core-1.1.2.jar site.ycsb.Client -db site.ycsb.db.AsyncMongoDbClient -s -P workloads/workloada -threads 16 -p recordcount=3000000 -p operationcount=300000000 -p maxexecutiontime=3600 -p mongodb.url=mongodb://172.31.36.162:27017 -t
Command line: -db site.ycsb.db.AsyncMongoDbClient -s -P workloads/workloada -threads 16 -p recordcount=3000000 -p operationcount=300000000 -p maxexecutiontime=3600 -p mongodb.url=mongodb://172.31.36.162:27017 -t
YCSB Client 0.17.0

Loading workload...
Starting test.
Maximum execution time specified as: 3600 secs
2020-02-19 10:42:02:970 0 sec: 0 operations; est completion in 0 second 
DBWrapper: report latency for each error is false and specific error codes to track for latency are: []
DBWrapper: report latency for each error is false and specific error codes to track for latency are: []
DBWrapper: report latency for each error is false and specific error codes to track for latency are: []
DBWrapper: report latency for each error is false and specific error codes to track for latency are: []
DBWrapper: report latency for each error is false and specific error codes to track for latency are: []
DBWrapper: report latency for each error is false and specific error codes to track for latency are: []
DBWrapper: report latency for each error is false and specific error codes to track for latency are: []
DBWrapper: report latency for each error is false and specific error codes to track for latency are: []
DBWrapper: report latency for each error is false and specific error codes to track for latency are: []
DBWrapper: report latency for each error is false and specific error codes to track for latency are: []
DBWrapper: report latency for each error is false and specific error codes to track for latency are: []
DBWrapper: report latency for each error is false and specific error codes to track for latency are: []
DBWrapper: report latency for each error is false and specific error codes to track for latency are: []
DBWrapper: report latency for each error is false and specific error codes to track for latency are: []
DBWrapper: report latency for each error is false and specific error codes to track for latency are: []
DBWrapper: report latency for each error is false and specific error codes to track for latency are: []
2020-02-19 10:42:12:970 10 sec: 54722 operations; 5471.65 current ops/sec; est completion in 15 hours 13 minutes [READ: Count=27532, Max=80959, Min=112, Avg=2863.12, 90=5095, 99=16335, 99.9=36255, 99.99=75135] [UPDATE: Count=27312, Max=87679, Min=148, Avg=2919.75, 90=5219, 99=16623, 99.9=35231, 99.99=79935] 
2020-02-19 10:42:22:970 20 sec: 110025 operations; 5530.3 current ops/sec; est completion in 15 hours 8 minutes [READ: Count=27397, Max=52511, Min=112, Avg=2872.41, 90=5703, 99=13695, 99.9=23903, 99.99=35487] [UPDATE: Count=27792, Max=55295, Min=157, Avg=2907.26, 90=5707, 99=13455, 99.9=23535, 99.99=41823] 
2020-02-19 10:42:32:970 30 sec: 176168 operations; 6614.3 current ops/sec; est completion in 14 hours 11 minutes [READ: Count=33263, Max=34303, Min=119, Avg=2395.08, 90=4371, 99=13607, 99.9=23535, 99.99=32399] [UPDATE: Count=32923, Max=36159, Min=151, Avg=2437.87, 90=4367, 99=13759, 99.9=23391, 99.99=30303] 
2020-02-19 10:42:42:970 40 sec: 238936 operations; 6276.8 current ops/sec; est completion in 13 hours 56 minutes [READ: Count=31314, Max=40863, Min=110, Avg=2512.16, 90=5015, 99=14631, 99.9=23983, 99.99=38687] [UPDATE: Count=31423, Max=42207, Min=149, Avg=2583.18, 90=5179, 99=14791, 99.9=25199, 99.99=38239] 
2020-02-19 10:42:52:970 50 sec: 314408 operations; 7547.2 current ops/sec; est completion in 13 hours 14 minutes [READ: Count=38118, Max=35679, Min=110, Avg=2091.01, 90=3681, 99=13271, 99.9=25183, 99.99=34399] [UPDATE: Count=37343, Max=36927, Min=149, Avg=2145.84, 90=3755, 99=12935, 99.9=24719, 99.99=32143] 
2020-02-19 10:43:02:970 60 sec: 380968 operations; 6656 current ops/sec; est completion in 13 hours 6 minutes [READ: Count=33259, Max=37439, Min=111, Avg=2371.16, 90=4603, 99=12719, 99.9=23391, 99.99=36287] [UPDATE: Count=33296, Max=43615, Min=143, Avg=2431.72, 90=4715, 99=12863, 99.9=24319, 99.99=36703] 
2020-02-19 10:43:12:970 70 sec: 453952 operations; 7298.4 current ops/sec; est completion in 12 hours 49 minutes [READ: Count=36441, Max=32239, Min=117, Avg=2161.07, 90=3921, 99=11919, 99.9=21167, 99.99=28383] [UPDATE: Count=36544, Max=32447, Min=156, Avg=2221.36, 90=3985, 99=12463, 99.9=22735, 99.99=30223] 
2020-02-19 10:43:22:970 80 sec: 529125 operations; 7517.3 current ops/sec; est completion in 12 hours 34 minutes [READ: Count=37377, Max=43679, Min=105, Avg=2103.91, 90=3927, 99=12495, 99.9=22687, 99.99=34943] [UPDATE: Count=37809, Max=48863, Min=143, Avg=2149.07, 90=3983, 99=12663, 99.9=22991, 99.99=38751] 
2020-02-19 10:43:32:970 90 sec: 606849 operations; 7772.4 current ops/sec; est completion in 12 hours 20 minutes [READ: Count=38718, Max=42783, Min=103, Avg=2015.75, 90=3613, 99=12583, 99.9=23327, 99.99=32671] [UPDATE: Count=39000, Max=45791, Min=140, Avg=2097.51, 90=3757, 99=12975, 99.9=25807, 99.99=35839] 
2020-02-19 10:43:42:970 100 sec: 676011 operations; 6916.2 current ops/sec; est completion in 12 hours 17 minutes [READ: Count=34786, Max=48767, Min=115, Avg=2280.73, 90=4427, 99=11655, 99.9=20831, 99.99=35807] [UPDATE: Count=34365, Max=41887, Min=156, Avg=2343.13, 90=4483, 99=11871, 99.9=20847, 99.99=35423] 
2020-02-19 10:43:52:970 110 sec: 752863 operations; 7685.2 current ops/sec; est completion in 12 hours 8 minutes [READ: Count=38463, Max=35967, Min=112, Avg=2041.14, 90=3779, 99=12151, 99.9=21167, 99.99=31343] [UPDATE: Count=38399, Max=45823, Min=149, Avg=2119.49, 90=3861, 99=12671, 99.9=21471, 99.99=39807] 
2020-02-19 10:44:02:970 120 sec: 828570 operations; 7570.7 current ops/sec; est completion in 12 hours 2 minutes [READ: Count=37731, Max=38335, Min=120, Avg=2088.58, 90=3729, 99=11983, 99.9=21151, 99.99=27695] [UPDATE: Count=37996, Max=38463, Min=172, Avg=2134.2, 90=3779, 99=12039, 99.9=23855, 99.99=29055] 
2020-02-19 10:44:12:970 130 sec: 904683 operations; 7611.3 current ops/sec; est completion in 11 hours 56 minutes [READ: Count=38178, Max=33919, Min=104, Avg=2068.42, 90=3599, 99=12951, 99.9=24287, 99.99=31247] [UPDATE: Count=37925, Max=33663, Min=141, Avg=2133.72, 90=3691, 99=13463, 99.9=25311, 99.99=30559] 
2020-02-19 10:44:22:970 140 sec: 987321 operations; 8263.8 current ops/sec; est completion in 11 hours 46 minutes [READ: Count=41477, Max=35231, Min=112, Avg=1895.85, 90=2811, 99=12735, 99.9=24271, 99.99=32751] [UPDATE: Count=41142, Max=38623, Min=155, Avg=1972.62, 90=2949, 99=13415, 99.9=24287, 99.99=32895] 
2020-02-19 10:44:32:970 150 sec: 1063088 operations; 7576.7 current ops/sec; est completion in 11 hours 43 minutes [READ: Count=37839, Max=27343, Min=107, Avg=2070.37, 90=3725, 99=11839, 99.9=21183, 99.99=25935] [UPDATE: Count=37926, Max=28975, Min=160, Avg=2148.31, 90=3841, 99=12431, 99.9=22175, 99.99=27183] 
2020-02-19 10:44:42:970 160 sec: 1138954 operations; 7586.6 current ops/sec; est completion in 11 hours 39 minutes [READ: Count=37779, Max=29343, Min=118, Avg=2080.19, 90=3881, 99=11599, 99.9=18895, 99.99=25247] [UPDATE: Count=38132, Max=29615, Min=157, Avg=2134.63, 90=3869, 99=11863, 99.9=19695, 99.99=28159] 
2020-02-19 10:44:52:970 170 sec: 1219841 operations; 8088.7 current ops/sec; est completion in 11 hours 33 minutes [READ: Count=40250, Max=26719, Min=122, Avg=1940.65, 90=3337, 99=11087, 99.9=19039, 99.99=24015] [UPDATE: Count=40624, Max=29503, Min=163, Avg=2012, 90=3423, 99=11399, 99.9=20447, 99.99=25663] 
2020-02-19 10:45:02:970 180 sec: 1293836 operations; 7399.5 current ops/sec; est completion in 11 hours 32 minutes [READ: Count=36894, Max=34655, Min=107, Avg=2122.33, 90=3881, 99=12519, 99.9=22335, 99.99=33407] [UPDATE: Count=37069, Max=34527, Min=152, Avg=2196.25, 90=4025, 99=12599, 99.9=22543, 99.99=33855] 
2020-02-19 10:45:12:970 190 sec: 1369675 operations; 7583.9 current ops/sec; est completion in 11 hours 30 minutes [READ: Count=38086, Max=62623, Min=114, Avg=2103.97, 90=3669, 99=12759, 99.9=23103, 99.99=62207] [UPDATE: Count=37762, Max=62559, Min=156, Avg=2115.09, 90=3603, 99=12423, 99.9=21935, 99.99=61215] 
2020-02-19 10:45:22:970 200 sec: 1448456 operations; 7878.1 current ops/sec; est completion in 11 hours 27 minutes [READ: Count=39272, Max=36799, Min=112, Avg=2004.2, 90=3175, 99=12935, 99.9=23631, 99.99=32207] [UPDATE: Count=39500, Max=36031, Min=155, Avg=2052.65, 90=3251, 99=12839, 99.9=23231, 99.99=29935] 
2020-02-19 10:45:32:970 210 sec: 1533597 operations; 8514.1 current ops/sec; est completion in 11 hours 21 minutes [READ: Count=42433, Max=32367, Min=112, Avg=1851.17, 90=2891, 99=11639, 99.9=19807, 99.99=30767] [UPDATE: Count=42730, Max=32335, Min=164, Avg=1904.99, 90=2973, 99=11895, 99.9=20767, 99.99=27695] 
2020-02-19 10:45:42:970 220 sec: 1609839 operations; 7624.2 current ops/sec; est completion in 11 hours 19 minutes [READ: Count=37924, Max=35519, Min=114, Avg=2055.99, 90=3539, 99=12551, 99.9=21503, 99.99=28607] [UPDATE: Count=38296, Max=31439, Min=166, Avg=2137.19, 90=3717, 99=12831, 99.9=22175, 99.99=28319] 
2020-02-19 10:45:52:970 230 sec: 1690245 operations; 8040.6 current ops/sec; est completion in 11 hours 16 minutes [READ: Count=40193, Max=38303, Min=121, Avg=1953.81, 90=3165, 99=11767, 99.9=23231, 99.99=35455] [UPDATE: Count=40224, Max=39519, Min=155, Avg=2022.69, 90=3285, 99=12335, 99.9=24607, 99.99=37663] 
2020-02-19 10:46:02:970 240 sec: 1762274 operations; 7202.9 current ops/sec; est completion in 11 hours 16 minutes [READ: Count=35906, Max=28207, Min=119, Avg=2201.54, 90=4033, 99=11495, 99.9=22415, 99.99=26175] [UPDATE: Count=36112, Max=28367, Min=159, Avg=2237.43, 90=4053, 99=11351, 99.9=23119, 99.99=27087] 
2020-02-19 10:46:12:970 250 sec: 1836548 operations; 7427.4 current ops/sec; est completion in 11 hours 16 minutes [READ: Count=37001, Max=47135, Min=118, Avg=2130.99, 90=3631, 99=12295, 99.9=22415, 99.99=39391] [UPDATE: Count=37278, Max=40991, Min=153, Avg=2174.35, 90=3695, 99=12599, 99.9=23535, 99.99=36063] 
2020-02-19 10:46:22:970 260 sec: 1913306 operations; 7675.8 current ops/sec; est completion in 11 hours 15 minutes [READ: Count=38530, Max=31679, Min=117, Avg=2053.24, 90=3671, 99=12751, 99.9=20271, 99.99=26399] [UPDATE: Count=38239, Max=31887, Min=151, Avg=2112.49, 90=3697, 99=13255, 99.9=20863, 99.99=25631] 
2020-02-19 10:46:32:970 270 sec: 1994053 operations; 8074.7 current ops/sec; est completion in 11 hours 12 minutes [READ: Count=40325, Max=45311, Min=116, Avg=1933.11, 90=3091, 99=12327, 99.9=24751, 99.99=32095] [UPDATE: Count=40410, Max=44191, Min=159, Avg=2025.75, 90=3259, 99=13015, 99.9=24911, 99.99=35039] 
2020-02-19 10:46:42:970 280 sec: 2068096 operations; 7404.3 current ops/sec; est completion in 11 hours 12 minutes [READ: Count=36900, Max=35807, Min=127, Avg=2124.77, 90=3761, 99=12063, 99.9=21791, 99.99=31935] [UPDATE: Count=37142, Max=35807, Min=163, Avg=2192.62, 90=3875, 99=12327, 99.9=22895, 99.99=31695] 
2020-02-19 10:46:52:970 290 sec: 2153084 operations; 8498.8 current ops/sec; est completion in 11 hours 8 minutes [READ: Count=42668, Max=40223, Min=124, Avg=1852.23, 90=2949, 99=10927, 99.9=18799, 99.99=32207] [UPDATE: Count=42326, Max=38143, Min=163, Avg=1911.23, 90=3017, 99=11463, 99.9=19711, 99.99=37055] 
2020-02-19 10:47:02:970 300 sec: 2229858 operations; 7677.4 current ops/sec; est completion in 11 hours 7 minutes [READ: Count=38451, Max=30991, Min=116, Avg=2051.22, 90=3795, 99=11687, 99.9=20287, 99.99=24383] [UPDATE: Count=38331, Max=37599, Min=166, Avg=2113.38, 90=3859, 99=11999, 99.9=21487, 99.99=27583] 
2020-02-19 10:47:12:970 310 sec: 2304569 operations; 7471.1 current ops/sec; est completion in 11 hours 7 minutes [READ: Count=37282, Max=34271, Min=115, Avg=2098.68, 90=3561, 99=12943, 99.9=22351, 99.99=28447] [UPDATE: Count=37412, Max=31567, Min=151, Avg=2178.87, 90=3651, 99=13703, 99.9=22895, 99.99=29103] 
2020-02-19 10:47:22:970 320 sec: 2377291 operations; 7272.2 current ops/sec; est completion in 11 hours 7 minutes [READ: Count=36266, Max=33119, Min=121, Avg=2164.27, 90=4001, 99=11815, 99.9=21567, 99.99=27567] [UPDATE: Count=36456, Max=35103, Min=154, Avg=2234.74, 90=4159, 99=11895, 99.9=23119, 99.99=31967] 
2020-02-19 10:47:32:970 330 sec: 2454990 operations; 7769.9 current ops/sec; est completion in 11 hours 6 minutes [READ: Count=38898, Max=32671, Min=120, Avg=2017.39, 90=3559, 99=10895, 99.9=20815, 99.99=29087] [UPDATE: Count=38801, Max=33599, Min=168, Avg=2095.47, 90=3659, 99=11479, 99.9=20479, 99.99=28063] 
2020-02-19 10:47:42:970 340 sec: 2526310 operations; 7132 current ops/sec; est completion in 11 hours 7 minutes [READ: Count=35560, Max=37887, Min=129, Avg=2206.92, 90=4009, 99=12295, 99.9=21071, 99.99=33119] [UPDATE: Count=35760, Max=48831, Min=176, Avg=2279.1, 90=4093, 99=12159, 99.9=23759, 99.99=35935] 
2020-02-19 10:47:52:970 350 sec: 2606016 operations; 7970.6 current ops/sec; est completion in 11 hours 5 minutes [READ: Count=39674, Max=42495, Min=120, Avg=1981.67, 90=3449, 99=11167, 99.9=20719, 99.99=33023] [UPDATE: Count=40035, Max=53311, Min=162, Avg=2029.37, 90=3457, 99=11439, 99.9=21455, 99.99=35871] 
2020-02-19 10:48:02:970 360 sec: 2691080 operations; 8506.4 current ops/sec; est completion in 11 hours 2 minutes [READ: Count=42660, Max=38751, Min=116, Avg=1841.58, 90=2943, 99=11687, 99.9=19839, 99.99=27743] [UPDATE: Count=42401, Max=38495, Min=160, Avg=1916.2, 90=2965, 99=12423, 99.9=21631, 99.99=28223] 
2020-02-19 10:48:12:970 370 sec: 2763170 operations; 7209 current ops/sec; est completion in 11 hours 3 minutes [READ: Count=35968, Max=56191, Min=116, Avg=2189.93, 90=3727, 99=12511, 99.9=25695, 99.99=34943] [UPDATE: Count=36131, Max=46047, Min=165, Avg=2246.26, 90=3847, 99=12303, 99.9=23519, 99.99=35359] 
2020-02-19 10:48:22:970 380 sec: 2838649 operations; 7547.9 current ops/sec; est completion in 11 hours 3 minutes [READ: Count=37614, Max=38975, Min=108, Avg=2089.59, 90=3571, 99=12527, 99.9=21167, 99.99=26831] [UPDATE: Count=37856, Max=37247, Min=162, Avg=2145.84, 90=3619, 99=12471, 99.9=21615, 99.99=30687] 
2020-02-19 10:48:32:970 390 sec: 2917944 operations; 7929.5 current ops/sec; est completion in 11 hours 1 minute [READ: Count=39587, Max=197631, Min=106, Avg=1975.78, 90=3221, 99=12015, 99.9=22815, 99.99=71935] [UPDATE: Count=39708, Max=197503, Min=138, Avg=2056.03, 90=3377, 99=12463, 99.9=23215, 99.99=72319] 
2020-02-19 10:48:42:970 400 sec: 2998110 operations; 8016.6 current ops/sec; est completion in 11 hours [READ: Count=40109, Max=74879, Min=104, Avg=1979.19, 90=3045, 99=13063, 99.9=29871, 99.99=72639] [UPDATE: Count=40062, Max=74431, Min=146, Avg=2009.38, 90=3079, 99=13263, 99.9=26335, 99.99=72127] 
2020-02-19 10:48:52:970 410 sec: 3073131 operations; 7502.1 current ops/sec; est completion in 11 hours [READ: Count=37602, Max=41663, Min=118, Avg=2114.07, 90=3845, 99=13271, 99.9=24207, 99.99=31983] [UPDATE: Count=37423, Max=53119, Min=167, Avg=2148.8, 90=3853, 99=12879, 99.9=22191, 99.99=30463] 
2020-02-19 10:49:02:970 420 sec: 3152668 operations; 7953.7 current ops/sec; est completion in 10 hours 59 minutes [READ: Count=39615, Max=32671, Min=110, Avg=1982.97, 90=3391, 99=12631, 99.9=21807, 99.99=28575] [UPDATE: Count=39914, Max=42207, Min=142, Avg=2036.45, 90=3433, 99=12775, 99.9=22719, 99.99=34079] 
2020-02-19 10:49:12:970 430 sec: 3226187 operations; 7351.9 current ops/sec; est completion in 10 hours 59 minutes [READ: Count=36835, Max=55391, Min=109, Avg=2145.69, 90=3775, 99=10935, 99.9=23999, 99.99=45087] [UPDATE: Count=36683, Max=52735, Min=148, Avg=2203.74, 90=3861, 99=11175, 99.9=24319, 99.99=47103] 
2020-02-19 10:49:22:970 440 sec: 3302299 operations; 7611.2 current ops/sec; est completion in 10 hours 58 minutes [READ: Count=38111, Max=41631, Min=113, Avg=2055.47, 90=3419, 99=13919, 99.9=25071, 99.99=40895] [UPDATE: Count=38007, Max=43647, Min=164, Avg=2145.19, 90=3481, 99=14399, 99.9=29231, 99.99=41375] 
2020-02-19 10:49:32:970 450 sec: 3377173 operations; 7487.4 current ops/sec; est completion in 10 hours 58 minutes [READ: Count=37242, Max=41663, Min=121, Avg=2110.76, 90=3705, 99=12927, 99.9=22831, 99.99=34303] [UPDATE: Count=37627, Max=54623, Min=172, Avg=2159.79, 90=3735, 99=12911, 99.9=22527, 99.99=37343] 
2020-02-19 10:49:42:970 460 sec: 3460328 operations; 8315.5 current ops/sec; est completion in 10 hours 57 minutes [READ: Count=41477, Max=50079, Min=116, Avg=1889.93, 90=3007, 99=11207, 99.9=20799, 99.99=38783] [UPDATE: Count=41682, Max=50879, Min=146, Avg=1954.65, 90=3091, 99=11623, 99.9=25967, 99.99=47423] 
2020-02-19 10:49:52:970 470 sec: 3538616 operations; 7828.8 current ops/sec; est completion in 10 hours 56 minutes [READ: Count=39278, Max=37855, Min=126, Avg=2022.07, 90=3477, 99=12143, 99.9=24687, 99.99=33279] [UPDATE: Count=39008, Max=40767, Min=152, Avg=2062.12, 90=3499, 99=12223, 99.9=24367, 99.99=35615] 
2020-02-19 10:50:02:970 480 sec: 3614733 operations; 7611.7 current ops/sec; est completion in 10 hours 55 minutes [READ: Count=37745, Max=35391, Min=122, Avg=2073.92, 90=3887, 99=11303, 99.9=20303, 99.99=31663] [UPDATE: Count=38372, Max=34111, Min=172, Avg=2126.16, 90=3849, 99=11775, 99.9=21247, 99.99=28367] 
2020-02-19 10:50:12:970 490 sec: 3691756 operations; 7702.3 current ops/sec; est completion in 10 hours 55 minutes [READ: Count=38495, Max=36831, Min=117, Avg=2050.54, 90=3677, 99=12855, 99.9=24063, 99.99=34527] [UPDATE: Count=38536, Max=35839, Min=153, Avg=2101.08, 90=3757, 99=12575, 99.9=23375, 99.99=33887] 
2020-02-19 10:50:22:970 500 sec: 3763552 operations; 7179.6 current ops/sec; est completion in 10 hours 55 minutes [READ: Count=35628, Max=41151, Min=117, Avg=2185.79, 90=3901, 99=12543, 99.9=23711, 99.99=37343] [UPDATE: Count=36160, Max=39103, Min=155, Avg=2267.03, 90=3985, 99=13191, 99.9=24159, 99.99=32319] 
2020-02-19 10:50:32:970 510 sec: 3841935 operations; 7838.3 current ops/sec; est completion in 10 hours 55 minutes [READ: Count=39227, Max=39839, Min=120, Avg=2004.57, 90=3265, 99=12799, 99.9=24015, 99.99=31615] [UPDATE: Count=39156, Max=41215, Min=162, Avg=2074.61, 90=3397, 99=13047, 99.9=24047, 99.99=33471] 
2020-02-19 10:50:42:970 520 sec: 3919009 operations; 7707.4 current ops/sec; est completion in 10 hours 54 minutes [READ: Count=38549, Max=35807, Min=123, Avg=2041.15, 90=3587, 99=11359, 99.9=18799, 99.99=30815] [UPDATE: Count=38523, Max=39999, Min=170, Avg=2106.66, 90=3667, 99=11767, 99.9=19471, 99.99=31327] 
2020-02-19 10:50:52:970 530 sec: 3995358 operations; 7634.9 current ops/sec; est completion in 10 hours 54 minutes [READ: Count=38087, Max=56575, Min=123, Avg=2072.41, 90=3583, 99=12679, 99.9=23615, 99.99=41919] [UPDATE: Count=38272, Max=61471, Min=162, Avg=2115.75, 90=3585, 99=12991, 99.9=22943, 99.99=35391] 
2020-02-19 10:51:02:970 540 sec: 4074932 operations; 7957.4 current ops/sec; est completion in 10 hours 53 minutes [READ: Count=39715, Max=28959, Min=126, Avg=1977.5, 90=3355, 99=12135, 99.9=21423, 99.99=28047] [UPDATE: Count=39855, Max=29359, Min=173, Avg=2040.03, 90=3439, 99=12159, 99.9=21711, 99.99=26687] 
2020-02-19 10:51:12:970 550 sec: 4154135 operations; 7920.3 current ops/sec; est completion in 10 hours 52 minutes [READ: Count=39705, Max=35199, Min=112, Avg=1982.22, 90=3485, 99=11743, 99.9=20799, 99.99=32271] [UPDATE: Count=39491, Max=46239, Min=147, Avg=2055.05, 90=3553, 99=12247, 99.9=21647, 99.99=34207] 
2020-02-19 10:51:22:970 560 sec: 4229595 operations; 7546 current ops/sec; est completion in 10 hours 52 minutes [READ: Count=37679, Max=39391, Min=110, Avg=2087.61, 90=3749, 99=12727, 99.9=21663, 99.99=29807] [UPDATE: Count=37787, Max=51615, Min=144, Avg=2148.6, 90=3783, 99=13087, 99.9=22559, 99.99=48831] 
2020-02-19 10:51:32:970 570 sec: 4306229 operations; 7663.4 current ops/sec; est completion in 10 hours 52 minutes [READ: Count=38422, Max=30591, Min=110, Avg=2054.59, 90=3643, 99=11831, 99.9=19935, 99.99=25871] [UPDATE: Count=38220, Max=28655, Min=166, Avg=2118.73, 90=3707, 99=11943, 99.9=20623, 99.99=27231] 
2020-02-19 10:51:42:970 580 sec: 4383713 operations; 7748.4 current ops/sec; est completion in 10 hours 51 minutes [READ: Count=38764, Max=40351, Min=116, Avg=2024.98, 90=3481, 99=12503, 99.9=24079, 99.99=37663] [UPDATE: Count=38716, Max=44703, Min=159, Avg=2101.62, 90=3643, 99=13231, 99.9=24287, 99.99=33919] 
2020-02-19 10:51:52:970 590 sec: 4462697 operations; 7898.4 current ops/sec; est completion in 10 hours 51 minutes [READ: Count=39576, Max=52991, Min=107, Avg=1993.22, 90=3457, 99=12695, 99.9=22623, 99.99=33983] [UPDATE: Count=39400, Max=56991, Min=143, Avg=2051.61, 90=3487, 99=13063, 99.9=25487, 99.99=43743] 
2020-02-19 10:52:02:970 600 sec: 4541325 operations; 7862.8 current ops/sec; est completion in 10 hours 50 minutes [READ: Count=39414, Max=33791, Min=110, Avg=2012.64, 90=3593, 99=12439, 99.9=23535, 99.99=31119] [UPDATE: Count=39218, Max=34783, Min=171, Avg=2056.93, 90=3649, 99=12535, 99.9=22143, 99.99=32255] 
2020-02-19 10:52:12:970 610 sec: 4618009 operations; 7668.4 current ops/sec; est completion in 10 hours 50 minutes [READ: Count=38443, Max=44447, Min=107, Avg=2042.05, 90=3661, 99=11703, 99.9=22479, 99.99=33311] [UPDATE: Count=38243, Max=43999, Min=154, Avg=2127.85, 90=3817, 99=12143, 99.9=23871, 99.99=38687] 
2020-02-19 10:52:22:970 620 sec: 4687737 operations; 6972.8 current ops/sec; est completion in 10 hours 50 minutes [READ: Count=34893, Max=46559, Min=129, Avg=2243.54, 90=4107, 99=12527, 99.9=23663, 99.99=40703] [UPDATE: Count=34828, Max=45759, Min=159, Avg=2340.83, 90=4263, 99=13511, 99.9=24479, 99.99=40127] 
2020-02-19 10:52:32:970 630 sec: 4761274 operations; 7353.7 current ops/sec; est completion in 10 hours 51 minutes [READ: Count=36736, Max=28559, Min=122, Avg=2136.56, 90=3893, 99=10903, 99.9=18431, 99.99=25199] [UPDATE: Count=36804, Max=28335, Min=154, Avg=2213.06, 90=4051, 99=11247, 99.9=18879, 99.99=25327] 
2020-02-19 10:52:42:970 640 sec: 4838782 operations; 7750.8 current ops/sec; est completion in 10 hours 50 minutes [READ: Count=38825, Max=46623, Min=108, Avg=2035.57, 90=3557, 99=13543, 99.9=21647, 99.99=38559] [UPDATE: Count=38687, Max=46847, Min=144, Avg=2089.83, 90=3585, 99=13799, 99.9=21871, 99.99=42783] 
2020-02-19 10:52:52:970 650 sec: 4913701 operations; 7491.9 current ops/sec; est completion in 10 hours 50 minutes [READ: Count=37809, Max=35359, Min=121, Avg=2092.7, 90=3753, 99=13335, 99.9=24447, 99.99=32687] [UPDATE: Count=37102, Max=33087, Min=151, Avg=2173.66, 90=3933, 99=13551, 99.9=24927, 99.99=32111] 
2020-02-19 10:53:02:970 660 sec: 4990325 operations; 7662.4 current ops/sec; est completion in 10 hours 50 minutes [READ: Count=38129, Max=27903, Min=117, Avg=2064.05, 90=3597, 99=11799, 99.9=20191, 99.99=24751] [UPDATE: Count=38498, Max=28543, Min=167, Avg=2110.95, 90=3629, 99=12239, 99.9=19983, 99.99=26351] 
2020-02-19 10:53:12:970 670 sec: 5072640 operations; 8231.5 current ops/sec; est completion in 10 hours 49 minutes [READ: Count=41202, Max=46015, Min=111, Avg=1914.54, 90=3227, 99=11719, 99.9=22095, 99.99=33471] [UPDATE: Count=41110, Max=46175, Min=147, Avg=1968.94, 90=3303, 99=11927, 99.9=22943, 99.99=28207] 
2020-02-19 10:53:22:970 680 sec: 5144819 operations; 7217.9 current ops/sec; est completion in 10 hours 49 minutes [READ: Count=36122, Max=37567, Min=118, Avg=2178.85, 90=3893, 99=12247, 99.9=22063, 99.99=32927] [UPDATE: Count=36067, Max=36575, Min=161, Avg=2251.88, 90=3993, 99=12895, 99.9=23375, 99.99=28095] 
2020-02-19 10:53:32:970 690 sec: 5219921 operations; 7510.2 current ops/sec; est completion in 10 hours 49 minutes [READ: Count=37728, Max=43935, Min=118, Avg=2111.63, 90=3657, 99=12199, 99.9=24079, 99.99=38591] [UPDATE: Count=37371, Max=44415, Min=168, Avg=2146.04, 90=3691, 99=12023, 99.9=24431, 99.99=35039] 
2020-02-19 10:53:42:970 700 sec: 5295712 operations; 7579.1 current ops/sec; est completion in 10 hours 49 minutes [READ: Count=37922, Max=32399, Min=119, Avg=2081.98, 90=3723, 99=12031, 99.9=20159, 99.99=27135] [UPDATE: Count=37866, Max=33503, Min=158, Avg=2136.82, 90=3685, 99=12495, 99.9=21375, 99.99=30831] 
2020-02-19 10:53:52:970 710 sec: 5372384 operations; 7667.2 current ops/sec; est completion in 10 hours 48 minutes [READ: Count=38340, Max=35775, Min=119, Avg=2050.57, 90=3599, 99=13223, 99.9=22671, 99.99=30863] [UPDATE: Count=38329, Max=38207, Min=152, Avg=2119.53, 90=3669, 99=13591, 99.9=24399, 99.99=31903] 
2020-02-19 10:54:02:970 720 sec: 5449875 operations; 7749.1 current ops/sec; est completion in 10 hours 48 minutes [READ: Count=38684, Max=39263, Min=121, Avg=2030.72, 90=3715, 99=12015, 99.9=22799, 99.99=34175] [UPDATE: Count=38810, Max=42335, Min=155, Avg=2095.28, 90=3815, 99=12071, 99.9=23999, 99.99=33887] 
2020-02-19 10:54:12:970 730 sec: 5525739 operations; 7586.4 current ops/sec; est completion in 10 hours 48 minutes [READ: Count=37604, Max=52735, Min=118, Avg=2079.23, 90=3569, 99=12167, 99.9=25103, 99.99=40927] [UPDATE: Count=38270, Max=54303, Min=146, Avg=2133.91, 90=3645, 99=12311, 99.9=26223, 99.99=40415] 
2020-02-19 10:54:22:970 740 sec: 5607405 operations; 8166.6 current ops/sec; est completion in 10 hours 47 minutes [READ: Count=40800, Max=32623, Min=121, Avg=1926.52, 90=3207, 99=11591, 99.9=19071, 99.99=28767] [UPDATE: Count=40862, Max=34943, Min=156, Avg=1989, 90=3297, 99=12343, 99.9=20079, 99.99=29247] 
2020-02-19 10:54:32:970 750 sec: 5680430 operations; 7302.5 current ops/sec; est completion in 10 hours 47 minutes [READ: Count=36490, Max=39903, Min=126, Avg=2173.59, 90=3743, 99=13359, 99.9=24495, 99.99=34655] [UPDATE: Count=36528, Max=44447, Min=170, Avg=2205.05, 90=3749, 99=12895, 99.9=25551, 99.99=37599] 
2020-02-19 10:54:42:970 760 sec: 5756320 operations; 7589 current ops/sec; est completion in 10 hours 47 minutes [READ: Count=37916, Max=38655, Min=113, Avg=2082.17, 90=3675, 99=12255, 99.9=22575, 99.99=29391] [UPDATE: Count=37980, Max=35039, Min=157, Avg=2131.21, 90=3751, 99=12975, 99.9=21887, 99.99=29295] 
2020-02-19 10:54:52:970 770 sec: 5824989 operations; 6866.9 current ops/sec; est completion in 10 hours 48 minutes [READ: Count=34290, Max=34943, Min=114, Avg=2303.17, 90=4163, 99=12479, 99.9=22543, 99.99=31919] [UPDATE: Count=34372, Max=32319, Min=161, Avg=2353.45, 90=4275, 99=12271, 99.9=21119, 99.99=31263] 
2020-02-19 10:55:02:970 780 sec: 5902546 operations; 7755.7 current ops/sec; est completion in 10 hours 47 minutes [READ: Count=38917, Max=35935, Min=121, Avg=2036.49, 90=3551, 99=12423, 99.9=22191, 99.99=35007] [UPDATE: Count=38649, Max=36223, Min=157, Avg=2085.85, 90=3561, 99=12455, 99.9=22815, 99.99=35455] 
2020-02-19 10:55:12:970 790 sec: 5984190 operations; 8164.4 current ops/sec; est completion in 10 hours 46 minutes [READ: Count=40651, Max=31327, Min=114, Avg=1936.1, 90=3193, 99=12343, 99.9=21599, 99.99=28095] [UPDATE: Count=40984, Max=36511, Min=172, Avg=1978.63, 90=3181, 99=12215, 99.9=22575, 99.99=34015] 
2020-02-19 10:55:22:970 800 sec: 6061442 operations; 7725.2 current ops/sec; est completion in 10 hours 46 minutes [READ: Count=38580, Max=25855, Min=119, Avg=2023.42, 90=3561, 99=11583, 99.9=18815, 99.99=22575] [UPDATE: Count=38678, Max=28351, Min=159, Avg=2116.45, 90=3761, 99=12311, 99.9=19087, 99.99=25023] 
2020-02-19 10:55:32:970 810 sec: 6138318 operations; 7687.6 current ops/sec; est completion in 10 hours 46 minutes [READ: Count=38347, Max=39487, Min=122, Avg=2053.52, 90=3503, 99=12359, 99.9=23247, 99.99=32335] [UPDATE: Count=38522, Max=41599, Min=165, Avg=2104.23, 90=3547, 99=12047, 99.9=24751, 99.99=37439] 
2020-02-19 10:55:42:970 820 sec: 6215280 operations; 7696.2 current ops/sec; est completion in 10 hours 46 minutes [READ: Count=38496, Max=38943, Min=110, Avg=2063.66, 90=3639, 99=12551, 99.9=21199, 99.99=27807] [UPDATE: Count=38465, Max=39967, Min=145, Avg=2092.55, 90=3671, 99=12583, 99.9=20495, 99.99=31183] 
2020-02-19 10:55:52:970 830 sec: 6291687 operations; 7640.7 current ops/sec; est completion in 10 hours 45 minutes [READ: Count=38058, Max=33887, Min=120, Avg=2071.92, 90=3597, 99=11911, 99.9=19983, 99.99=31423] [UPDATE: Count=38354, Max=35359, Min=166, Avg=2112.6, 90=3675, 99=12087, 99.9=20303, 99.99=28159] 
2020-02-19 10:56:02:970 840 sec: 6371801 operations; 8011.4 current ops/sec; est completion in 10 hours 45 minutes [READ: Count=40110, Max=32927, Min=109, Avg=1964.36, 90=3239, 99=12815, 99.9=22735, 99.99=31823] [UPDATE: Count=40006, Max=33279, Min=162, Avg=2026.46, 90=3393, 99=12839, 99.9=23375, 99.99=32079] 
2020-02-19 10:56:12:970 850 sec: 6450295 operations; 7849.4 current ops/sec; est completion in 10 hours 44 minutes [READ: Count=39396, Max=41791, Min=110, Avg=2018.64, 90=3465, 99=12119, 99.9=23295, 99.99=33887] [UPDATE: Count=39095, Max=36799, Min=150, Avg=2054.96, 90=3457, 99=12119, 99.9=23599, 99.99=32127] 
2020-02-19 10:56:22:970 860 sec: 6529137 operations; 7884.2 current ops/sec; est completion in 10 hours 44 minutes [READ: Count=39321, Max=35007, Min=115, Avg=1999.02, 90=3381, 99=12399, 99.9=21887, 99.99=30511] [UPDATE: Count=39519, Max=36767, Min=164, Avg=2056.07, 90=3421, 99=13039, 99.9=22255, 99.99=30351] 
2020-02-19 10:56:32:970 870 sec: 6606369 operations; 7723.2 current ops/sec; est completion in 10 hours 43 minutes [READ: Count=38643, Max=37663, Min=107, Avg=2046.21, 90=3519, 99=12279, 99.9=22847, 99.99=33887] [UPDATE: Count=38599, Max=37951, Min=176, Avg=2093.7, 90=3597, 99=12439, 99.9=23951, 99.99=34911] 
2020-02-19 10:56:42:970 880 sec: 6682844 operations; 7647.5 current ops/sec; est completion in 10 hours 43 minutes [READ: Count=38287, Max=43071, Min=122, Avg=2061.81, 90=3469, 99=12799, 99.9=25215, 99.99=35199] [UPDATE: Count=38177, Max=40159, Min=150, Avg=2119.5, 90=3553, 99=13111, 99.9=26095, 99.99=33727] 
2020-02-19 10:56:52:970 890 sec: 6761576 operations; 7873.2 current ops/sec; est completion in 10 hours 43 minutes [READ: Count=39324, Max=35359, Min=108, Avg=1989.96, 90=3313, 99=11575, 99.9=21103, 99.99=31375] [UPDATE: Count=39412, Max=37823, Min=156, Avg=2070.79, 90=3415, 99=12079, 99.9=22655, 99.99=33215] 
2020-02-19 10:57:02:970 900 sec: 6843033 operations; 8145.7 current ops/sec; est completion in 10 hours 42 minutes [READ: Count=40929, Max=33663, Min=120, Avg=1930.25, 90=3031, 99=11943, 99.9=19439, 99.99=30415] [UPDATE: Count=40535, Max=31279, Min=168, Avg=1994.73, 90=3217, 99=12287, 99.9=18687, 99.99=22879] 
2020-02-19 10:57:12:970 910 sec: 6923037 operations; 8000.4 current ops/sec; est completion in 10 hours 42 minutes [READ: Count=40125, Max=28687, Min=113, Avg=1964.44, 90=3421, 99=12039, 99.9=20463, 99.99=25919] [UPDATE: Count=39877, Max=32159, Min=148, Avg=2032.25, 90=3575, 99=12615, 99.9=20431, 99.99=24511] 
2020-02-19 10:57:22:970 920 sec: 7002192 operations; 7915.5 current ops/sec; est completion in 10 hours 41 minutes [READ: Count=39706, Max=40895, Min=127, Avg=1990.88, 90=3469, 99=12215, 99.9=22527, 99.99=34207] [UPDATE: Count=39441, Max=40767, Min=166, Avg=2048.25, 90=3517, 99=12647, 99.9=22911, 99.99=33183] 
2020-02-19 10:57:32:970 930 sec: 7082167 operations; 7997.5 current ops/sec; est completion in 10 hours 41 minutes [READ: Count=40029, Max=33407, Min=120, Avg=1960.49, 90=3543, 99=11351, 99.9=20031, 99.99=28319] [UPDATE: Count=39948, Max=34175, Min=167, Avg=2037.63, 90=3663, 99=11775, 99.9=21775, 99.99=32031] 
2020-02-19 10:57:42:970 940 sec: 7159058 operations; 7689.1 current ops/sec; est completion in 10 hours 40 minutes [READ: Count=38546, Max=31535, Min=109, Avg=2054.87, 90=3631, 99=12471, 99.9=22143, 99.99=28879] [UPDATE: Count=38348, Max=31631, Min=164, Avg=2103.66, 90=3675, 99=12575, 99.9=22639, 99.99=29615] 
2020-02-19 10:57:52:970 950 sec: 7239219 operations; 8016.1 current ops/sec; est completion in 10 hours 40 minutes [READ: Count=40166, Max=49503, Min=114, Avg=1970.79, 90=3271, 99=12815, 99.9=24447, 99.99=44767] [UPDATE: Count=39990, Max=49343, Min=145, Avg=2016.83, 90=3303, 99=13223, 99.9=24095, 99.99=34911] 
2020-02-19 10:58:02:970 960 sec: 7313937 operations; 7471.8 current ops/sec; est completion in 10 hours 40 minutes [READ: Count=37429, Max=27919, Min=115, Avg=2112.47, 90=3897, 99=12311, 99.9=20959, 99.99=26591] [UPDATE: Count=37294, Max=34655, Min=163, Avg=2167.88, 90=3999, 99=12279, 99.9=20975, 99.99=27215] 
2020-02-19 10:58:12:970 970 sec: 7395825 operations; 8188.8 current ops/sec; est completion in 10 hours 39 minutes [READ: Count=40741, Max=52511, Min=115, Avg=1908.94, 90=3149, 99=11383, 99.9=19439, 99.99=35071] [UPDATE: Count=41140, Max=49631, Min=164, Avg=1994.22, 90=3347, 99=11823, 99.9=19439, 99.99=36191] 
2020-02-19 10:58:22:970 980 sec: 7474457 operations; 7863.2 current ops/sec; est completion in 10 hours 39 minutes [READ: Count=39231, Max=56991, Min=115, Avg=2012.12, 90=3361, 99=12663, 99.9=24351, 99.99=41183] [UPDATE: Count=39401, Max=53407, Min=160, Avg=2052.91, 90=3429, 99=12839, 99.9=23119, 99.99=42815] 
2020-02-19 10:58:32:970 990 sec: 7547530 operations; 7307.3 current ops/sec; est completion in 10 hours 39 minutes [READ: Count=36352, Max=37503, Min=120, Avg=2153.82, 90=3913, 99=11511, 99.9=18207, 99.99=23007] [UPDATE: Count=36729, Max=39455, Min=167, Avg=2223.63, 90=4025, 99=11551, 99.9=18639, 99.99=23423] 
2020-02-19 10:58:42:970 1000 sec: 7623714 operations; 7618.4 current ops/sec; est completion in 10 hours 39 minutes [READ: Count=38177, Max=43423, Min=104, Avg=2069.88, 90=3697, 99=12223, 99.9=24271, 99.99=34047] [UPDATE: Count=38004, Max=45311, Min=152, Avg=2127.13, 90=3727, 99=12927, 99.9=23775, 99.99=32431] 
2020-02-19 10:58:52:970 1010 sec: 7702080 operations; 7836.6 current ops/sec; est completion in 10 hours 38 minutes [READ: Count=39267, Max=40511, Min=116, Avg=2007.29, 90=3413, 99=12671, 99.9=22111, 99.99=31647] [UPDATE: Count=39101, Max=58559, Min=167, Avg=2072.71, 90=3457, 99=12703, 99.9=24175, 99.99=47967] 
2020-02-19 10:59:02:970 1020 sec: 7773972 operations; 7189.2 current ops/sec; est completion in 10 hours 39 minutes [READ: Count=35803, Max=35039, Min=116, Avg=2195.42, 90=4103, 99=12591, 99.9=22127, 99.99=33887] [UPDATE: Count=36095, Max=34463, Min=176, Avg=2252.01, 90=4187, 99=12599, 99.9=21759, 99.99=27983] 
2020-02-19 10:59:12:970 1030 sec: 7848039 operations; 7406.7 current ops/sec; est completion in 10 hours 39 minutes [READ: Count=36933, Max=62975, Min=114, Avg=2123.18, 90=3911, 99=11911, 99.9=23583, 99.99=60287] [UPDATE: Count=37123, Max=62783, Min=150, Avg=2193.73, 90=4073, 99=12375, 99.9=23695, 99.99=59359] 
2020-02-19 10:59:22:970 1040 sec: 7931476 operations; 8343.7 current ops/sec; est completion in 10 hours 38 minutes [READ: Count=41715, Max=32255, Min=125, Avg=1884.85, 90=3031, 99=11831, 99.9=19871, 99.99=30639] [UPDATE: Count=41724, Max=31327, Min=170, Avg=1947.19, 90=3125, 99=12311, 99.9=21023, 99.99=29215] 
2020-02-19 10:59:32:970 1050 sec: 8007223 operations; 7574.7 current ops/sec; est completion in 10 hours 38 minutes [READ: Count=37824, Max=82687, Min=112, Avg=2067.65, 90=3685, 99=12767, 99.9=22655, 99.99=59775] [UPDATE: Count=37933, Max=82175, Min=146, Avg=2153.51, 90=3759, 99=13103, 99.9=25871, 99.99=79551] 
2020-02-19 10:59:42:970 1060 sec: 8085696 operations; 7847.3 current ops/sec; est completion in 10 hours 37 minutes [READ: Count=38997, Max=35423, Min=123, Avg=2002.74, 90=3477, 99=11639, 99.9=22303, 99.99=31087] [UPDATE: Count=39463, Max=39007, Min=164, Avg=2070.56, 90=3551, 99=12031, 99.9=23743, 99.99=33375] 
2020-02-19 10:59:52:970 1070 sec: 8163529 operations; 7783.3 current ops/sec; est completion in 10 hours 37 minutes [READ: Count=38833, Max=28623, Min=121, Avg=2016.87, 90=3359, 99=13015, 99.9=22111, 99.99=27407] [UPDATE: Count=39005, Max=30527, Min=153, Avg=2091.57, 90=3515, 99=13439, 99.9=22063, 99.99=27471] 
2020-02-19 11:00:02:970 1080 sec: 8237032 operations; 7350.3 current ops/sec; est completion in 10 hours 37 minutes [READ: Count=36442, Max=31183, Min=118, Avg=2141.02, 90=3671, 99=14135, 99.9=22815, 99.99=28127] [UPDATE: Count=37062, Max=32735, Min=149, Avg=2208.56, 90=3735, 99=14431, 99.9=23343, 99.99=29423] 
2020-02-19 11:00:12:970 1090 sec: 8314596 operations; 7756.4 current ops/sec; est completion in 10 hours 37 minutes [READ: Count=38728, Max=40863, Min=121, Avg=2038.22, 90=3325, 99=14255, 99.9=26111, 99.99=35263] [UPDATE: Count=38830, Max=42271, Min=154, Avg=2083.44, 90=3417, 99=13943, 99.9=25983, 99.99=33727] 
2020-02-19 11:00:22:970 1100 sec: 8395282 operations; 8068.6 current ops/sec; est completion in 10 hours 36 minutes [READ: Count=40256, Max=33023, Min=118, Avg=1946.07, 90=3259, 99=11799, 99.9=22975, 99.99=30463] [UPDATE: Count=40430, Max=35295, Min=170, Avg=2016.71, 90=3391, 99=11959, 99.9=22255, 99.99=30463] 
2020-02-19 11:00:32:970 1110 sec: 8467827 operations; 7254.5 current ops/sec; est completion in 10 hours 36 minutes [READ: Count=36486, Max=24143, Min=117, Avg=2170.74, 90=4025, 99=11447, 99.9=18559, 99.99=22959] [UPDATE: Count=36065, Max=27359, Min=152, Avg=2237.35, 90=4053, 99=11847, 99.9=19743, 99.99=23295] 
2020-02-19 11:00:42:970 1120 sec: 8540869 operations; 7304.2 current ops/sec; est completion in 10 hours 37 minutes [READ: Count=36577, Max=62815, Min=110, Avg=2154.4, 90=3771, 99=11839, 99.9=21487, 99.99=60895] [UPDATE: Count=36459, Max=61823, Min=170, Avg=2222.55, 90=3899, 99=12159, 99.9=22255, 99.99=60735] 
2020-02-19 11:00:52:970 1130 sec: 8615558 operations; 7468.9 current ops/sec; est completion in 10 hours 36 minutes [READ: Count=37331, Max=36031, Min=113, Avg=2113.11, 90=3793, 99=13087, 99.9=21823, 99.99=33375] [UPDATE: Count=37361, Max=37247, Min=142, Avg=2168.93, 90=3877, 99=13439, 99.9=22543, 99.99=32959] 
2020-02-19 11:01:02:970 1140 sec: 8686864 operations; 7130.6 current ops/sec; est completion in 10 hours 37 minutes [READ: Count=35543, Max=35295, Min=122, Avg=2211.12, 90=4227, 99=11951, 99.9=21279, 99.99=29471] [UPDATE: Count=35762, Max=33919, Min=151, Avg=2273.06, 90=4283, 99=12431, 99.9=22127, 99.99=30127] 
2020-02-19 11:01:12:970 1150 sec: 8763581 operations; 7671.7 current ops/sec; est completion in 10 hours 36 minutes [READ: Count=38296, Max=38079, Min=125, Avg=2056.52, 90=3743, 99=12039, 99.9=20207, 99.99=31567] [UPDATE: Count=38418, Max=45663, Min=165, Avg=2111.15, 90=3819, 99=12191, 99.9=21103, 99.99=32719] 
2020-02-19 11:01:22:970 1160 sec: 8843457 operations; 7987.6 current ops/sec; est completion in 10 hours 36 minutes [READ: Count=39895, Max=39487, Min=113, Avg=1966.89, 90=3337, 99=12247, 99.9=22783, 99.99=34143] [UPDATE: Count=39982, Max=33503, Min=149, Avg=2035.32, 90=3427, 99=12471, 99.9=23279, 99.99=31279] 
2020-02-19 11:01:32:970 1170 sec: 8923968 operations; 8051.1 current ops/sec; est completion in 10 hours 36 minutes [READ: Count=40002, Max=42687, Min=116, Avg=1957.08, 90=3253, 99=11871, 99.9=22879, 99.99=32127] [UPDATE: Count=40514, Max=40095, Min=164, Avg=2014.05, 90=3385, 99=11807, 99.9=23839, 99.99=30511] 
2020-02-19 11:01:42:970 1180 sec: 8995996 operations; 7202.8 current ops/sec; est completion in 10 hours 36 minutes [READ: Count=36075, Max=32351, Min=109, Avg=2195.35, 90=3939, 99=11631, 99.9=19215, 99.99=25039] [UPDATE: Count=35947, Max=27359, Min=158, Avg=2243.92, 90=4031, 99=11583, 99.9=18319, 99.99=25215] 
2020-02-19 11:01:52:970 1190 sec: 9072224 operations; 7622.8 current ops/sec; est completion in 10 hours 36 minutes [READ: Count=38156, Max=40735, Min=120, Avg=2065.31, 90=3351, 99=12895, 99.9=23311, 99.99=31951] [UPDATE: Count=38077, Max=37279, Min=169, Avg=2127.75, 90=3451, 99=13247, 99.9=24191, 99.99=29855] 
2020-02-19 11:02:02:970 1200 sec: 9145161 operations; 7293.7 current ops/sec; est completion in 10 hours 36 minutes [READ: Count=36615, Max=43327, Min=115, Avg=2166.01, 90=3917, 99=13287, 99.9=22991, 99.99=32319] [UPDATE: Count=36328, Max=33471, Min=158, Avg=2219.98, 90=3953, 99=13583, 99.9=23679, 99.99=32271] 
2020-02-19 11:02:12:970 1210 sec: 9224944 operations; 7978.3 current ops/sec; est completion in 10 hours 35 minutes [READ: Count=39726, Max=31455, Min=126, Avg=1969.42, 90=3181, 99=12879, 99.9=21439, 99.99=28079] [UPDATE: Count=40047, Max=33311, Min=153, Avg=2037.32, 90=3247, 99=13255, 99.9=21359, 99.99=28287] 
2020-02-19 11:02:22:970 1220 sec: 9297574 operations; 7263 current ops/sec; est completion in 10 hours 35 minutes [READ: Count=36274, Max=29679, Min=117, Avg=2172.44, 90=4139, 99=12207, 99.9=20127, 99.99=27215] [UPDATE: Count=36361, Max=33375, Min=154, Avg=2230.32, 90=4151, 99=12455, 99.9=20367, 99.99=29615] 
2020-02-19 11:02:32:970 1230 sec: 9371891 operations; 7431.7 current ops/sec; est completion in 10 hours 35 minutes [READ: Count=37354, Max=35167, Min=117, Avg=2127.74, 90=3901, 99=11575, 99.9=19215, 99.99=26783] [UPDATE: Count=36958, Max=31391, Min=154, Avg=2175.13, 90=3913, 99=11591, 99.9=19599, 99.99=25215] 
2020-02-19 11:02:42:970 1240 sec: 9452390 operations; 8049.9 current ops/sec; est completion in 10 hours 35 minutes [READ: Count=40323, Max=58783, Min=119, Avg=1942.7, 90=3075, 99=12135, 99.9=23567, 99.99=36767] [UPDATE: Count=40182, Max=43839, Min=163, Avg=2029.28, 90=3245, 99=12623, 99.9=24143, 99.99=31087] 
2020-02-19 11:02:52:970 1250 sec: 9519819 operations; 6742.9 current ops/sec; est completion in 10 hours 35 minutes [READ: Count=33704, Max=43583, Min=124, Avg=2323.73, 90=4259, 99=13007, 99.9=27455, 99.99=41215] [UPDATE: Count=33718, Max=47999, Min=159, Avg=2417.93, 90=4387, 99=14127, 99.9=28543, 99.99=41311] 
2020-02-19 11:03:02:970 1260 sec: 9596694 operations; 7687.5 current ops/sec; est completion in 10 hours 35 minutes [READ: Count=38726, Max=33567, Min=113, Avg=2042.69, 90=3265, 99=12927, 99.9=23583, 99.99=29759] [UPDATE: Count=38149, Max=35679, Min=165, Avg=2116.05, 90=3399, 99=13455, 99.9=24143, 99.99=33823] 
2020-02-19 11:03:12:970 1270 sec: 9672744 operations; 7605 current ops/sec; est completion in 10 hours 35 minutes [READ: Count=37854, Max=33727, Min=112, Avg=2067.98, 90=3601, 99=12415, 99.9=21375, 99.99=30927] [UPDATE: Count=38196, Max=37247, Min=153, Avg=2135.88, 90=3731, 99=12807, 99.9=22223, 99.99=32639] 
2020-02-19 11:03:22:970 1280 sec: 9748759 operations; 7601.5 current ops/sec; est completion in 10 hours 35 minutes [READ: Count=38137, Max=32623, Min=124, Avg=2066.54, 90=3719, 99=12079, 99.9=20351, 99.99=31183] [UPDATE: Count=37881, Max=39263, Min=173, Avg=2141.8, 90=3809, 99=12471, 99.9=22015, 99.99=33087] 
2020-02-19 11:03:32:970 1290 sec: 9831445 operations; 8268.6 current ops/sec; est completion in 10 hours 34 minutes [READ: Count=41364, Max=35807, Min=113, Avg=1894.15, 90=3029, 99=12431, 99.9=25343, 99.99=34079] [UPDATE: Count=41319, Max=35679, Min=145, Avg=1971.86, 90=3217, 99=12655, 99.9=25103, 99.99=33279] 
2020-02-19 11:03:42:970 1300 sec: 9912211 operations; 8076.6 current ops/sec; est completion in 10 hours 34 minutes [READ: Count=40758, Max=26031, Min=114, Avg=1950.38, 90=3451, 99=12407, 99.9=19071, 99.99=24063] [UPDATE: Count=40016, Max=28639, Min=157, Avg=2009.03, 90=3575, 99=12119, 99.9=19279, 99.99=25679] 
2020-02-19 11:03:52:970 1310 sec: 9985948 operations; 7373.7 current ops/sec; est completion in 10 hours 34 minutes [READ: Count=36749, Max=47967, Min=113, Avg=2124.74, 90=3775, 99=13351, 99.9=28335, 99.99=38527] [UPDATE: Count=36984, Max=54623, Min=161, Avg=2211.53, 90=3835, 99=13695, 99.9=28847, 99.99=40383] 
2020-02-19 11:04:02:970 1320 sec: 10055810 operations; 6986.2 current ops/sec; est completion in 10 hours 34 minutes [READ: Count=34821, Max=38431, Min=117, Avg=2267.02, 90=4311, 99=13047, 99.9=23695, 99.99=33119] [UPDATE: Count=35037, Max=42143, Min=147, Avg=2308.17, 90=4283, 99=13343, 99.9=23375, 99.99=31295] 
2020-02-19 11:04:12:970 1330 sec: 10131395 operations; 7558.5 current ops/sec; est completion in 10 hours 34 minutes [READ: Count=37317, Max=39231, Min=109, Avg=2092.64, 90=3833, 99=12391, 99.9=21839, 99.99=29695] [UPDATE: Count=38274, Max=34303, Min=158, Avg=2138.5, 90=3853, 99=12407, 99.9=23295, 99.99=30575] 
2020-02-19 11:04:22:970 1340 sec: 10211325 operations; 7993 current ops/sec; est completion in 10 hours 33 minutes [READ: Count=40135, Max=42719, Min=127, Avg=1962.39, 90=3203, 99=12135, 99.9=22335, 99.99=31295] [UPDATE: Count=39789, Max=36031, Min=155, Avg=2036.46, 90=3311, 99=12775, 99.9=23055, 99.99=29487] 
2020-02-19 11:04:32:970 1350 sec: 10285515 operations; 7419 current ops/sec; est completion in 10 hours 33 minutes [READ: Count=37104, Max=28975, Min=115, Avg=2123.85, 90=3997, 99=11487, 99.9=20879, 99.99=27039] [UPDATE: Count=37088, Max=33407, Min=161, Avg=2186.89, 90=4073, 99=11991, 99.9=21871, 99.99=29551] 
2020-02-19 11:04:42:970 1360 sec: 10360295 operations; 7478 current ops/sec; est completion in 10 hours 33 minutes [READ: Count=37308, Max=58911, Min=115, Avg=2104.24, 90=3889, 99=12103, 99.9=24815, 99.99=39903] [UPDATE: Count=37484, Max=59199, Min=152, Avg=2171.7, 90=3923, 99=12455, 99.9=23711, 99.99=39775] 
2020-02-19 11:04:52:970 1370 sec: 10427422 operations; 6712.7 current ops/sec; est completion in 10 hours 34 minutes [READ: Count=33414, Max=132095, Min=103, Avg=2392.18, 90=4427, 99=14295, 99.9=40735, 99.99=130687] [UPDATE: Count=33700, Max=132223, Min=140, Avg=2370.58, 90=4335, 99=13287, 99.9=36095, 99.99=121535] 
2020-02-19 11:05:02:970 1380 sec: 10503970 operations; 7654.8 current ops/sec; est completion in 10 hours 33 minutes [READ: Count=38354, Max=59711, Min=118, Avg=2047.19, 90=3273, 99=13847, 99.9=27663, 99.99=41663] [UPDATE: Count=38198, Max=60383, Min=163, Avg=2131.14, 90=3389, 99=14879, 99.9=27071, 99.99=38431] 
2020-02-19 11:05:12:970 1390 sec: 10579097 operations; 7512.7 current ops/sec; est completion in 10 hours 33 minutes [READ: Count=37527, Max=45215, Min=105, Avg=2102.2, 90=3713, 99=12319, 99.9=22303, 99.99=27903] [UPDATE: Count=37602, Max=50687, Min=151, Avg=2153.71, 90=3733, 99=12543, 99.9=21503, 99.99=29167] 
2020-02-19 11:05:22:970 1400 sec: 10656109 operations; 7701.2 current ops/sec; est completion in 10 hours 33 minutes [READ: Count=38419, Max=38463, Min=112, Avg=2048.3, 90=3581, 99=12639, 99.9=21455, 99.99=31583] [UPDATE: Count=38596, Max=32639, Min=152, Avg=2103.33, 90=3659, 99=12815, 99.9=21407, 99.99=24687] 
2020-02-19 11:05:32:970 1410 sec: 10732050 operations; 7594.1 current ops/sec; est completion in 10 hours 33 minutes [READ: Count=38117, Max=36703, Min=118, Avg=2076.99, 90=3785, 99=13375, 99.9=22559, 99.99=29167] [UPDATE: Count=37819, Max=43743, Min=162, Avg=2133.78, 90=3829, 99=13335, 99.9=22639, 99.99=31135] 
2020-02-19 11:05:42:970 1420 sec: 10808112 operations; 7606.2 current ops/sec; est completion in 10 hours 33 minutes [READ: Count=38251, Max=40735, Min=113, Avg=2077.91, 90=3883, 99=12447, 99.9=22719, 99.99=29567] [UPDATE: Count=37818, Max=31823, Min=149, Avg=2125.81, 90=3929, 99=12343, 99.9=21167, 99.99=28687] 
2020-02-19 11:05:52:970 1430 sec: 10891252 operations; 8314 current ops/sec; est completion in 10 hours 32 minutes [READ: Count=41582, Max=54559, Min=118, Avg=1894.47, 90=3199, 99=11855, 99.9=20639, 99.99=33663] [UPDATE: Count=41553, Max=54111, Min=146, Avg=1950.36, 90=3259, 99=12255, 99.9=20927, 99.99=35327] 
2020-02-19 11:06:02:970 1440 sec: 10962843 operations; 7159.1 current ops/sec; est completion in 10 hours 32 minutes [READ: Count=35647, Max=56639, Min=107, Avg=2201.71, 90=4027, 99=13183, 99.9=23679, 99.99=44415] [UPDATE: Count=35937, Max=57023, Min=151, Avg=2264.59, 90=4115, 99=13911, 99.9=26111, 99.99=47967] 
2020-02-19 11:06:12:970 1450 sec: 11036790 operations; 7394.7 current ops/sec; est completion in 10 hours 32 minutes [READ: Count=36912, Max=37119, Min=110, Avg=2119.23, 90=3809, 99=13055, 99.9=23247, 99.99=32751] [UPDATE: Count=37037, Max=34591, Min=155, Avg=2204.58, 90=3925, 99=13527, 99.9=24271, 99.99=32303] 
2020-02-19 11:06:22:970 1460 sec: 11113611 operations; 7682.1 current ops/sec; est completion in 10 hours 32 minutes [READ: Count=38253, Max=40767, Min=123, Avg=2043.46, 90=3617, 99=11711, 99.9=20287, 99.99=29807] [UPDATE: Count=38588, Max=39807, Min=164, Avg=2118.53, 90=3661, 99=12527, 99.9=21887, 99.99=32527] 
2020-02-19 11:06:32:970 1470 sec: 11193107 operations; 7949.6 current ops/sec; est completion in 10 hours 32 minutes [READ: Count=39663, Max=35871, Min=116, Avg=1988.59, 90=3323, 99=12215, 99.9=22063, 99.99=28479] [UPDATE: Count=39811, Max=35647, Min=157, Avg=2031.53, 90=3355, 99=12415, 99.9=21679, 99.99=32399] 
Traceback (most recent call last):
  File "./bin/ycsb", line 347, in <module>
    sys.exit(main())
  File "./bin/ycsb", line 338, in main
    return subprocess.call(ycsb_command)
  File "/usr/lib/python2.7/subprocess.py", line 172, in call
    return Popen(*popenargs, **kwargs).wait()
  File "/usr/lib/python2.7/subprocess.py", line 1099, in wait
    pid, sts = _eintr_retry_call(os.waitpid, self.pid, 0)
  File "/usr/lib/python2.7/subprocess.py", line 125, in _eintr_retry_call
    return func(*args)
KeyboardInterrupt
