java -cp /home/ubuntu/ycsb-0.17.0/mongodb-binding/conf:/home/ubuntu/ycsb-0.17.0/conf:/home/ubuntu/ycsb-0.17.0/lib/jackson-core-asl-1.9.4.jar:/home/ubuntu/ycsb-0.17.0/lib/jackson-mapper-asl-1.9.4.jar:/home/ubuntu/ycsb-0.17.0/lib/HdrHistogram-2.1.4.jar:/home/ubuntu/ycsb-0.17.0/lib/htrace-core4-4.1.0-incubating.jar:/home/ubuntu/ycsb-0.17.0/lib/core-0.17.0.jar:/home/ubuntu/ycsb-0.17.0/mongodb-binding/lib/logback-classic-1.1.2.jar:/home/ubuntu/ycsb-0.17.0/mongodb-binding/lib/slf4j-api-1.7.25.jar:/home/ubuntu/ycsb-0.17.0/mongodb-binding/lib/mongodb-async-driver-2.0.1.jar:/home/ubuntu/ycsb-0.17.0/mongodb-binding/lib/mongodb-binding-0.17.0.jar:/home/ubuntu/ycsb-0.17.0/mongodb-binding/lib/mongo-java-driver-3.8.0.jar:/home/ubuntu/ycsb-0.17.0/mongodb-binding/lib/snappy-java-1.1.7.1.jar:/home/ubuntu/ycsb-0.17.0/mongodb-binding/lib/logback-core-1.1.2.jar site.ycsb.Client -db site.ycsb.db.AsyncMongoDbClient -s -P workloads/workloada -threads 16 -p recordcount=3000000 -p operationcount=300000000 -p maxexecutiontime=3600 -p mongodb.url=mongodb://172.31.36.162:27017 -t
Command line: -db site.ycsb.db.AsyncMongoDbClient -s -P workloads/workloada -threads 16 -p recordcount=3000000 -p operationcount=300000000 -p maxexecutiontime=3600 -p mongodb.url=mongodb://172.31.36.162:27017 -t
YCSB Client 0.17.0

Loading workload...
Starting test.
Maximum execution time specified as: 3600 secs
2020-02-19 13:01:46:600 0 sec: 0 operations; est completion in 0 second 
DBWrapper: report latency for each error is false and specific error codes to track for latency are: []
DBWrapper: report latency for each error is false and specific error codes to track for latency are: []
DBWrapper: report latency for each error is false and specific error codes to track for latency are: []
DBWrapper: report latency for each error is false and specific error codes to track for latency are: []
DBWrapper: report latency for each error is false and specific error codes to track for latency are: []
DBWrapper: report latency for each error is false and specific error codes to track for latency are: []
DBWrapper: report latency for each error is false and specific error codes to track for latency are: []
DBWrapper: report latency for each error is false and specific error codes to track for latency are: []
DBWrapper: report latency for each error is false and specific error codes to track for latency are: []
DBWrapper: report latency for each error is false and specific error codes to track for latency are: []
DBWrapper: report latency for each error is false and specific error codes to track for latency are: []
DBWrapper: report latency for each error is false and specific error codes to track for latency are: []
DBWrapper: report latency for each error is false and specific error codes to track for latency are: []
DBWrapper: report latency for each error is false and specific error codes to track for latency are: []
DBWrapper: report latency for each error is false and specific error codes to track for latency are: []
DBWrapper: report latency for each error is false and specific error codes to track for latency are: []
2020-02-19 13:01:56:575 10 sec: 72037 operations; 7203.7 current ops/sec; est completion in 11 hours 33 minutes [READ: Count=36041, Max=87935, Min=112, Avg=2186.55, 90=3563, 99=9439, 99.9=18671, 99.99=78079] [UPDATE: Count=36086, Max=88383, Min=169, Avg=2209.08, 90=3603, 99=9063, 99.9=17823, 99.99=60607] 
2020-02-19 13:02:06:575 20 sec: 147045 operations; 7500.8 current ops/sec; est completion in 11 hours 19 minutes [READ: Count=37568, Max=32895, Min=113, Avg=2095.79, 90=3549, 99=8163, 99.9=18447, 99.99=27311] [UPDATE: Count=37350, Max=36479, Min=145, Avg=2162.34, 90=3627, 99=8303, 99.9=19855, 99.99=32511] 
2020-02-19 13:02:16:575 30 sec: 225930 operations; 7888.5 current ops/sec; est completion in 11 hours 3 minutes [READ: Count=39545, Max=32399, Min=107, Avg=1993.28, 90=3373, 99=8199, 99.9=19183, 99.99=29679] [UPDATE: Count=39341, Max=33695, Min=152, Avg=2061.68, 90=3461, 99=8591, 99.9=18383, 99.99=31775] 
2020-02-19 13:02:26:575 40 sec: 310244 operations; 8431.4 current ops/sec; est completion in 10 hours 44 minutes [READ: Count=42261, Max=19583, Min=112, Avg=1872.42, 90=3129, 99=7479, 99.9=13255, 99.99=17327] [UPDATE: Count=42061, Max=27919, Min=152, Avg=1920.26, 90=3199, 99=7391, 99.9=13231, 99.99=18799] 
2020-02-19 13:02:36:575 50 sec: 396721 operations; 8647.7 current ops/sec; est completion in 10 hours 29 minutes [READ: Count=43147, Max=43551, Min=113, Avg=1817.09, 90=3109, 99=7483, 99.9=12839, 99.99=26895] [UPDATE: Count=43323, Max=42975, Min=158, Avg=1875.13, 90=3143, 99=7623, 99.9=13327, 99.99=27743] 
2020-02-19 13:02:46:575 60 sec: 480617 operations; 8389.6 current ops/sec; est completion in 10 hours 23 minutes [READ: Count=42014, Max=41503, Min=111, Avg=1884.01, 90=3149, 99=8607, 99.9=16415, 99.99=28863] [UPDATE: Count=41883, Max=46303, Min=164, Avg=1930.63, 90=3233, 99=8271, 99.9=14239, 99.99=24655] 
2020-02-19 13:02:56:575 70 sec: 565701 operations; 8508.4 current ops/sec; est completion in 10 hours 17 minutes [READ: Count=42492, Max=31263, Min=115, Avg=1856.21, 90=3099, 99=9199, 99.9=18127, 99.99=30655] [UPDATE: Count=42589, Max=33855, Min=150, Avg=1901.49, 90=3157, 99=9111, 99.9=17791, 99.99=30767] 
2020-02-19 13:03:06:575 80 sec: 641947 operations; 7624.6 current ops/sec; est completion in 10 hours 21 minutes [READ: Count=37799, Max=33375, Min=116, Avg=2068.59, 90=3647, 99=9575, 99.9=18207, 99.99=26511] [UPDATE: Count=38456, Max=33247, Min=154, Avg=2124.64, 90=3699, 99=9575, 99.9=19263, 99.99=25823] 
2020-02-19 13:03:16:575 90 sec: 730009 operations; 8806.2 current ops/sec; est completion in 10 hours 14 minutes [READ: Count=43820, Max=30927, Min=108, Avg=1783.58, 90=3107, 99=7051, 99.9=13031, 99.99=19759] [UPDATE: Count=44233, Max=29311, Min=146, Avg=1846.51, 90=3187, 99=7431, 99.9=14007, 99.99=21615] 
2020-02-19 13:03:26:575 100 sec: 802441 operations; 7243.2 current ops/sec; est completion in 10 hours 21 minutes [READ: Count=36145, Max=47199, Min=104, Avg=2173.79, 90=4167, 99=9919, 99.9=20287, 99.99=35967] [UPDATE: Count=36295, Max=40063, Min=148, Avg=2240.91, 90=4255, 99=10159, 99.9=21199, 99.99=29695] 
2020-02-19 13:03:36:575 110 sec: 889789 operations; 8734.8 current ops/sec; est completion in 10 hours 16 minutes [READ: Count=43594, Max=29631, Min=115, Avg=1802.68, 90=3175, 99=7095, 99.9=13903, 99.99=20127] [UPDATE: Count=43750, Max=29823, Min=168, Avg=1857.1, 90=3249, 99=7095, 99.9=14311, 99.99=20143] 
2020-02-19 13:03:46:575 120 sec: 973426 operations; 8363.7 current ops/sec; est completion in 10 hours 14 minutes [READ: Count=41891, Max=37279, Min=111, Avg=1887.95, 90=3363, 99=8559, 99.9=15903, 99.99=26207] [UPDATE: Count=41745, Max=36127, Min=140, Avg=1930.87, 90=3425, 99=8687, 99.9=15063, 99.99=27295] 
2020-02-19 13:03:56:575 130 sec: 1056435 operations; 8300.9 current ops/sec; est completion in 10 hours 13 minutes [READ: Count=41499, Max=33791, Min=110, Avg=1896.95, 90=3321, 99=8735, 99.9=16847, 99.99=28575] [UPDATE: Count=41510, Max=32511, Min=151, Avg=1958.46, 90=3399, 99=8783, 99.9=17999, 99.99=29743] 
2020-02-19 13:04:06:575 140 sec: 1144052 operations; 8761.7 current ops/sec; est completion in 10 hours 9 minutes [READ: Count=43737, Max=39295, Min=118, Avg=1797.19, 90=3041, 99=8303, 99.9=16335, 99.99=32655] [UPDATE: Count=43877, Max=34047, Min=153, Avg=1851.89, 90=3109, 99=8319, 99.9=16543, 99.99=29407] 
2020-02-19 13:04:16:575 150 sec: 1231929 operations; 8787.7 current ops/sec; est completion in 10 hours 6 minutes [READ: Count=44021, Max=28783, Min=107, Avg=1792.97, 90=3135, 99=7459, 99.9=13519, 99.99=23423] [UPDATE: Count=43856, Max=28079, Min=155, Avg=1844.34, 90=3203, 99=7851, 99.9=13567, 99.99=26079] 
2020-02-19 13:04:26:575 160 sec: 1313393 operations; 8146.4 current ops/sec; est completion in 10 hours 6 minutes [READ: Count=40747, Max=31119, Min=113, Avg=1935.94, 90=3291, 99=9327, 99.9=20639, 99.99=29503] [UPDATE: Count=40718, Max=30687, Min=148, Avg=1988.03, 90=3351, 99=9207, 99.9=20431, 99.99=28687] 
2020-02-19 13:04:36:575 170 sec: 1396641 operations; 8324.8 current ops/sec; est completion in 10 hours 5 minutes [READ: Count=41493, Max=39903, Min=111, Avg=1886.71, 90=3337, 99=7955, 99.9=15071, 99.99=35743] [UPDATE: Count=41754, Max=41727, Min=150, Avg=1954.98, 90=3433, 99=8391, 99.9=15095, 99.99=26175] 
2020-02-19 13:04:46:575 180 sec: 1472335 operations; 7569.4 current ops/sec; est completion in 10 hours 8 minutes [READ: Count=37664, Max=45631, Min=110, Avg=2095.04, 90=3813, 99=10783, 99.9=25007, 99.99=41439] [UPDATE: Count=38032, Max=41823, Min=141, Avg=2130.16, 90=3847, 99=10375, 99.9=22527, 99.99=35743] 
2020-02-19 13:04:56:575 190 sec: 1553836 operations; 8150.1 current ops/sec; est completion in 10 hours 8 minutes [READ: Count=40472, Max=41215, Min=108, Avg=1928.12, 90=3471, 99=8271, 99.9=14631, 99.99=34751] [UPDATE: Count=41027, Max=41407, Min=151, Avg=1994.05, 90=3523, 99=8495, 99.9=16431, 99.99=31327] 
2020-02-19 13:05:06:575 200 sec: 1636681 operations; 8284.5 current ops/sec; est completion in 10 hours 7 minutes [READ: Count=41238, Max=20415, Min=113, Avg=1911.74, 90=3447, 99=8179, 99.9=13279, 99.99=18415] [UPDATE: Count=41607, Max=22719, Min=149, Avg=1947.3, 90=3475, 99=8063, 99.9=13679, 99.99=18719] 
2020-02-19 13:05:16:575 210 sec: 1721418 operations; 8473.7 current ops/sec; est completion in 10 hours 6 minutes [READ: Count=42020, Max=38911, Min=108, Avg=1861.5, 90=3263, 99=8135, 99.9=16271, 99.99=27311] [UPDATE: Count=42722, Max=36639, Min=141, Avg=1911, 90=3319, 99=8071, 99.9=15383, 99.99=27183] 
2020-02-19 13:05:26:575 220 sec: 1803108 operations; 8169 current ops/sec; est completion in 10 hours 6 minutes [READ: Count=40762, Max=63391, Min=107, Avg=1938.01, 90=3247, 99=9967, 99.9=18495, 99.99=57247] [UPDATE: Count=40923, Max=58943, Min=159, Avg=1975.74, 90=3295, 99=9551, 99.9=17983, 99.99=54175] 
2020-02-19 13:05:36:575 230 sec: 1888624 operations; 8551.6 current ops/sec; est completion in 10 hours 5 minutes [READ: Count=42510, Max=52383, Min=109, Avg=1837.66, 90=3187, 99=7935, 99.9=19999, 99.99=35615] [UPDATE: Count=43009, Max=60991, Min=149, Avg=1899.94, 90=3279, 99=8231, 99.9=20975, 99.99=41087] 
2020-02-19 13:05:46:575 240 sec: 1974577 operations; 8595.3 current ops/sec; est completion in 10 hours 3 minutes [READ: Count=42898, Max=35455, Min=102, Avg=1830.5, 90=3207, 99=7655, 99.9=15831, 99.99=23215] [UPDATE: Count=43058, Max=27679, Min=147, Avg=1889.42, 90=3271, 99=8043, 99.9=16335, 99.99=22959] 
2020-02-19 13:05:56:575 250 sec: 2058400 operations; 8382.3 current ops/sec; est completion in 10 hours 3 minutes [READ: Count=42013, Max=24575, Min=93, Avg=1875.13, 90=3179, 99=8027, 99.9=14191, 99.99=22031] [UPDATE: Count=41804, Max=23823, Min=145, Avg=1939.98, 90=3255, 99=8151, 99.9=13823, 99.99=21599] 
2020-02-19 13:06:06:575 260 sec: 2145311 operations; 8691.1 current ops/sec; est completion in 10 hours 1 minute [READ: Count=43692, Max=27439, Min=107, Avg=1805.17, 90=3053, 99=7463, 99.9=13815, 99.99=26911] [UPDATE: Count=43219, Max=27647, Min=149, Avg=1873.63, 90=3139, 99=8079, 99.9=14743, 99.99=26639] 
2020-02-19 13:06:16:575 270 sec: 2233119 operations; 8780.8 current ops/sec; est completion in 10 hours [READ: Count=44100, Max=22879, Min=109, Avg=1787.12, 90=2995, 99=7663, 99.9=13503, 99.99=19151] [UPDATE: Count=43714, Max=23007, Min=152, Avg=1854.43, 90=3089, 99=7775, 99.9=13471, 99.99=21471] 
2020-02-19 13:06:26:575 280 sec: 2318913 operations; 8579.4 current ops/sec; est completion in 9 hours 59 minutes [READ: Count=42868, Max=28143, Min=116, Avg=1841.15, 90=3141, 99=8215, 99.9=15855, 99.99=26559] [UPDATE: Count=42920, Max=26927, Min=152, Avg=1884.93, 90=3197, 99=8023, 99.9=15247, 99.99=20879] 
2020-02-19 13:06:36:575 290 sec: 2407269 operations; 8835.6 current ops/sec; est completion in 9 hours 57 minutes [READ: Count=44160, Max=27135, Min=126, Avg=1782.64, 90=3117, 99=6747, 99.9=12727, 99.99=21839] [UPDATE: Count=44200, Max=27343, Min=167, Avg=1836.07, 90=3167, 99=6899, 99.9=13159, 99.99=26287] 
2020-02-19 13:06:46:575 300 sec: 2495250 operations; 8798.1 current ops/sec; est completion in 9 hours 56 minutes [READ: Count=43937, Max=33855, Min=109, Avg=1789.82, 90=3127, 99=6995, 99.9=12863, 99.99=21631] [UPDATE: Count=44040, Max=33599, Min=147, Avg=1843.92, 90=3185, 99=7151, 99.9=13679, 99.99=24975] 
2020-02-19 13:06:56:575 310 sec: 2580181 operations; 8493.1 current ops/sec; est completion in 9 hours 55 minutes [READ: Count=42572, Max=35455, Min=110, Avg=1866.74, 90=3111, 99=8255, 99.9=17407, 99.99=30495] [UPDATE: Count=42359, Max=36159, Min=173, Avg=1896.42, 90=3117, 99=7727, 99.9=18927, 99.99=34495] 
2020-02-19 13:07:06:575 320 sec: 2665193 operations; 8501.2 current ops/sec; est completion in 9 hours 55 minutes [READ: Count=42453, Max=29967, Min=107, Avg=1852.63, 90=3127, 99=8263, 99.9=17631, 99.99=25839] [UPDATE: Count=42562, Max=35583, Min=147, Avg=1908.45, 90=3219, 99=8031, 99.9=17311, 99.99=26831] 
2020-02-19 13:07:16:575 330 sec: 2751075 operations; 8588.2 current ops/sec; est completion in 9 hours 54 minutes [READ: Count=42779, Max=35455, Min=120, Avg=1836.11, 90=3067, 99=8359, 99.9=17583, 99.99=29167] [UPDATE: Count=43103, Max=35615, Min=152, Avg=1886.9, 90=3119, 99=8343, 99.9=17199, 99.99=32271] 
2020-02-19 13:07:26:575 340 sec: 2838973 operations; 8789.8 current ops/sec; est completion in 9 hours 53 minutes [READ: Count=44000, Max=26223, Min=106, Avg=1792.64, 90=3067, 99=7643, 99.9=13263, 99.99=24879] [UPDATE: Count=43895, Max=26351, Min=168, Avg=1842.76, 90=3125, 99=7943, 99.9=13207, 99.99=24719] 
2020-02-19 13:07:36:575 350 sec: 2924279 operations; 8530.6 current ops/sec; est completion in 9 hours 52 minutes [READ: Count=42554, Max=30271, Min=108, Avg=1851.36, 90=3133, 99=8015, 99.9=14903, 99.99=28463] [UPDATE: Count=42755, Max=35295, Min=151, Avg=1898.46, 90=3171, 99=8207, 99.9=15727, 99.99=28447] 
2020-02-19 13:07:46:575 360 sec: 3008800 operations; 8452.1 current ops/sec; est completion in 9 hours 52 minutes [READ: Count=42254, Max=35263, Min=115, Avg=1863.77, 90=3239, 99=8099, 99.9=14839, 99.99=29135] [UPDATE: Count=42264, Max=35871, Min=159, Avg=1915.7, 90=3277, 99=8039, 99.9=15959, 99.99=32623] 
2020-02-19 13:07:56:575 370 sec: 3095724 operations; 8692.4 current ops/sec; est completion in 9 hours 51 minutes [READ: Count=43645, Max=30991, Min=115, Avg=1812.22, 90=3049, 99=8079, 99.9=15063, 99.99=26591] [UPDATE: Count=43282, Max=30591, Min=150, Avg=1868.11, 90=3103, 99=8423, 99.9=15367, 99.99=26927] 
2020-02-19 13:08:06:575 380 sec: 3178796 operations; 8307.2 current ops/sec; est completion in 9 hours 51 minutes [READ: Count=41433, Max=32767, Min=103, Avg=1888.91, 90=3271, 99=8095, 99.9=15247, 99.99=25439] [UPDATE: Count=41637, Max=33343, Min=145, Avg=1960.72, 90=3359, 99=8295, 99.9=17391, 99.99=32399] 
2020-02-19 13:08:16:575 390 sec: 3266982 operations; 8818.6 current ops/sec; est completion in 9 hours 50 minutes [READ: Count=44097, Max=21503, Min=122, Avg=1789.04, 90=3055, 99=7255, 99.9=11759, 99.99=17071] [UPDATE: Count=44089, Max=22143, Min=153, Avg=1834.57, 90=3115, 99=7563, 99.9=12911, 99.99=17695] 
2020-02-19 13:08:26:575 400 sec: 3354561 operations; 8757.9 current ops/sec; est completion in 9 hours 49 minutes [READ: Count=43589, Max=42047, Min=104, Avg=1799.33, 90=3201, 99=7211, 99.9=14079, 99.99=38687] [UPDATE: Count=43990, Max=41567, Min=149, Avg=1853.42, 90=3251, 99=7315, 99.9=16767, 99.99=35103] 
2020-02-19 13:08:36:575 410 sec: 3439925 operations; 8536.4 current ops/sec; est completion in 9 hours 49 minutes [READ: Count=42875, Max=36607, Min=113, Avg=1842.56, 90=3175, 99=7599, 99.9=17087, 99.99=30127] [UPDATE: Count=42489, Max=36607, Min=150, Avg=1899.43, 90=3217, 99=7787, 99.9=19023, 99.99=31023] 
2020-02-19 13:08:46:575 420 sec: 3526435 operations; 8651 current ops/sec; est completion in 9 hours 48 minutes [READ: Count=43429, Max=40255, Min=112, Avg=1820.07, 90=3235, 99=8071, 99.9=17743, 99.99=26719] [UPDATE: Count=43083, Max=51839, Min=150, Avg=1875.06, 90=3285, 99=8223, 99.9=18255, 99.99=31791] 
2020-02-19 13:08:56:575 430 sec: 3610089 operations; 8365.4 current ops/sec; est completion in 9 hours 48 minutes [READ: Count=42160, Max=35647, Min=114, Avg=1887.25, 90=3271, 99=8783, 99.9=16687, 99.99=28815] [UPDATE: Count=41500, Max=34559, Min=151, Avg=1939.84, 90=3309, 99=9087, 99.9=17567, 99.99=30559] 
2020-02-19 13:09:06:575 440 sec: 3695279 operations; 8519 current ops/sec; est completion in 9 hours 48 minutes [READ: Count=42592, Max=32015, Min=117, Avg=1851.58, 90=3157, 99=7919, 99.9=14415, 99.99=30879] [UPDATE: Count=42598, Max=31999, Min=145, Avg=1900.52, 90=3187, 99=7775, 99.9=14503, 99.99=30255] 
2020-02-19 13:09:16:575 450 sec: 3783435 operations; 8815.6 current ops/sec; est completion in 9 hours 47 minutes [READ: Count=43946, Max=22079, Min=114, Avg=1791.01, 90=3023, 99=7359, 99.9=14647, 99.99=21023] [UPDATE: Count=44201, Max=23295, Min=162, Avg=1836.14, 90=3065, 99=7471, 99.9=14559, 99.99=21151] 
2020-02-19 13:09:26:575 460 sec: 3867765 operations; 8433 current ops/sec; est completion in 9 hours 47 minutes [READ: Count=42218, Max=349951, Min=96, Avg=1861.33, 90=3177, 99=8431, 99.9=20927, 99.99=84351] [UPDATE: Count=42112, Max=349951, Min=132, Avg=1929.42, 90=3257, 99=8287, 99.9=24479, 99.99=84927] 
2020-02-19 13:09:36:575 470 sec: 3952271 operations; 8450.6 current ops/sec; est completion in 9 hours 46 minutes [READ: Count=42246, Max=35647, Min=107, Avg=1866.49, 90=3457, 99=8415, 99.9=17039, 99.99=31407] [UPDATE: Count=42261, Max=33759, Min=142, Avg=1917.49, 90=3525, 99=8415, 99.9=14671, 99.99=31119] 
2020-02-19 13:09:46:575 480 sec: 4040811 operations; 8854 current ops/sec; est completion in 9 hours 45 minutes [READ: Count=44345, Max=28063, Min=110, Avg=1771.34, 90=3199, 99=7839, 99.9=14095, 99.99=23615] [UPDATE: Count=44194, Max=29087, Min=149, Avg=1835.36, 90=3245, 99=7847, 99.9=14935, 99.99=26735] 
2020-02-19 13:09:56:575 490 sec: 4125520 operations; 8470.9 current ops/sec; est completion in 9 hours 45 minutes [READ: Count=42606, Max=48799, Min=110, Avg=1860.86, 90=3177, 99=7975, 99.9=16687, 99.99=31039] [UPDATE: Count=42106, Max=52319, Min=146, Avg=1918.48, 90=3227, 99=8399, 99.9=17679, 99.99=34111] 
2020-02-19 13:10:06:575 500 sec: 4206657 operations; 8113.7 current ops/sec; est completion in 9 hours 45 minutes [READ: Count=40704, Max=41951, Min=109, Avg=1932.7, 90=3363, 99=9007, 99.9=22383, 99.99=39935] [UPDATE: Count=40431, Max=44063, Min=147, Avg=2004.73, 90=3461, 99=9511, 99.9=21423, 99.99=30463] 
2020-02-19 13:10:16:575 510 sec: 4290585 operations; 8392.8 current ops/sec; est completion in 9 hours 45 minutes [READ: Count=42049, Max=33567, Min=109, Avg=1869.52, 90=3345, 99=8247, 99.9=14023, 99.99=22703] [UPDATE: Count=41880, Max=38911, Min=143, Avg=1938.33, 90=3465, 99=8775, 99.9=15007, 99.99=26127] 
2020-02-19 13:10:26:575 520 sec: 4378980 operations; 8839.5 current ops/sec; est completion in 9 hours 45 minutes [READ: Count=44151, Max=23743, Min=121, Avg=1784.37, 90=3083, 99=7559, 99.9=14367, 99.99=22911] [UPDATE: Count=44245, Max=24767, Min=161, Avg=1836.65, 90=3109, 99=7831, 99.9=15807, 99.99=23551] 
2020-02-19 13:10:36:575 530 sec: 4465455 operations; 8647.5 current ops/sec; est completion in 9 hours 44 minutes [READ: Count=43206, Max=24527, Min=118, Avg=1822.1, 90=3171, 99=8003, 99.9=14319, 99.99=22191] [UPDATE: Count=43269, Max=22527, Min=152, Avg=1874.85, 90=3261, 99=7859, 99.9=14559, 99.99=20783] 
2020-02-19 13:10:46:575 540 sec: 4554916 operations; 8946.1 current ops/sec; est completion in 9 hours 43 minutes [READ: Count=44760, Max=24079, Min=116, Avg=1759.75, 90=3045, 99=7443, 99.9=12815, 99.99=18015] [UPDATE: Count=44704, Max=22991, Min=148, Avg=1814.18, 90=3115, 99=7267, 99.9=12967, 99.99=19295] 
2020-02-19 13:10:56:575 550 sec: 4642170 operations; 8725.4 current ops/sec; est completion in 9 hours 43 minutes [READ: Count=43958, Max=32175, Min=98, Avg=1813.33, 90=3123, 99=7135, 99.9=15279, 99.99=27855] [UPDATE: Count=43290, Max=39711, Min=146, Avg=1851.37, 90=3147, 99=7203, 99.9=13999, 99.99=27695] 
2020-02-19 13:11:06:575 560 sec: 4726007 operations; 8383.7 current ops/sec; est completion in 9 hours 43 minutes [READ: Count=41713, Max=35359, Min=117, Avg=1887.49, 90=3275, 99=8239, 99.9=16703, 99.99=32479] [UPDATE: Count=42130, Max=35679, Min=145, Avg=1925.86, 90=3321, 99=8223, 99.9=15847, 99.99=31679] 
2020-02-19 13:11:16:575 570 sec: 4813907 operations; 8790 current ops/sec; est completion in 9 hours 42 minutes [READ: Count=43983, Max=27295, Min=110, Avg=1790.65, 90=3043, 99=7811, 99.9=13847, 99.99=20943] [UPDATE: Count=43914, Max=27087, Min=154, Avg=1845.27, 90=3123, 99=7923, 99.9=13871, 99.99=20799] 
2020-02-19 13:11:26:575 580 sec: 4902640 operations; 8873.3 current ops/sec; est completion in 9 hours 41 minutes [READ: Count=44537, Max=33759, Min=119, Avg=1773.11, 90=3027, 99=7091, 99.9=13423, 99.99=31071] [UPDATE: Count=44198, Max=33503, Min=157, Avg=1830.16, 90=3075, 99=7475, 99.9=14751, 99.99=31023] 
2020-02-19 13:11:36:575 590 sec: 4989815 operations; 8717.5 current ops/sec; est completion in 9 hours 41 minutes [READ: Count=43615, Max=37919, Min=117, Avg=1807.77, 90=3127, 99=7463, 99.9=15855, 99.99=34591] [UPDATE: Count=43560, Max=34911, Min=151, Avg=1860.7, 90=3225, 99=7507, 99.9=15287, 99.99=32639] 
2020-02-19 13:11:46:575 600 sec: 5078965 operations; 8915 current ops/sec; est completion in 9 hours 40 minutes [READ: Count=44713, Max=27231, Min=122, Avg=1763.03, 90=3059, 99=6935, 99.9=12975, 99.99=23471] [UPDATE: Count=44437, Max=27135, Min=143, Avg=1823.37, 90=3141, 99=7059, 99.9=13127, 99.99=26735] 
2020-02-19 13:11:56:575 610 sec: 5168003 operations; 8903.8 current ops/sec; est completion in 9 hours 40 minutes [READ: Count=44616, Max=28767, Min=111, Avg=1774.87, 90=3055, 99=7551, 99.9=12751, 99.99=26255] [UPDATE: Count=44417, Max=28543, Min=154, Avg=1815.56, 90=3129, 99=7187, 99.9=12447, 99.99=21839] 
2020-02-19 13:12:06:575 620 sec: 5252299 operations; 8429.6 current ops/sec; est completion in 9 hours 39 minutes [READ: Count=42094, Max=33951, Min=117, Avg=1881.52, 90=3283, 99=8447, 99.9=17359, 99.99=28239] [UPDATE: Count=42203, Max=30127, Min=152, Avg=1911.49, 90=3317, 99=8215, 99.9=16463, 99.99=23775] 
2020-02-19 13:12:16:575 630 sec: 5340261 operations; 8796.2 current ops/sec; est completion in 9 hours 39 minutes [READ: Count=43817, Max=58655, Min=104, Avg=1792.11, 90=3095, 99=7871, 99.9=14191, 99.99=45599] [UPDATE: Count=44145, Max=58335, Min=140, Avg=1842.27, 90=3167, 99=7967, 99.9=14527, 99.99=45535] 
2020-02-19 13:12:26:575 640 sec: 5429250 operations; 8898.9 current ops/sec; est completion in 9 hours 38 minutes [READ: Count=44445, Max=29295, Min=112, Avg=1765.38, 90=3061, 99=7335, 99.9=13847, 99.99=28175] [UPDATE: Count=44544, Max=29535, Min=156, Avg=1827.12, 90=3153, 99=7539, 99.9=14159, 99.99=28751] 
2020-02-19 13:12:36:575 650 sec: 5515771 operations; 8652.1 current ops/sec; est completion in 9 hours 38 minutes [READ: Count=43362, Max=23327, Min=115, Avg=1823.11, 90=3245, 99=7475, 99.9=13231, 99.99=20767] [UPDATE: Count=43161, Max=21071, Min=150, Avg=1867.51, 90=3291, 99=7327, 99.9=13359, 99.99=19999] 
2020-02-19 13:12:46:575 660 sec: 5604367 operations; 8859.6 current ops/sec; est completion in 9 hours 37 minutes [READ: Count=44115, Max=66111, Min=109, Avg=1771.72, 90=3133, 99=7267, 99.9=13591, 99.99=27887] [UPDATE: Count=44479, Max=66303, Min=150, Avg=1841.14, 90=3223, 99=7623, 99.9=14207, 99.99=28863] 
2020-02-19 13:12:56:575 670 sec: 5689547 operations; 8518 current ops/sec; est completion in 9 hours 37 minutes [READ: Count=42782, Max=22367, Min=111, Avg=1845.14, 90=3221, 99=7867, 99.9=13207, 99.99=19935] [UPDATE: Count=42397, Max=22703, Min=160, Avg=1908.68, 90=3293, 99=8099, 99.9=13895, 99.99=20799] 
2020-02-19 13:13:06:575 680 sec: 5773962 operations; 8441.5 current ops/sec; est completion in 9 hours 37 minutes [READ: Count=42054, Max=25503, Min=121, Avg=1863.07, 90=3115, 99=7603, 99.9=15063, 99.99=21103] [UPDATE: Count=42362, Max=21183, Min=152, Avg=1923.89, 90=3199, 99=8187, 99.9=14647, 99.99=20271] 
2020-02-19 13:13:16:575 690 sec: 5860838 operations; 8687.6 current ops/sec; est completion in 9 hours 37 minutes [READ: Count=43550, Max=28495, Min=112, Avg=1817.98, 90=3135, 99=7799, 99.9=13127, 99.99=17439] [UPDATE: Count=43326, Max=28607, Min=154, Avg=1862.76, 90=3165, 99=7999, 99.9=13343, 99.99=18959] 
2020-02-19 13:13:26:575 700 sec: 5949957 operations; 8911.9 current ops/sec; est completion in 9 hours 36 minutes [READ: Count=44773, Max=29615, Min=118, Avg=1778.57, 90=3005, 99=7523, 99.9=13655, 99.99=28655] [UPDATE: Count=44353, Max=29567, Min=156, Avg=1808.98, 90=3029, 99=7435, 99.9=13807, 99.99=26767] 
2020-02-19 13:13:36:575 710 sec: 6037445 operations; 8748.8 current ops/sec; est completion in 9 hours 36 minutes [READ: Count=43716, Max=35583, Min=110, Avg=1798.58, 90=3047, 99=8107, 99.9=14103, 99.99=27503] [UPDATE: Count=43765, Max=35711, Min=152, Avg=1855.39, 90=3133, 99=8163, 99.9=13959, 99.99=26463] 
2020-02-19 13:13:46:575 720 sec: 6127062 operations; 8961.7 current ops/sec; est completion in 9 hours 35 minutes [READ: Count=44693, Max=37663, Min=121, Avg=1761.32, 90=3011, 99=7279, 99.9=13343, 99.99=29535] [UPDATE: Count=44923, Max=38207, Min=149, Avg=1806.22, 90=3055, 99=7275, 99.9=13151, 99.99=29951] 
2020-02-19 13:13:56:575 730 sec: 6215230 operations; 8816.8 current ops/sec; est completion in 9 hours 35 minutes [READ: Count=44216, Max=40511, Min=114, Avg=1776.92, 90=2987, 99=7803, 99.9=14095, 99.99=27807] [UPDATE: Count=43952, Max=28207, Min=173, Avg=1847.79, 90=3109, 99=8511, 99.9=15823, 99.99=26527] 
2020-02-19 13:14:06:575 740 sec: 6299868 operations; 8463.8 current ops/sec; est completion in 9 hours 34 minutes [READ: Count=42218, Max=34015, Min=105, Avg=1859.07, 90=3225, 99=8967, 99.9=18623, 99.99=32207] [UPDATE: Count=42420, Max=33887, Min=143, Avg=1919.83, 90=3323, 99=8751, 99.9=19455, 99.99=32991] 
2020-02-19 13:14:16:575 750 sec: 6387753 operations; 8788.5 current ops/sec; est completion in 9 hours 34 minutes [READ: Count=43952, Max=27951, Min=122, Avg=1786.46, 90=2995, 99=7715, 99.9=15271, 99.99=20079] [UPDATE: Count=43933, Max=27567, Min=173, Avg=1851.22, 90=3053, 99=8247, 99.9=15903, 99.99=19567] 
2020-02-19 13:14:26:575 760 sec: 6475529 operations; 8777.6 current ops/sec; est completion in 9 hours 34 minutes [READ: Count=43944, Max=41183, Min=110, Avg=1790.24, 90=3083, 99=7311, 99.9=13679, 99.99=33631] [UPDATE: Count=43832, Max=40703, Min=161, Avg=1851.88, 90=3161, 99=7519, 99.9=13479, 99.99=21007] 
2020-02-19 13:14:36:575 770 sec: 6563186 operations; 8765.7 current ops/sec; est completion in 9 hours 33 minutes [READ: Count=43971, Max=26335, Min=114, Avg=1798, 90=3045, 99=7871, 99.9=14527, 99.99=24607] [UPDATE: Count=43693, Max=23423, Min=170, Avg=1849.76, 90=3083, 99=7867, 99.9=15535, 99.99=21919] 
2020-02-19 13:14:46:575 780 sec: 6652601 operations; 8941.5 current ops/sec; est completion in 9 hours 33 minutes [READ: Count=44722, Max=33407, Min=123, Avg=1771.09, 90=2953, 99=7575, 99.9=15087, 99.99=30063] [UPDATE: Count=44687, Max=34143, Min=165, Avg=1803.98, 90=3001, 99=7447, 99.9=13863, 99.99=29903] 
2020-02-19 13:14:56:575 790 sec: 6740721 operations; 8812 current ops/sec; est completion in 9 hours 32 minutes [READ: Count=44343, Max=30015, Min=107, Avg=1786.75, 90=3097, 99=7899, 99.9=14039, 99.99=26975] [UPDATE: Count=43779, Max=29887, Min=147, Avg=1842.01, 90=3169, 99=7931, 99.9=13615, 99.99=23391] 
2020-02-19 13:15:06:575 800 sec: 6825784 operations; 8506.3 current ops/sec; est completion in 9 hours 32 minutes [READ: Count=42759, Max=31903, Min=118, Avg=1852.4, 90=3205, 99=8575, 99.9=16799, 99.99=28207] [UPDATE: Count=42305, Max=35231, Min=157, Avg=1905.74, 90=3277, 99=8583, 99.9=15647, 99.99=29695] 
2020-02-19 13:15:16:575 810 sec: 6912138 operations; 8635.4 current ops/sec; est completion in 9 hours 32 minutes [READ: Count=43022, Max=34047, Min=112, Avg=1828.54, 90=3229, 99=8183, 99.9=16975, 99.99=28591] [UPDATE: Count=43328, Max=37631, Min=150, Avg=1874.57, 90=3295, 99=8103, 99.9=16591, 99.99=30399] 
2020-02-19 13:15:26:575 820 sec: 7000356 operations; 8821.8 current ops/sec; est completion in 9 hours 32 minutes [READ: Count=43874, Max=36063, Min=120, Avg=1783.8, 90=3075, 99=6987, 99.9=15167, 99.99=25135] [UPDATE: Count=44348, Max=32623, Min=161, Avg=1840.23, 90=3147, 99=7263, 99.9=16847, 99.99=28671] 
2020-02-19 13:15:36:575 830 sec: 7087756 operations; 8740 current ops/sec; est completion in 9 hours 31 minutes [READ: Count=43686, Max=33375, Min=109, Avg=1788.65, 90=3121, 99=7491, 99.9=13087, 99.99=28351] [UPDATE: Count=43711, Max=34111, Min=149, Avg=1869.09, 90=3237, 99=8007, 99.9=13983, 99.99=31231] 
2020-02-19 13:15:46:575 840 sec: 7172987 operations; 8523.1 current ops/sec; est completion in 9 hours 31 minutes [READ: Count=42645, Max=30815, Min=109, Avg=1851.78, 90=3377, 99=8007, 99.9=14279, 99.99=17391] [UPDATE: Count=42589, Max=30767, Min=149, Avg=1899.62, 90=3401, 99=7999, 99.9=14455, 99.99=25407] 
2020-02-19 13:15:56:575 850 sec: 7258287 operations; 8530 current ops/sec; est completion in 9 hours 31 minutes [READ: Count=42425, Max=32255, Min=111, Avg=1847.91, 90=3345, 99=7891, 99.9=16415, 99.99=29967] [UPDATE: Count=42875, Max=32927, Min=142, Avg=1899.44, 90=3413, 99=7839, 99.9=15815, 99.99=25519] 
2020-02-19 13:16:06:576 860 sec: 7342168 operations; 8388.1 current ops/sec; est completion in 9 hours 31 minutes [READ: Count=41798, Max=51679, Min=112, Avg=1873.5, 90=3369, 99=7835, 99.9=14895, 99.99=29871] [UPDATE: Count=42081, Max=53055, Min=163, Avg=1938.44, 90=3459, 99=8287, 99.9=16943, 99.99=32079] 
2020-02-19 13:16:16:575 870 sec: 7421948 operations; 7978 current ops/sec; est completion in 9 hours 31 minutes [READ: Count=40094, Max=28623, Min=106, Avg=1964.37, 90=3583, 99=8815, 99.9=16703, 99.99=22895] [UPDATE: Count=39686, Max=30031, Min=148, Avg=2041.14, 90=3701, 99=9199, 99.9=17839, 99.99=26351] 
2020-02-19 13:16:26:575 880 sec: 7507355 operations; 8540.7 current ops/sec; est completion in 9 hours 31 minutes [READ: Count=42674, Max=31439, Min=108, Avg=1848.04, 90=3333, 99=8059, 99.9=12791, 99.99=25935] [UPDATE: Count=42733, Max=32495, Min=146, Avg=1896.7, 90=3389, 99=8247, 99.9=13415, 99.99=26847] 
2020-02-19 13:16:36:575 890 sec: 7594390 operations; 8703.5 current ops/sec; est completion in 9 hours 31 minutes [READ: Count=43847, Max=33599, Min=111, Avg=1817, 90=3185, 99=8359, 99.9=16623, 99.99=28879] [UPDATE: Count=43186, Max=33599, Min=141, Avg=1857.55, 90=3237, 99=8255, 99.9=16415, 99.99=29087] 
2020-02-19 13:16:46:575 900 sec: 7680002 operations; 8561.2 current ops/sec; est completion in 9 hours 30 minutes [READ: Count=42722, Max=29375, Min=108, Avg=1832.58, 90=3329, 99=8271, 99.9=18047, 99.99=25567] [UPDATE: Count=42892, Max=30159, Min=148, Avg=1901.54, 90=3429, 99=8575, 99.9=18191, 99.99=27327] 
2020-02-19 13:16:56:575 910 sec: 7765189 operations; 8518.7 current ops/sec; est completion in 9 hours 30 minutes [READ: Count=42731, Max=44607, Min=114, Avg=1847.18, 90=3395, 99=7923, 99.9=17135, 99.99=34847] [UPDATE: Count=42456, Max=40927, Min=145, Avg=1905.88, 90=3475, 99=7883, 99.9=19007, 99.99=31631] 
2020-02-19 13:17:06:575 920 sec: 7850367 operations; 8517.8 current ops/sec; est completion in 9 hours 30 minutes [READ: Count=42709, Max=23183, Min=111, Avg=1845.86, 90=3231, 99=7595, 99.9=13143, 99.99=20447] [UPDATE: Count=42470, Max=23599, Min=147, Avg=1907.48, 90=3321, 99=7603, 99.9=14015, 99.99=22255] 
2020-02-19 13:17:16:575 930 sec: 7930564 operations; 8019.7 current ops/sec; est completion in 9 hours 30 minutes [READ: Count=40317, Max=33215, Min=111, Avg=1978.6, 90=3463, 99=9487, 99.9=18415, 99.99=31935] [UPDATE: Count=39879, Max=33599, Min=154, Avg=2009.68, 90=3497, 99=9287, 99.9=16911, 99.99=31903] 
2020-02-19 13:17:26:575 940 sec: 8015802 operations; 8523.8 current ops/sec; est completion in 9 hours 30 minutes [READ: Count=42569, Max=32303, Min=118, Avg=1846.21, 90=3161, 99=7703, 99.9=13991, 99.99=31087] [UPDATE: Count=42671, Max=32447, Min=149, Avg=1904.77, 90=3221, 99=7879, 99.9=14455, 99.99=31503] 
2020-02-19 13:17:36:575 950 sec: 8102177 operations; 8637.5 current ops/sec; est completion in 9 hours 30 minutes [READ: Count=43173, Max=29519, Min=102, Avg=1823.06, 90=3187, 99=7919, 99.9=14127, 99.99=25599] [UPDATE: Count=43200, Max=30207, Min=154, Avg=1877.43, 90=3251, 99=7851, 99.9=14839, 99.99=29663] 
2020-02-19 13:17:46:575 960 sec: 8187253 operations; 8507.6 current ops/sec; est completion in 9 hours 30 minutes [READ: Count=42577, Max=32687, Min=110, Avg=1849.78, 90=3195, 99=7995, 99.9=18111, 99.99=27311] [UPDATE: Count=42499, Max=32655, Min=144, Avg=1908.76, 90=3319, 99=7967, 99.9=16247, 99.99=27167] 
2020-02-19 13:17:56:575 970 sec: 8277365 operations; 9011.2 current ops/sec; est completion in 9 hours 29 minutes [READ: Count=45275, Max=33567, Min=112, Avg=1746.69, 90=3029, 99=7683, 99.9=15143, 99.99=23599] [UPDATE: Count=44835, Max=33439, Min=158, Avg=1801.81, 90=3111, 99=8027, 99.9=15359, 99.99=20527] 
2020-02-19 13:18:06:575 980 sec: 8362551 operations; 8518.6 current ops/sec; est completion in 9 hours 29 minutes [READ: Count=42825, Max=34399, Min=115, Avg=1845.19, 90=3109, 99=9095, 99.9=14975, 99.99=29423] [UPDATE: Count=42362, Max=29503, Min=160, Avg=1904.78, 90=3215, 99=8767, 99.9=14927, 99.99=22223] 
2020-02-19 13:18:16:575 990 sec: 8445880 operations; 8332.9 current ops/sec; est completion in 9 hours 29 minutes [READ: Count=41780, Max=37151, Min=109, Avg=1890, 90=3273, 99=8927, 99.9=17935, 99.99=33727] [UPDATE: Count=41548, Max=37983, Min=149, Avg=1944.77, 90=3323, 99=9327, 99.9=19583, 99.99=37503] 
2020-02-19 13:18:26:575 1000 sec: 8534624 operations; 8874.4 current ops/sec; est completion in 9 hours 29 minutes [READ: Count=44593, Max=27519, Min=115, Avg=1776.53, 90=3047, 99=7959, 99.9=14791, 99.99=26143] [UPDATE: Count=44154, Max=27679, Min=149, Avg=1831.42, 90=3127, 99=8255, 99.9=15399, 99.99=24671] 
2020-02-19 13:18:36:575 1010 sec: 8623551 operations; 8892.7 current ops/sec; est completion in 9 hours 28 minutes [READ: Count=44412, Max=24159, Min=121, Avg=1764.07, 90=3105, 99=7327, 99.9=13543, 99.99=18223] [UPDATE: Count=44512, Max=21199, Min=147, Avg=1831.41, 90=3211, 99=7911, 99.9=14023, 99.99=18095] 
2020-02-19 13:18:46:575 1020 sec: 8709086 operations; 8553.5 current ops/sec; est completion in 9 hours 28 minutes [READ: Count=42842, Max=24559, Min=114, Avg=1850.9, 90=3291, 99=7887, 99.9=14135, 99.99=20479] [UPDATE: Count=42693, Max=25151, Min=151, Avg=1887, 90=3319, 99=7491, 99.9=13239, 99.99=20287] 
2020-02-19 13:18:56:575 1030 sec: 8798070 operations; 8898.4 current ops/sec; est completion in 9 hours 28 minutes [READ: Count=44650, Max=25183, Min=115, Avg=1776.46, 90=3079, 99=7195, 99.9=14727, 99.99=24623] [UPDATE: Count=44339, Max=25583, Min=168, Avg=1816.63, 90=3127, 99=7215, 99.9=14511, 99.99=24287] 
2020-02-19 13:19:06:575 1040 sec: 8885846 operations; 8777.6 current ops/sec; est completion in 9 hours 27 minutes [READ: Count=43911, Max=24047, Min=108, Avg=1793.62, 90=3107, 99=7815, 99.9=14511, 99.99=21391] [UPDATE: Count=43860, Max=23455, Min=144, Avg=1848.58, 90=3201, 99=7955, 99.9=13583, 99.99=21567] 
2020-02-19 13:19:16:575 1050 sec: 8969909 operations; 8406.3 current ops/sec; est completion in 9 hours 27 minutes [READ: Count=42177, Max=30703, Min=101, Avg=1871.36, 90=3297, 99=8207, 99.9=15495, 99.99=24575] [UPDATE: Count=41886, Max=30895, Min=161, Avg=1930.81, 90=3405, 99=8179, 99.9=16303, 99.99=26991] 
2020-02-19 13:19:26:575 1060 sec: 9057954 operations; 8804.5 current ops/sec; est completion in 9 hours 27 minutes [READ: Count=44262, Max=34623, Min=112, Avg=1785.02, 90=3067, 99=7935, 99.9=15063, 99.99=33951] [UPDATE: Count=43786, Max=30863, Min=152, Avg=1845.52, 90=3155, 99=8131, 99.9=16071, 99.99=30559] 
2020-02-19 13:19:36:575 1070 sec: 9146754 operations; 8880 current ops/sec; est completion in 9 hours 27 minutes [READ: Count=44261, Max=32431, Min=102, Avg=1779.17, 90=3085, 99=7651, 99.9=14615, 99.99=31631] [UPDATE: Count=44543, Max=32511, Min=157, Avg=1823.19, 90=3123, 99=7815, 99.9=14695, 99.99=31471] 
2020-02-19 13:19:46:575 1080 sec: 9230969 operations; 8421.5 current ops/sec; est completion in 9 hours 27 minutes [READ: Count=41961, Max=80511, Min=114, Avg=1872.46, 90=3283, 99=7603, 99.9=13967, 99.99=37919] [UPDATE: Count=42253, Max=81215, Min=158, Avg=1923.59, 90=3327, 99=8027, 99.9=13887, 99.99=33055] 
2020-02-19 13:19:56:575 1090 sec: 9316575 operations; 8560.6 current ops/sec; est completion in 9 hours 26 minutes [READ: Count=42844, Max=30527, Min=107, Avg=1847.44, 90=3297, 99=7647, 99.9=15007, 99.99=23775] [UPDATE: Count=42763, Max=30479, Min=146, Avg=1887.57, 90=3319, 99=7467, 99.9=15119, 99.99=26031] 
2020-02-19 13:20:06:575 1100 sec: 9401627 operations; 8505.2 current ops/sec; est completion in 9 hours 26 minutes [READ: Count=42403, Max=24767, Min=114, Avg=1849.07, 90=3195, 99=7919, 99.9=15023, 99.99=20463] [UPDATE: Count=42643, Max=24703, Min=158, Avg=1907.73, 90=3279, 99=8031, 99.9=13191, 99.99=22527] 
2020-02-19 13:20:16:575 1110 sec: 9483986 operations; 8235.9 current ops/sec; est completion in 9 hours 26 minutes [READ: Count=41157, Max=39135, Min=117, Avg=1902.63, 90=3205, 99=9335, 99.9=18671, 99.99=32687] [UPDATE: Count=41201, Max=38815, Min=155, Avg=1977.01, 90=3333, 99=9439, 99.9=18927, 99.99=36639] 
2020-02-19 13:20:26:575 1120 sec: 9571914 operations; 8792.8 current ops/sec; est completion in 9 hours 26 minutes [READ: Count=43946, Max=46143, Min=123, Avg=1793.31, 90=3007, 99=8151, 99.9=15231, 99.99=23855] [UPDATE: Count=43982, Max=45087, Min=161, Avg=1843.38, 90=3065, 99=8031, 99.9=15303, 99.99=26911] 
2020-02-19 13:20:36:575 1130 sec: 9661666 operations; 8975.2 current ops/sec; est completion in 9 hours 25 minutes [READ: Count=44910, Max=35455, Min=115, Avg=1745.34, 90=2985, 99=7815, 99.9=14231, 99.99=27631] [UPDATE: Count=44843, Max=35327, Min=167, Avg=1818.26, 90=3087, 99=8031, 99.9=15487, 99.99=25183] 
2020-02-19 13:20:46:575 1140 sec: 9748237 operations; 8657.1 current ops/sec; est completion in 9 hours 25 minutes [READ: Count=43427, Max=36095, Min=125, Avg=1820.62, 90=3035, 99=8167, 99.9=15247, 99.99=31471] [UPDATE: Count=43147, Max=36415, Min=173, Avg=1874.95, 90=3097, 99=8163, 99.9=16639, 99.99=27007] 
2020-02-19 13:20:56:575 1150 sec: 9839436 operations; 9119.9 current ops/sec; est completion in 9 hours 25 minutes [READ: Count=45712, Max=28799, Min=112, Avg=1724.26, 90=2983, 99=6947, 99.9=12519, 99.99=27663] [UPDATE: Count=45483, Max=41919, Min=170, Avg=1781.42, 90=3059, 99=7139, 99.9=15359, 99.99=29007] 
2020-02-19 13:21:06:575 1160 sec: 9930210 operations; 9077.4 current ops/sec; est completion in 9 hours 24 minutes [READ: Count=44989, Max=23935, Min=121, Avg=1733.46, 90=2895, 99=7187, 99.9=12607, 99.99=20543] [UPDATE: Count=45788, Max=21967, Min=146, Avg=1787.77, 90=2967, 99=7283, 99.9=12103, 99.99=17167] 
2020-02-19 13:21:16:575 1170 sec: 10014292 operations; 8408.2 current ops/sec; est completion in 9 hours 24 minutes [READ: Count=42070, Max=35487, Min=118, Avg=1873.35, 90=3131, 99=9079, 99.9=17231, 99.99=30207] [UPDATE: Count=42018, Max=35999, Min=150, Avg=1929.47, 90=3189, 99=9199, 99.9=17919, 99.99=33663] 
2020-02-19 13:21:26:575 1180 sec: 10101994 operations; 8770.2 current ops/sec; est completion in 9 hours 24 minutes [READ: Count=43979, Max=33663, Min=117, Avg=1794, 90=2971, 99=7167, 99.9=13711, 99.99=30495] [UPDATE: Count=43722, Max=33407, Min=173, Avg=1851.56, 90=3059, 99=7191, 99.9=15375, 99.99=30815] 
2020-02-19 13:21:36:575 1190 sec: 10191940 operations; 8994.6 current ops/sec; est completion in 9 hours 23 minutes [READ: Count=45198, Max=35263, Min=114, Avg=1742.74, 90=2967, 99=7151, 99.9=15831, 99.99=23759] [UPDATE: Count=44741, Max=35231, Min=142, Avg=1811.16, 90=3083, 99=7515, 99.9=16415, 99.99=30751] 
2020-02-19 13:21:46:575 1200 sec: 10280802 operations; 8886.2 current ops/sec; est completion in 9 hours 23 minutes [READ: Count=44395, Max=28751, Min=118, Avg=1778.06, 90=2895, 99=7931, 99.9=16431, 99.99=26607] [UPDATE: Count=44469, Max=36735, Min=163, Avg=1817.78, 90=2947, 99=7623, 99.9=16687, 99.99=30703] 
2020-02-19 13:21:56:575 1210 sec: 10371852 operations; 9105 current ops/sec; est completion in 9 hours 23 minutes [READ: Count=45697, Max=33311, Min=120, Avg=1732.03, 90=2897, 99=7323, 99.9=13831, 99.99=26703] [UPDATE: Count=45350, Max=34143, Min=161, Avg=1780.44, 90=2953, 99=7235, 99.9=14423, 99.99=27791] 
2020-02-19 13:22:06:575 1220 sec: 10458042 operations; 8619 current ops/sec; est completion in 9 hours 22 minutes [READ: Count=43179, Max=36511, Min=108, Avg=1831.77, 90=3133, 99=8175, 99.9=16927, 99.99=35711] [UPDATE: Count=43015, Max=32303, Min=148, Avg=1879.02, 90=3211, 99=7911, 99.9=15751, 99.99=30031] 
2020-02-19 13:22:16:575 1230 sec: 10542296 operations; 8425.4 current ops/sec; est completion in 9 hours 22 minutes [READ: Count=42057, Max=32863, Min=109, Avg=1869.08, 90=3179, 99=7935, 99.9=14175, 99.99=25759] [UPDATE: Count=42194, Max=27983, Min=159, Avg=1925.97, 90=3263, 99=8231, 99.9=14735, 99.99=24687] 
2020-02-19 13:22:26:575 1240 sec: 10630697 operations; 8840.1 current ops/sec; est completion in 9 hours 22 minutes [READ: Count=44201, Max=26895, Min=118, Avg=1777.68, 90=3001, 99=6863, 99.9=12895, 99.99=25887] [UPDATE: Count=44203, Max=28527, Min=173, Avg=1838.93, 90=3047, 99=7279, 99.9=13391, 99.99=26719] 
2020-02-19 13:22:36:575 1250 sec: 10720382 operations; 8968.5 current ops/sec; est completion in 9 hours 22 minutes [READ: Count=44806, Max=35935, Min=118, Avg=1760.03, 90=2911, 99=7183, 99.9=14143, 99.99=35391] [UPDATE: Count=44875, Max=37695, Min=163, Avg=1804.4, 90=2979, 99=7023, 99.9=12383, 99.99=33727] 
2020-02-19 13:22:46:575 1260 sec: 10806857 operations; 8647.5 current ops/sec; est completion in 9 hours 21 minutes [READ: Count=43159, Max=22367, Min=112, Avg=1828.27, 90=3067, 99=7779, 99.9=14263, 99.99=21007] [UPDATE: Count=43320, Max=22831, Min=168, Avg=1869.07, 90=3111, 99=7651, 99.9=14055, 99.99=21055] 
2020-02-19 13:22:56:575 1270 sec: 10896059 operations; 8920.2 current ops/sec; est completion in 9 hours 21 minutes [READ: Count=44356, Max=25519, Min=114, Avg=1771.82, 90=3027, 99=7487, 99.9=15199, 99.99=20831] [UPDATE: Count=44842, Max=25215, Min=146, Avg=1812.06, 90=3059, 99=7379, 99.9=14927, 99.99=21295] 
2020-02-19 13:23:06:575 1280 sec: 10981645 operations; 8558.6 current ops/sec; est completion in 9 hours 21 minutes [READ: Count=42680, Max=317439, Min=100, Avg=1842.24, 90=3057, 99=7019, 99.9=18015, 99.99=313855] [UPDATE: Count=42923, Max=317951, Min=137, Avg=1893.46, 90=3149, 99=7463, 99.9=20095, 99.99=203263] 
2020-02-19 13:23:16:575 1290 sec: 11065262 operations; 8361.7 current ops/sec; est completion in 9 hours 21 minutes [READ: Count=41313, Max=32463, Min=114, Avg=1892.2, 90=3291, 99=8343, 99.9=18751, 99.99=31967] [UPDATE: Count=42293, Max=32383, Min=156, Avg=1930.64, 90=3377, 99=8115, 99.9=17327, 99.99=31503] 
2020-02-19 13:23:26:575 1300 sec: 11152881 operations; 8761.9 current ops/sec; est completion in 9 hours 21 minutes [READ: Count=43963, Max=35007, Min=114, Avg=1796.01, 90=3077, 99=7519, 99.9=12991, 99.99=25535] [UPDATE: Count=43652, Max=35327, Min=173, Avg=1853.11, 90=3149, 99=7487, 99.9=13423, 99.99=23631] 
2020-02-19 13:23:36:575 1310 sec: 11243656 operations; 9077.5 current ops/sec; est completion in 9 hours 20 minutes [READ: Count=45449, Max=31823, Min=118, Avg=1735.43, 90=2963, 99=7195, 99.9=13855, 99.99=25743] [UPDATE: Count=45325, Max=31439, Min=151, Avg=1785.35, 90=3021, 99=6947, 99.9=14175, 99.99=26415] 
2020-02-19 13:23:46:575 1320 sec: 11333422 operations; 8976.6 current ops/sec; est completion in 9 hours 20 minutes [READ: Count=44956, Max=29215, Min=104, Avg=1753.55, 90=3095, 99=7767, 99.9=12999, 99.99=27903] [UPDATE: Count=44811, Max=33247, Min=153, Avg=1807.11, 90=3169, 99=7639, 99.9=13479, 99.99=29503] 
2020-02-19 13:23:56:575 1330 sec: 11421955 operations; 8853.3 current ops/sec; est completion in 9 hours 20 minutes [READ: Count=44648, Max=27519, Min=111, Avg=1782.79, 90=3163, 99=7587, 99.9=13863, 99.99=23711] [UPDATE: Count=43885, Max=26175, Min=151, Avg=1829.48, 90=3209, 99=7539, 99.9=14063, 99.99=23711] 
2020-02-19 13:24:06:575 1340 sec: 11510603 operations; 8864.8 current ops/sec; est completion in 9 hours 19 minutes [READ: Count=44342, Max=27919, Min=112, Avg=1773.54, 90=3121, 99=7395, 99.9=12447, 99.99=18479] [UPDATE: Count=44310, Max=28063, Min=150, Avg=1833.82, 90=3203, 99=7407, 99.9=13135, 99.99=20863] 
2020-02-19 13:24:16:575 1350 sec: 11598670 operations; 8806.7 current ops/sec; est completion in 9 hours 19 minutes [READ: Count=44048, Max=34815, Min=112, Avg=1783.71, 90=3027, 99=7919, 99.9=14679, 99.99=33311] [UPDATE: Count=44022, Max=34687, Min=153, Avg=1847.02, 90=3141, 99=8135, 99.9=14039, 99.99=32799] 
2020-02-19 13:24:26:575 1360 sec: 11683106 operations; 8443.6 current ops/sec; est completion in 9 hours 19 minutes [READ: Count=42360, Max=26207, Min=121, Avg=1869.13, 90=3211, 99=8567, 99.9=15055, 99.99=22831] [UPDATE: Count=42067, Max=26559, Min=153, Avg=1917.26, 90=3263, 99=8791, 99.9=14831, 99.99=21327] 
2020-02-19 13:24:36:575 1370 sec: 11772322 operations; 8921.6 current ops/sec; est completion in 9 hours 19 minutes [READ: Count=44563, Max=22319, Min=120, Avg=1761.68, 90=3127, 99=7227, 99.9=13431, 99.99=21391] [UPDATE: Count=44653, Max=22527, Min=163, Avg=1821.68, 90=3177, 99=7563, 99.9=13143, 99.99=21599] 
2020-02-19 13:24:46:575 1380 sec: 11860197 operations; 8787.5 current ops/sec; est completion in 9 hours 18 minutes [READ: Count=43749, Max=34399, Min=114, Avg=1791.09, 90=3123, 99=7395, 99.9=12647, 99.99=33343] [UPDATE: Count=44133, Max=34079, Min=145, Avg=1847.44, 90=3215, 99=7323, 99.9=12687, 99.99=29391] 
2020-02-19 13:24:56:575 1390 sec: 11946200 operations; 8600.3 current ops/sec; est completion in 9 hours 18 minutes [READ: Count=43020, Max=30351, Min=110, Avg=1832.43, 90=3179, 99=7679, 99.9=13327, 99.99=17855] [UPDATE: Count=42985, Max=31055, Min=153, Avg=1885.11, 90=3255, 99=7731, 99.9=13759, 99.99=19247] 
2020-02-19 13:25:06:575 1400 sec: 12030896 operations; 8469.6 current ops/sec; est completion in 9 hours 18 minutes [READ: Count=42397, Max=37631, Min=108, Avg=1859.02, 90=3411, 99=7695, 99.9=13039, 99.99=37151] [UPDATE: Count=42290, Max=29983, Min=147, Avg=1916.02, 90=3493, 99=8119, 99.9=12767, 99.99=21663] 
2020-02-19 13:25:16:575 1410 sec: 12116977 operations; 8608.1 current ops/sec; est completion in 9 hours 18 minutes [READ: Count=43027, Max=19951, Min=109, Avg=1826.13, 90=3253, 99=7491, 99.9=14039, 99.99=19119] [UPDATE: Count=43055, Max=20031, Min=148, Avg=1887, 90=3307, 99=8187, 99.9=14175, 99.99=17663] 
2020-02-19 13:25:26:575 1420 sec: 12200448 operations; 8347.1 current ops/sec; est completion in 9 hours 18 minutes [READ: Count=41841, Max=31039, Min=104, Avg=1883.41, 90=3473, 99=8431, 99.9=17327, 99.99=28207] [UPDATE: Count=41632, Max=31503, Min=149, Avg=1948.32, 90=3559, 99=8567, 99.9=17039, 99.99=29167] 
2020-02-19 13:25:36:575 1430 sec: 12291448 operations; 9100 current ops/sec; est completion in 9 hours 17 minutes [READ: Count=45799, Max=32687, Min=116, Avg=1721.81, 90=2989, 99=7343, 99.9=13679, 99.99=25007] [UPDATE: Count=45208, Max=31231, Min=171, Avg=1791.84, 90=3141, 99=7607, 99.9=13911, 99.99=20607] 
2020-02-19 13:25:46:575 1440 sec: 12381974 operations; 9052.6 current ops/sec; est completion in 9 hours 17 minutes [READ: Count=45153, Max=27071, Min=113, Avg=1734.07, 90=2957, 99=7055, 99.9=14455, 99.99=24255] [UPDATE: Count=45363, Max=26239, Min=148, Avg=1797.16, 90=3057, 99=7299, 99.9=13959, 99.99=23823] 
2020-02-19 13:25:56:575 1450 sec: 12469235 operations; 8726.1 current ops/sec; est completion in 9 hours 17 minutes [READ: Count=43341, Max=33023, Min=112, Avg=1811.11, 90=3125, 99=8143, 99.9=13855, 99.99=22671] [UPDATE: Count=43923, Max=33311, Min=155, Avg=1852.67, 90=3159, 99=8059, 99.9=14631, 99.99=26431] 
2020-02-19 13:26:06:575 1460 sec: 12556614 operations; 8737.9 current ops/sec; est completion in 9 hours 17 minutes [READ: Count=43685, Max=30095, Min=106, Avg=1804.52, 90=3093, 99=7559, 99.9=15567, 99.99=29583] [UPDATE: Count=43692, Max=28431, Min=150, Avg=1853.92, 90=3167, 99=7407, 99.9=14023, 99.99=25503] 
2020-02-19 13:26:16:575 1470 sec: 12643975 operations; 8736.1 current ops/sec; est completion in 9 hours 16 minutes [READ: Count=43691, Max=29935, Min=118, Avg=1803.02, 90=2991, 99=9263, 99.9=16111, 99.99=25183] [UPDATE: Count=43670, Max=31007, Min=167, Avg=1855.71, 90=3089, 99=9119, 99.9=16639, 99.99=29999] 
2020-02-19 13:26:26:575 1480 sec: 12731566 operations; 8759.1 current ops/sec; est completion in 9 hours 16 minutes [READ: Count=43498, Max=36319, Min=118, Avg=1803.24, 90=3015, 99=8671, 99.9=17423, 99.99=28271] [UPDATE: Count=44094, Max=32927, Min=151, Avg=1846.17, 90=3069, 99=8927, 99.9=17263, 99.99=30255] 
2020-02-19 13:26:36:575 1490 sec: 12820502 operations; 8893.6 current ops/sec; est completion in 9 hours 16 minutes [READ: Count=44286, Max=30671, Min=123, Avg=1774.56, 90=3003, 99=7291, 99.9=13567, 99.99=27871] [UPDATE: Count=44652, Max=27551, Min=163, Avg=1821.64, 90=3087, 99=7391, 99.9=13319, 99.99=24799] 
2020-02-19 13:26:46:575 1500 sec: 12909509 operations; 8900.7 current ops/sec; est completion in 9 hours 15 minutes [READ: Count=44469, Max=34559, Min=120, Avg=1774.13, 90=3011, 99=7143, 99.9=13791, 99.99=31535] [UPDATE: Count=44534, Max=34143, Min=145, Avg=1817.82, 90=3063, 99=7079, 99.9=13159, 99.99=31807] 
2020-02-19 13:26:56:575 1510 sec: 12996977 operations; 8746.8 current ops/sec; est completion in 9 hours 15 minutes [READ: Count=43706, Max=42015, Min=112, Avg=1804.6, 90=3179, 99=8351, 99.9=14447, 99.99=25071] [UPDATE: Count=43762, Max=26831, Min=152, Avg=1845.69, 90=3263, 99=8287, 99.9=14175, 99.99=18047] 
2020-02-19 13:27:06:575 1520 sec: 13087646 operations; 9066.9 current ops/sec; est completion in 9 hours 15 minutes [READ: Count=45452, Max=45759, Min=111, Avg=1737.03, 90=2981, 99=7475, 99.9=15815, 99.99=26847] [UPDATE: Count=45217, Max=45759, Min=172, Avg=1793.84, 90=3031, 99=7647, 99.9=16735, 99.99=29215] 
2020-02-19 13:27:16:575 1530 sec: 13174240 operations; 8659.4 current ops/sec; est completion in 9 hours 15 minutes [READ: Count=43183, Max=23423, Min=105, Avg=1824.16, 90=3185, 99=8123, 99.9=13975, 99.99=22879] [UPDATE: Count=43412, Max=23663, Min=149, Avg=1867.9, 90=3247, 99=8375, 99.9=13559, 99.99=22879] 
2020-02-19 13:27:26:575 1540 sec: 13258447 operations; 8420.7 current ops/sec; est completion in 9 hours 15 minutes [READ: Count=41862, Max=24687, Min=123, Avg=1875.42, 90=3147, 99=8199, 99.9=14751, 99.99=18879] [UPDATE: Count=42349, Max=24847, Min=164, Avg=1920.86, 90=3217, 99=8191, 99.9=14655, 99.99=23423] 
2020-02-19 13:27:36:575 1550 sec: 13343512 operations; 8506.5 current ops/sec; est completion in 9 hours 14 minutes [READ: Count=42215, Max=40191, Min=108, Avg=1850.69, 90=3185, 99=7967, 99.9=15623, 99.99=34527] [UPDATE: Count=42845, Max=40127, Min=142, Avg=1907.45, 90=3291, 99=8115, 99.9=15223, 99.99=34239] 
2020-02-19 13:27:46:575 1560 sec: 13431044 operations; 8753.2 current ops/sec; est completion in 9 hours 14 minutes [READ: Count=43854, Max=37535, Min=109, Avg=1804.47, 90=3187, 99=7531, 99.9=14847, 99.99=35583] [UPDATE: Count=43683, Max=36479, Min=145, Avg=1847.86, 90=3247, 99=7415, 99.9=14215, 99.99=34751] 
2020-02-19 13:27:56:575 1570 sec: 13515638 operations; 8459.4 current ops/sec; est completion in 9 hours 14 minutes [READ: Count=42434, Max=46879, Min=113, Avg=1859.17, 90=3235, 99=8239, 99.9=17119, 99.99=32159] [UPDATE: Count=42155, Max=45823, Min=146, Avg=1920.85, 90=3315, 99=8343, 99.9=18047, 99.99=23183] 
2020-02-19 13:28:06:575 1580 sec: 13602299 operations; 8666.1 current ops/sec; est completion in 9 hours 14 minutes [READ: Count=43359, Max=31439, Min=109, Avg=1808.32, 90=3145, 99=7083, 99.9=13471, 99.99=29407] [UPDATE: Count=43302, Max=32863, Min=156, Avg=1880.95, 90=3239, 99=7551, 99.9=13647, 99.99=31039] 
2020-02-19 13:28:16:575 1590 sec: 13690339 operations; 8804 current ops/sec; est completion in 9 hours 14 minutes [READ: Count=43943, Max=24527, Min=121, Avg=1788.33, 90=3061, 99=7563, 99.9=12575, 99.99=16623] [UPDATE: Count=44097, Max=25679, Min=164, Avg=1842.38, 90=3137, 99=7795, 99.9=12679, 99.99=16607] 
2020-02-19 13:28:26:575 1600 sec: 13775585 operations; 8524.6 current ops/sec; est completion in 9 hours 14 minutes [READ: Count=42736, Max=31135, Min=125, Avg=1846.24, 90=3153, 99=8583, 99.9=14223, 99.99=30175] [UPDATE: Count=42510, Max=31247, Min=175, Avg=1905.09, 90=3223, 99=8463, 99.9=14559, 99.99=30175] 
2020-02-19 13:28:36:575 1610 sec: 13863856 operations; 8827.1 current ops/sec; est completion in 9 hours 13 minutes [READ: Count=44290, Max=32799, Min=118, Avg=1775.09, 90=3019, 99=6791, 99.9=13359, 99.99=18191] [UPDATE: Count=43981, Max=32639, Min=160, Avg=1846.86, 90=3127, 99=7271, 99.9=14023, 99.99=20959] 
2020-02-19 13:28:46:575 1620 sec: 13953212 operations; 8935.6 current ops/sec; est completion in 9 hours 13 minutes [READ: Count=45054, Max=31711, Min=116, Avg=1760.31, 90=2943, 99=7803, 99.9=19519, 99.99=25375] [UPDATE: Count=44302, Max=31711, Min=165, Avg=1814.65, 90=3025, 99=7959, 99.9=17967, 99.99=24767] 
2020-02-19 13:28:56:575 1630 sec: 14041389 operations; 8817.7 current ops/sec; est completion in 9 hours 13 minutes [READ: Count=44249, Max=40703, Min=113, Avg=1786.2, 90=2999, 99=9135, 99.9=18655, 99.99=32959] [UPDATE: Count=43928, Max=33471, Min=159, Avg=1842.09, 90=3081, 99=9119, 99.9=19199, 99.99=29295] 
2020-02-19 13:29:06:575 1640 sec: 14133488 operations; 9209.9 current ops/sec; est completion in 9 hours 12 minutes [READ: Count=46201, Max=25919, Min=117, Avg=1707.75, 90=2887, 99=7575, 99.9=14087, 99.99=20431] [UPDATE: Count=45898, Max=26031, Min=147, Avg=1764.8, 90=2975, 99=8015, 99.9=13999, 99.99=20127] 
2020-02-19 13:29:16:575 1650 sec: 14220709 operations; 8722.1 current ops/sec; est completion in 9 hours 12 minutes [READ: Count=43590, Max=27391, Min=115, Avg=1799.81, 90=3071, 99=7199, 99.9=12847, 99.99=17263] [UPDATE: Count=43631, Max=29007, Min=155, Avg=1865.9, 90=3177, 99=7383, 99.9=12863, 99.99=17295] 
2020-02-19 13:29:26:575 1660 sec: 14304270 operations; 8356.1 current ops/sec; est completion in 9 hours 12 minutes [READ: Count=41979, Max=29631, Min=105, Avg=1885.86, 90=3199, 99=7855, 99.9=14039, 99.99=26271] [UPDATE: Count=41585, Max=29759, Min=145, Avg=1939.98, 90=3279, 99=8095, 99.9=15071, 99.99=27071] 
2020-02-19 13:29:36:575 1670 sec: 14390185 operations; 8591.5 current ops/sec; est completion in 9 hours 12 minutes [READ: Count=42990, Max=31087, Min=107, Avg=1825.56, 90=3079, 99=7555, 99.9=13399, 99.99=28639] [UPDATE: Count=42924, Max=31263, Min=144, Avg=1896.34, 90=3189, 99=7831, 99.9=13751, 99.99=30639] 
2020-02-19 13:29:46:575 1680 sec: 14481443 operations; 9125.8 current ops/sec; est completion in 9 hours 12 minutes [READ: Count=45437, Max=39231, Min=114, Avg=1716.24, 90=2961, 99=6979, 99.9=13919, 99.99=22015] [UPDATE: Count=45819, Max=38943, Min=147, Avg=1786.79, 90=3089, 99=7439, 99.9=13551, 99.99=20751] 
2020-02-19 13:29:56:575 1690 sec: 14570863 operations; 8942 current ops/sec; est completion in 9 hours 11 minutes [READ: Count=44901, Max=34111, Min=119, Avg=1754.52, 90=2997, 99=7159, 99.9=14303, 99.99=22319] [UPDATE: Count=44519, Max=29967, Min=161, Avg=1820.82, 90=3087, 99=7391, 99.9=14735, 99.99=24703] 
2020-02-19 13:30:06:575 1700 sec: 14659785 operations; 8892.2 current ops/sec; est completion in 9 hours 11 minutes [READ: Count=44458, Max=34975, Min=110, Avg=1767.8, 90=3067, 99=6983, 99.9=15495, 99.99=24447] [UPDATE: Count=44464, Max=24111, Min=156, Avg=1827.93, 90=3167, 99=7375, 99.9=15551, 99.99=23455] 
2020-02-19 13:30:16:575 1710 sec: 14747224 operations; 8743.9 current ops/sec; est completion in 9 hours 11 minutes [READ: Count=43548, Max=41247, Min=116, Avg=1804, 90=3201, 99=7743, 99.9=13503, 99.99=39999] [UPDATE: Count=43891, Max=41567, Min=155, Avg=1848.73, 90=3249, 99=7799, 99.9=14279, 99.99=40831] 
2020-02-19 13:30:26:575 1720 sec: 14834665 operations; 8744.1 current ops/sec; est completion in 9 hours 11 minutes [READ: Count=43831, Max=59007, Min=113, Avg=1802.59, 90=3025, 99=8807, 99.9=16831, 99.99=29567] [UPDATE: Count=43612, Max=49919, Min=143, Avg=1856.86, 90=3107, 99=8951, 99.9=15015, 99.99=30303] 
2020-02-19 13:30:36:575 1730 sec: 14924157 operations; 8949.2 current ops/sec; est completion in 9 hours 10 minutes [READ: Count=44627, Max=31551, Min=112, Avg=1758.94, 90=3087, 99=7487, 99.9=13815, 99.99=23439] [UPDATE: Count=44864, Max=31455, Min=148, Avg=1813.9, 90=3137, 99=7723, 99.9=14575, 99.99=24095] 
2020-02-19 13:30:46:575 1740 sec: 15013000 operations; 8884.3 current ops/sec; est completion in 9 hours 10 minutes [READ: Count=44483, Max=31311, Min=109, Avg=1770.67, 90=3127, 99=7215, 99.9=14559, 99.99=25135] [UPDATE: Count=44363, Max=31279, Min=148, Avg=1827.95, 90=3195, 99=7299, 99.9=15543, 99.99=28815] 
2020-02-19 13:30:56:575 1750 sec: 15100780 operations; 8778 current ops/sec; est completion in 9 hours 10 minutes [READ: Count=44149, Max=35487, Min=124, Avg=1781.13, 90=3155, 99=8535, 99.9=16159, 99.99=29263] [UPDATE: Count=43629, Max=35903, Min=153, Avg=1860.91, 90=3239, 99=9255, 99.9=19423, 99.99=32031] 
2020-02-19 13:31:06:575 1760 sec: 15189641 operations; 8886.1 current ops/sec; est completion in 9 hours 10 minutes [READ: Count=44634, Max=33247, Min=114, Avg=1763.66, 90=3157, 99=7351, 99.9=12655, 99.99=29951] [UPDATE: Count=44229, Max=34111, Min=147, Avg=1834.68, 90=3243, 99=7495, 99.9=12919, 99.99=32303] 
2020-02-19 13:31:16:575 1770 sec: 15275769 operations; 8612.8 current ops/sec; est completion in 9 hours 9 minutes [READ: Count=42741, Max=29039, Min=114, Avg=1823.09, 90=3199, 99=7663, 99.9=12663, 99.99=27983] [UPDATE: Count=43383, Max=31359, Min=154, Avg=1888.94, 90=3289, 99=7783, 99.9=12527, 99.99=29391] 
2020-02-19 13:31:26:575 1780 sec: 15358369 operations; 8260 current ops/sec; est completion in 9 hours 9 minutes [READ: Count=41261, Max=41855, Min=106, Avg=1911.83, 90=3431, 99=8407, 99.9=14607, 99.99=39583] [UPDATE: Count=41342, Max=42495, Min=148, Avg=1959.11, 90=3505, 99=8439, 99.9=14255, 99.99=22655] 
2020-02-19 13:31:36:575 1790 sec: 15443006 operations; 8463.7 current ops/sec; est completion in 9 hours 9 minutes [READ: Count=42301, Max=33663, Min=121, Avg=1845.89, 90=3151, 99=8311, 99.9=15631, 99.99=21583] [UPDATE: Count=42333, Max=37183, Min=139, Avg=1931.16, 90=3297, 99=8599, 99.9=16207, 99.99=33215] 
2020-02-19 13:31:46:575 1800 sec: 15531772 operations; 8876.6 current ops/sec; est completion in 9 hours 9 minutes [READ: Count=44104, Max=30383, Min=111, Avg=1770.6, 90=3103, 99=7375, 99.9=15231, 99.99=24031] [UPDATE: Count=44669, Max=28751, Min=149, Avg=1831.02, 90=3177, 99=7707, 99.9=15031, 99.99=25599] 
2020-02-19 13:31:56:575 1810 sec: 15620685 operations; 8891.3 current ops/sec; est completion in 9 hours 9 minutes [READ: Count=44404, Max=37855, Min=109, Avg=1771.16, 90=3103, 99=7355, 99.9=13271, 99.99=21503] [UPDATE: Count=44505, Max=37631, Min=145, Avg=1824.04, 90=3161, 99=7323, 99.9=13111, 99.99=20959] 
2020-02-19 13:32:06:575 1820 sec: 15708322 operations; 8763.7 current ops/sec; est completion in 9 hours 8 minutes [READ: Count=43907, Max=28479, Min=109, Avg=1792.34, 90=3123, 99=7835, 99.9=13287, 99.99=22943] [UPDATE: Count=43728, Max=28703, Min=153, Avg=1855.91, 90=3193, 99=7927, 99.9=14335, 99.99=28191] 
2020-02-19 13:32:16:575 1830 sec: 15792318 operations; 8399.6 current ops/sec; est completion in 9 hours 8 minutes [READ: Count=42113, Max=35839, Min=119, Avg=1871.04, 90=3163, 99=7899, 99.9=18527, 99.99=31919] [UPDATE: Count=41889, Max=32895, Min=152, Avg=1936.01, 90=3297, 99=7903, 99.9=18415, 99.99=31103] 
2020-02-19 13:32:26:575 1840 sec: 15879341 operations; 8702.3 current ops/sec; est completion in 9 hours 8 minutes [READ: Count=43596, Max=39231, Min=118, Avg=1815.35, 90=3107, 99=7675, 99.9=14111, 99.99=25119] [UPDATE: Count=43422, Max=39199, Min=166, Avg=1858.41, 90=3155, 99=7607, 99.9=14135, 99.99=25231] 
2020-02-19 13:32:36:575 1850 sec: 15963253 operations; 8391.2 current ops/sec; est completion in 9 hours 8 minutes [READ: Count=42183, Max=32527, Min=120, Avg=1884.47, 90=3201, 99=8367, 99.9=16543, 99.99=31183] [UPDATE: Count=41728, Max=34143, Min=148, Avg=1925.5, 90=3255, 99=8303, 99.9=15871, 99.99=31583] 
2020-02-19 13:32:46:575 1860 sec: 16051887 operations; 8863.4 current ops/sec; est completion in 9 hours 8 minutes [READ: Count=44420, Max=25871, Min=109, Avg=1781.47, 90=3075, 99=7839, 99.9=12743, 99.99=24543] [UPDATE: Count=44214, Max=25903, Min=150, Avg=1825.06, 90=3123, 99=7559, 99.9=12863, 99.99=16495] 
2020-02-19 13:32:56:575 1870 sec: 16141810 operations; 8992.3 current ops/sec; est completion in 9 hours 8 minutes [READ: Count=44636, Max=38207, Min=107, Avg=1761.87, 90=3063, 99=7559, 99.9=14679, 99.99=28143] [UPDATE: Count=45291, Max=38239, Min=156, Avg=1793.92, 90=3125, 99=7263, 99.9=13503, 99.99=23983] 
2020-02-19 13:33:06:575 1880 sec: 16228458 operations; 8664.8 current ops/sec; est completion in 9 hours 7 minutes [READ: Count=42974, Max=25359, Min=117, Avg=1810.09, 90=3191, 99=7611, 99.9=13903, 99.99=20543] [UPDATE: Count=43673, Max=25343, Min=147, Avg=1877.55, 90=3299, 99=7935, 99.9=14207, 99.99=23679] 
2020-02-19 13:33:16:575 1890 sec: 16315059 operations; 8660.1 current ops/sec; est completion in 9 hours 7 minutes [READ: Count=43182, Max=28223, Min=111, Avg=1821.08, 90=3083, 99=7991, 99.9=14119, 99.99=22063] [UPDATE: Count=43419, Max=26063, Min=174, Avg=1872.42, 90=3161, 99=8047, 99.9=14215, 99.99=18463] 
2020-02-19 13:33:26:575 1900 sec: 16399207 operations; 8414.8 current ops/sec; est completion in 9 hours 7 minutes [READ: Count=42230, Max=34591, Min=113, Avg=1866.61, 90=3315, 99=8407, 99.9=14527, 99.99=32607] [UPDATE: Count=41914, Max=35007, Min=151, Avg=1933.03, 90=3399, 99=8679, 99.9=17391, 99.99=33823] 
2020-02-19 13:33:36:575 1910 sec: 16482903 operations; 8369.6 current ops/sec; est completion in 9 hours 7 minutes [READ: Count=42074, Max=68287, Min=110, Avg=1892.56, 90=3257, 99=8147, 99.9=13567, 99.99=67327] [UPDATE: Count=41630, Max=68415, Min=141, Avg=1927.87, 90=3271, 99=8439, 99.9=14759, 99.99=67071] 
2020-02-19 13:33:46:575 1920 sec: 16569466 operations; 8656.3 current ops/sec; est completion in 9 hours 7 minutes [READ: Count=43422, Max=33791, Min=108, Avg=1820.13, 90=3269, 99=7979, 99.9=12927, 99.99=25679] [UPDATE: Count=43133, Max=34591, Min=155, Avg=1871.43, 90=3331, 99=7939, 99.9=13423, 99.99=23535] 
2020-02-19 13:33:56:575 1930 sec: 16657339 operations; 8787.3 current ops/sec; est completion in 9 hours 7 minutes [READ: Count=44003, Max=27663, Min=107, Avg=1791, 90=3145, 99=7447, 99.9=13295, 99.99=26303] [UPDATE: Count=43874, Max=27311, Min=143, Avg=1849.41, 90=3199, 99=7531, 99.9=14927, 99.99=25359] 
2020-02-19 13:34:06:575 1940 sec: 16742615 operations; 8527.6 current ops/sec; est completion in 9 hours 7 minutes [READ: Count=42744, Max=46591, Min=117, Avg=1854.87, 90=3247, 99=7703, 99.9=14471, 99.99=36351] [UPDATE: Count=42528, Max=45183, Min=163, Avg=1892.88, 90=3299, 99=7623, 99.9=14855, 99.99=29167] 
2020-02-19 13:34:16:575 1950 sec: 16828902 operations; 8628.7 current ops/sec; est completion in 9 hours 6 minutes [READ: Count=43250, Max=32559, Min=112, Avg=1822.04, 90=3123, 99=7599, 99.9=13447, 99.99=19503] [UPDATE: Count=43037, Max=32431, Min=140, Avg=1883.5, 90=3213, 99=8027, 99.9=13719, 99.99=18815] 
2020-02-19 13:34:26:575 1960 sec: 16914271 operations; 8536.9 current ops/sec; est completion in 9 hours 6 minutes [READ: Count=42809, Max=31871, Min=107, Avg=1851.97, 90=3177, 99=8287, 99.9=17599, 99.99=29311] [UPDATE: Count=42562, Max=31471, Min=139, Avg=1892.45, 90=3229, 99=7911, 99.9=15991, 99.99=25583] 
